Built target ament_cmake_python_copy_r2d2
running egg_info
writing r2d2.egg-info/PKG-INFO
writing dependency_links to r2d2.egg-info/dependency_links.txt
writing top-level names to r2d2.egg-info/top_level.txt
reading manifest file 'r2d2.egg-info/SOURCES.txt'
writing manifest file 'r2d2.egg-info/SOURCES.txt'
Built target ament_cmake_python_build_r2d2_egg
-- Install configuration: ""
-- Up-to-date: /home/lidar/lidar/install/r2d2/share/r2d2/config
-- Up-to-date: /home/lidar/lidar/install/r2d2/share/r2d2/config/realsense_config.json
-- Up-to-date: /home/lidar/lidar/install/r2d2/share/r2d2/config/atirobotbase.yaml
-- Up-to-date: /home/lidar/lidar/install/r2d2/share/r2d2/config/realsense-jo.json
-- Up-to-date: /home/lidar/lidar/install/r2d2/share/r2d2/config/mentes.json
-- Up-to-date: /home/lidar/lidar/install/r2d2/share/r2d2/config/filter_right.yaml
-- Up-to-date: /home/lidar/lidar/install/r2d2/share/r2d2/config/ekfultimate2.yaml
-- Up-to-date: /home/lidar/lidar/install/r2d2/share/r2d2/config/filter_left.yaml
-- Up-to-date: /home/lidar/lidar/install/r2d2/share/r2d2/config/.history
-- Up-to-date: /home/lidar/lidar/install/r2d2/share/r2d2/config/.history/realsense_config_20240419140425.json
-- Up-to-date: /home/lidar/lidar/install/r2d2/share/r2d2/config/.history/realsense_config_20240419125117.json
-- Up-to-date: /home/lidar/lidar/install/r2d2/share/r2d2/config/.history/realsense_config_20240419131733.json
-- Up-to-date: /home/lidar/lidar/install/r2d2/share/r2d2/config/.history/realsense_config_20240419131656.json
-- Up-to-date: /home/lidar/lidar/install/r2d2/share/r2d2/config/.history/realsense_config_20240419125304.json
-- Up-to-date: /home/lidar/lidar/install/r2d2/share/r2d2/config/.history/realsense_config_20240419140424.json
-- Up-to-date: /home/lidar/lidar/install/r2d2/share/r2d2/config/.history/realsense_config_20240419125303.json
-- Up-to-date: /home/lidar/lidar/install/r2d2/share/r2d2/config/.history/realsense_config_20240419125252.json
-- Up-to-date: /home/lidar/lidar/install/r2d2/share/r2d2/config/.history/realsense_config_20240419125047.json
-- Up-to-date: /home/lidar/lidar/install/r2d2/share/r2d2/config/.history/realsense_config_20240419131509.json
-- Up-to-date: /home/lidar/lidar/install/r2d2/share/r2d2/config/ekfultimate3.yaml
-- Up-to-date: /home/lidar/lidar/install/r2d2/share/r2d2/config/realsense-default.json
-- Up-to-date: /home/lidar/lidar/install/r2d2/share/r2d2/config/file.txt
-- Up-to-date: /home/lidar/lidar/install/r2d2/share/r2d2/config/ekfultimate.yaml
-- Up-to-date: /home/lidar/lidar/install/r2d2/share/r2d2/launch
-- Up-to-date: /home/lidar/lidar/install/r2d2/share/r2d2/launch/nav2.py
-- Up-to-date: /home/lidar/lidar/install/r2d2/share/r2d2/launch/mergeros2.cpp
-- Up-to-date: /home/lidar/lidar/install/r2d2/share/r2d2/launch/slamv2.py
-- Up-to-date: /home/lidar/lidar/install/r2d2/share/r2d2/launch/mlauncher.py
-- Up-to-date: /home/lidar/lidar/install/r2d2/share/r2d2/launch/simulation.py
-- Up-to-date: /home/lidar/lidar/install/r2d2/share/r2d2/launch/gazebo.launch
-- Up-to-date: /home/lidar/lidar/install/r2d2/share/r2d2/launch/launcher.py
-- Up-to-date: /home/lidar/lidar/install/r2d2/share/r2d2/launch/robotlocalization2.py
-- Up-to-date: /home/lidar/lidar/install/r2d2/share/r2d2/launch/atibotlaunchv2.py
-- Up-to-date: /home/lidar/lidar/install/r2d2/share/r2d2/launch/mentes.py
-- Up-to-date: /home/lidar/lidar/install/r2d2/share/r2d2/launch/alexkamera.py
-- Up-to-date: /home/lidar/lidar/install/r2d2/share/r2d2/launch/slam.py
-- Up-to-date: /home/lidar/lidar/install/r2d2/share/r2d2/launch/atibottest.py
-- Up-to-date: /home/lidar/lidar/install/r2d2/share/r2d2/launch/.history
-- Up-to-date: /home/lidar/lidar/install/r2d2/share/r2d2/launch/.history/mlauncher_20240702101123.py
-- Up-to-date: /home/lidar/lidar/install/r2d2/share/r2d2/launch/.history/mlauncher_20240702100919.py
-- Up-to-date: /home/lidar/lidar/install/r2d2/share/r2d2/launch/.history/launcher_20240613095539.py
-- Up-to-date: /home/lidar/lidar/install/r2d2/share/r2d2/launch/.history/mlauncher_20240702101207.py
-- Up-to-date: /home/lidar/lidar/install/r2d2/share/r2d2/launch/.history/mlauncher_20240702101122.py
-- Up-to-date: /home/lidar/lidar/install/r2d2/share/r2d2/launch/.history/mlauncher_20240702101018.py
-- Up-to-date: /home/lidar/lidar/install/r2d2/share/r2d2/launch/.history/mlauncher_20240702101208.py
-- Up-to-date: /home/lidar/lidar/install/r2d2/share/r2d2/launch/launcg
-- Up-to-date: /home/lidar/lidar/install/r2d2/share/r2d2/launch/display.launch
-- Up-to-date: /home/lidar/lidar/install/r2d2/share/r2d2/launch/launchermentesmukodo.py
-- Up-to-date: /home/lidar/lidar/install/r2d2/share/r2d2/launch/CUDAELOTTISZAR.py
-- Up-to-date: /home/lidar/lidar/install/r2d2/share/r2d2/launch/atibotlaunch.py
-- Up-to-date: /home/lidar/lidar/install/r2d2/share/r2d2/launch/nav2launch.py
-- Up-to-date: /home/lidar/lidar/install/r2d2/share/r2d2/launch/merge.py
-- Up-to-date: /home/lidar/lidar/install/r2d2/share/r2d2/launch/atibot_nav2_v1.py
-- Up-to-date: /home/lidar/lidar/install/r2d2/share/r2d2/launch/test.py
-- Up-to-date: /home/lidar/lidar/install/r2d2/share/r2d2/launch/map_saver.py
-- Up-to-date: /home/lidar/lidar/install/r2d2/share/r2d2/launch/robotlocalization.py
-- Up-to-date: /home/lidar/lidar/install/r2d2/share/r2d2/launch/atibotslam.py
-- Up-to-date: /home/lidar/lidar/install/r2d2/share/r2d2/launch/camera.py
-- Up-to-date: /home/lidar/lidar/install/r2d2/share/r2d2/launch/basic_launch_nav2_v2.py
-- Up-to-date: /home/lidar/lidar/install/r2d2/share/r2d2/launch/robotstate.py
-- Up-to-date: /home/lidar/lidar/install/r2d2/share/r2d2/launch/lidar.py
-- Up-to-date: /home/lidar/lidar/install/r2d2/share/r2d2/launch/launchcam.py
-- Up-to-date: /home/lidar/lidar/install/r2d2/share/r2d2/launch/slamv3d.py
-- Up-to-date: /home/lidar/lidar/install/r2d2/share/r2d2/launch/slamv3.py
-- Up-to-date: /home/lidar/lidar/install/r2d2/share/r2d2/launch/realsense_launch.py
-- Up-to-date: /home/lidar/lidar/install/r2d2/share/r2d2/launch/localization.py
-- Up-to-date: /home/lidar/lidar/install/r2d2/share/r2d2/launch/hoverboard_launch.py
-- Installing: /home/lidar/lidar/install/r2d2/share/r2d2/launch/lidartest.py
-- Up-to-date: /home/lidar/lidar/install/r2d2/share/r2d2/meshes
-- Up-to-date: /home/lidar/lidar/install/r2d2/share/r2d2/meshes/d435.dae
-- Up-to-date: /home/lidar/lidar/install/r2d2/share/r2d2/meshes/robotbase.stl
-- Up-to-date: /home/lidar/lidar/install/r2d2/share/r2d2/meshes/drivewhl_r_link.STL
-- Up-to-date: /home/lidar/lidar/install/r2d2/share/r2d2/meshes/d415.stl
-- Up-to-date: /home/lidar/lidar/install/r2d2/share/r2d2/meshes/drivewhl_l_link.STL
-- Up-to-date: /home/lidar/lidar/install/r2d2/share/r2d2/urdf
-- Up-to-date: /home/lidar/lidar/install/r2d2/share/r2d2/urdf/atirobotbase.urdf
-- Up-to-date: /home/lidar/lidar/install/r2d2/share/r2d2/urdf/_materials.urdf.xacro
-- Up-to-date: /home/lidar/lidar/install/r2d2/share/r2d2/urdf/atirobotbase copy.urdf
-- Up-to-date: /home/lidar/lidar/install/r2d2/share/r2d2/urdf/atirobotbase copy 2.urdf
-- Up-to-date: /home/lidar/lidar/install/r2d2/share/r2d2/urdf/_d435.urdf.xacro
-- Up-to-date: /home/lidar/lidar/install/r2d2/share/r2d2/models
-- Up-to-date: /home/lidar/lidar/install/r2d2/share/r2d2/models/r2d2.urdf
-- Up-to-date: /home/lidar/lidar/install/r2d2/share/r2d2/models/normalis.urdf
-- Up-to-date: /home/lidar/lidar/install/r2d2/share/r2d2/models/ati_bot_description
-- Up-to-date: /home/lidar/lidar/install/r2d2/share/r2d2/models/ati_bot_description/model_v3.sdf
-- Up-to-date: /home/lidar/lidar/install/r2d2/share/r2d2/models/ati_bot_description/model_v2.sdf
-- Up-to-date: /home/lidar/lidar/install/r2d2/share/r2d2/models/ati_bot_description/newmodel.sdf
-- Up-to-date: /home/lidar/lidar/install/r2d2/share/r2d2/models/ati_bot_description/model.config
-- Up-to-date: /home/lidar/lidar/install/r2d2/share/r2d2/models/ati_bot_description/model.sdf
-- Up-to-date: /home/lidar/lidar/install/r2d2/share/r2d2/models/ati_bot_description/meshes
-- Up-to-date: /home/lidar/lidar/install/r2d2/share/r2d2/models/ati_bot_description/meshes/robotbase.stl
-- Up-to-date: /home/lidar/lidar/install/r2d2/share/r2d2/models/ati_bot_description/meshes/base_link.stl
-- Up-to-date: /home/lidar/lidar/install/r2d2/share/r2d2/models/ati_bot_description/meshes/linkLeft_link.STL
-- Up-to-date: /home/lidar/lidar/install/r2d2/share/r2d2/models/ati_bot_description/meshes/wrist.stl
-- Up-to-date: /home/lidar/lidar/install/r2d2/share/r2d2/models/ati_bot_description/meshes/linkRight_link.STL
-- Up-to-date: /home/lidar/lidar/install/r2d2/share/r2d2/models/ati_bot_description/meshes/elbow.stl
-- Up-to-date: /home/lidar/lidar/install/r2d2/share/r2d2/models/ati_bot_description/meshes/bicep.stl
-- Up-to-date: /home/lidar/lidar/install/r2d2/share/r2d2/models/ati_bot_description/meshes/arm_base.stl
-- Up-to-date: /home/lidar/lidar/install/r2d2/share/r2d2/models/ati_bot_description/meshes/robot_base.stl
-- Up-to-date: /home/lidar/lidar/install/r2d2/share/r2d2/models/ati_bot_description/meshes/wheel.stl
-- Up-to-date: /home/lidar/lidar/install/r2d2/share/r2d2/models/conveyor
-- Up-to-date: /home/lidar/lidar/install/r2d2/share/r2d2/models/conveyor/model(1).sdf
-- Up-to-date: /home/lidar/lidar/install/r2d2/share/r2d2/models/conveyor/model(2).sdf
-- Up-to-date: /home/lidar/lidar/install/r2d2/share/r2d2/models/conveyor/model(2).config
-- Up-to-date: /home/lidar/lidar/install/r2d2/share/r2d2/models/conveyor/model(1).config
-- Up-to-date: /home/lidar/lidar/install/r2d2/share/r2d2/models/conveyor/model.config
-- Up-to-date: /home/lidar/lidar/install/r2d2/share/r2d2/models/conveyor/model.sdf
-- Up-to-date: /home/lidar/lidar/install/r2d2/share/r2d2/models/conveyor/meshes
-- Up-to-date: /home/lidar/lidar/install/r2d2/share/r2d2/models/conveyor/meshes/conveyor(1).obj
-- Up-to-date: /home/lidar/lidar/install/r2d2/share/r2d2/models/conveyor/meshes/conveyor2.dae
-- Up-to-date: /home/lidar/lidar/install/r2d2/share/r2d2/models/conveyor/meshes/conveyor(2).dae
-- Up-to-date: /home/lidar/lidar/install/r2d2/share/r2d2/models/conveyor/meshes/conveyor(2).obj
-- Up-to-date: /home/lidar/lidar/install/r2d2/share/r2d2/models/conveyor/meshes/conveyor(1).dae
-- Up-to-date: /home/lidar/lidar/install/r2d2/share/r2d2/models/conveyor/meshes/conveyor2(2).dae
-- Up-to-date: /home/lidar/lidar/install/r2d2/share/r2d2/models/conveyor/meshes/conveyor.dae
-- Up-to-date: /home/lidar/lidar/install/r2d2/share/r2d2/models/conveyor/meshes/conveyor.obj
-- Up-to-date: /home/lidar/lidar/install/r2d2/share/r2d2/models/conveyor/meshes/conveyor2(1).dae
-- Up-to-date: /home/lidar/lidar/install/r2d2/share/r2d2/models/vikirobot.urdf
-- Up-to-date: /home/lidar/lidar/install/r2d2/share/r2d2/models/r2d2mentes..urdf
-- Up-to-date: /home/lidar/lidar/install/r2d2/share/r2d2/models/atirobotbase.urdf
-- Up-to-date: /home/lidar/lidar/install/r2d2/share/r2d2/models/_materials.urdf.xacro
-- Up-to-date: /home/lidar/lidar/install/r2d2/share/r2d2/models/charging_dock
-- Up-to-date: /home/lidar/lidar/install/r2d2/share/r2d2/models/charging_dock/model.sdf~
-- Up-to-date: /home/lidar/lidar/install/r2d2/share/r2d2/models/charging_dock/materials
-- Up-to-date: /home/lidar/lidar/install/r2d2/share/r2d2/models/charging_dock/materials/textures
-- Up-to-date: /home/lidar/lidar/install/r2d2/share/r2d2/models/charging_dock/materials/textures/BKP_Marker0.png
-- Up-to-date: /home/lidar/lidar/install/r2d2/share/r2d2/models/charging_dock/materials/textures/Marker0.png
-- Up-to-date: /home/lidar/lidar/install/r2d2/share/r2d2/models/charging_dock/model-1_4.sdf~
-- Up-to-date: /home/lidar/lidar/install/r2d2/share/r2d2/models/charging_dock/model.config~.xml
-- Up-to-date: /home/lidar/lidar/install/r2d2/share/r2d2/models/charging_dock/model-1_5.sdf~
-- Up-to-date: /home/lidar/lidar/install/r2d2/share/r2d2/models/charging_dock/model.config
-- Up-to-date: /home/lidar/lidar/install/r2d2/share/r2d2/models/charging_dock/model.sdf
-- Up-to-date: /home/lidar/lidar/install/r2d2/share/r2d2/models/charging_dock/meshes
-- Up-to-date: /home/lidar/lidar/install/r2d2/share/r2d2/models/charging_dock/meshes/Marker0.dae
-- Up-to-date: /home/lidar/lidar/install/r2d2/share/r2d2/models/workcell
-- Up-to-date: /home/lidar/lidar/install/r2d2/share/r2d2/models/workcell/materials
-- Up-to-date: /home/lidar/lidar/install/r2d2/share/r2d2/models/workcell/materials/textures
-- Up-to-date: /home/lidar/lidar/install/r2d2/share/r2d2/models/workcell/materials/textures/RollupDoor.png
-- Up-to-date: /home/lidar/lidar/install/r2d2/share/r2d2/models/workcell/materials/textures/Bin(1).png
-- Up-to-date: /home/lidar/lidar/install/r2d2/share/r2d2/models/workcell/materials/textures/Shelves(1).png
-- Up-to-date: /home/lidar/lidar/install/r2d2/share/r2d2/models/workcell/materials/textures/Wall_Corrugated.png
-- Up-to-date: /home/lidar/lidar/install/r2d2/share/r2d2/models/workcell/materials/textures/Yellow(1).png
-- Up-to-date: /home/lidar/lidar/install/r2d2/share/r2d2/models/workcell/materials/textures/Plywood(2).png
-- Up-to-date: /home/lidar/lidar/install/r2d2/share/r2d2/models/workcell/materials/textures/Pillar.png
-- Up-to-date: /home/lidar/lidar/install/r2d2/share/r2d2/models/workcell/materials/textures/ControlPanel.png
-- Up-to-date: /home/lidar/lidar/install/r2d2/share/r2d2/models/workcell/materials/textures/RubberMat(1).png
-- Up-to-date: /home/lidar/lidar/install/r2d2/share/r2d2/models/workcell/materials/textures/Yellow.png
-- Up-to-date: /home/lidar/lidar/install/r2d2/share/r2d2/models/workcell/materials/textures/RollupDoor(2).png
-- Up-to-date: /home/lidar/lidar/install/r2d2/share/r2d2/models/workcell/materials/textures/Wall_Concrete(2).png
-- Up-to-date: /home/lidar/lidar/install/r2d2/share/r2d2/models/workcell/materials/textures/Conveyor.png
-- Up-to-date: /home/lidar/lidar/install/r2d2/share/r2d2/models/workcell/materials/textures/PalletWrap(1).png
-- Up-to-date: /home/lidar/lidar/install/r2d2/share/r2d2/models/workcell/materials/textures/Yellow(2).png
-- Up-to-date: /home/lidar/lidar/install/r2d2/share/r2d2/models/workcell/materials/textures/Wall_Concrete(1).png
-- Up-to-date: /home/lidar/lidar/install/r2d2/share/r2d2/models/workcell/materials/textures/Pallet(2).png
-- Up-to-date: /home/lidar/lidar/install/r2d2/share/r2d2/models/workcell/materials/textures/RubberMat.png
-- Up-to-date: /home/lidar/lidar/install/r2d2/share/r2d2/models/workcell/materials/textures/Door_Window.png
-- Up-to-date: /home/lidar/lidar/install/r2d2/share/r2d2/models/workcell/materials/textures/Floor(1).png
-- Up-to-date: /home/lidar/lidar/install/r2d2/share/r2d2/models/workcell/materials/textures/Bin(2).png
-- Up-to-date: /home/lidar/lidar/install/r2d2/share/r2d2/models/workcell/materials/textures/CardboardBoxes(2).png
-- Up-to-date: /home/lidar/lidar/install/r2d2/share/r2d2/models/workcell/materials/textures/CardboardBoxes(1).png
-- Up-to-date: /home/lidar/lidar/install/r2d2/share/r2d2/models/workcell/materials/textures/Floor.png
-- Up-to-date: /home/lidar/lidar/install/r2d2/share/r2d2/models/workcell/materials/textures/PalletWrap(2).png
-- Up-to-date: /home/lidar/lidar/install/r2d2/share/r2d2/models/workcell/materials/textures/Floor(2).png
-- Up-to-date: /home/lidar/lidar/install/r2d2/share/r2d2/models/workcell/materials/textures/RubberMat(2).png
-- Up-to-date: /home/lidar/lidar/install/r2d2/share/r2d2/models/workcell/materials/textures/Door_Window(2).png
-- Up-to-date: /home/lidar/lidar/install/r2d2/share/r2d2/models/workcell/materials/textures/Mesh(1).png
-- Up-to-date: /home/lidar/lidar/install/r2d2/share/r2d2/models/workcell/materials/textures/Wall_Concrete.png
-- Up-to-date: /home/lidar/lidar/install/r2d2/share/r2d2/models/workcell/materials/textures/Bin.png
-- Up-to-date: /home/lidar/lidar/install/r2d2/share/r2d2/models/workcell/materials/textures/CardboardBoxes.png
-- Up-to-date: /home/lidar/lidar/install/r2d2/share/r2d2/models/workcell/materials/textures/ControlPanel(2).png
-- Up-to-date: /home/lidar/lidar/install/r2d2/share/r2d2/models/workcell/materials/textures/PalletWrap.png
-- Up-to-date: /home/lidar/lidar/install/r2d2/share/r2d2/models/workcell/materials/textures/Pillar(2).png
-- Up-to-date: /home/lidar/lidar/install/r2d2/share/r2d2/models/workcell/materials/textures/WorkCell_Render(2).png
-- Up-to-date: /home/lidar/lidar/install/r2d2/share/r2d2/models/workcell/materials/textures/WorkCell_Render.png
-- Up-to-date: /home/lidar/lidar/install/r2d2/share/r2d2/models/workcell/materials/textures/Plywood(1).png
-- Up-to-date: /home/lidar/lidar/install/r2d2/share/r2d2/models/workcell/materials/textures/Plywood.png
-- Up-to-date: /home/lidar/lidar/install/r2d2/share/r2d2/models/workcell/materials/textures/Wall_Corrugated(2).png
-- Up-to-date: /home/lidar/lidar/install/r2d2/share/r2d2/models/workcell/materials/textures/ControlPanel(1).png
-- Up-to-date: /home/lidar/lidar/install/r2d2/share/r2d2/models/workcell/materials/textures/Stairs(1).png
-- Up-to-date: /home/lidar/lidar/install/r2d2/share/r2d2/models/workcell/materials/textures/Pallet(1).png
-- Up-to-date: /home/lidar/lidar/install/r2d2/share/r2d2/models/workcell/materials/textures/Shelves.png
-- Up-to-date: /home/lidar/lidar/install/r2d2/share/r2d2/models/workcell/materials/textures/Stairs(2).png
-- Up-to-date: /home/lidar/lidar/install/r2d2/share/r2d2/models/workcell/materials/textures/Conveyor(1).png
-- Up-to-date: /home/lidar/lidar/install/r2d2/share/r2d2/models/workcell/materials/textures/Conveyor(2).png
-- Up-to-date: /home/lidar/lidar/install/r2d2/share/r2d2/models/workcell/materials/textures/Mesh.png
-- Up-to-date: /home/lidar/lidar/install/r2d2/share/r2d2/models/workcell/materials/textures/Pillar(1).png
-- Up-to-date: /home/lidar/lidar/install/r2d2/share/r2d2/models/workcell/materials/textures/Stairs.png
-- Up-to-date: /home/lidar/lidar/install/r2d2/share/r2d2/models/workcell/materials/textures/Shelves(2).png
-- Up-to-date: /home/lidar/lidar/install/r2d2/share/r2d2/models/workcell/materials/textures/Mesh(2).png
-- Up-to-date: /home/lidar/lidar/install/r2d2/share/r2d2/models/workcell/materials/textures/RollupDoor(1).png
-- Up-to-date: /home/lidar/lidar/install/r2d2/share/r2d2/models/workcell/materials/textures/Pallet.png
-- Up-to-date: /home/lidar/lidar/install/r2d2/share/r2d2/models/workcell/materials/textures/Wall_Corrugated(1).png
-- Up-to-date: /home/lidar/lidar/install/r2d2/share/r2d2/models/workcell/materials/textures/WorkCell_Render(1).png
-- Up-to-date: /home/lidar/lidar/install/r2d2/share/r2d2/models/workcell/materials/textures/Door_Window(1).png
-- Up-to-date: /home/lidar/lidar/install/r2d2/share/r2d2/models/workcell/model(1).sdf
-- Up-to-date: /home/lidar/lidar/install/r2d2/share/r2d2/models/workcell/model(2).sdf
-- Up-to-date: /home/lidar/lidar/install/r2d2/share/r2d2/models/workcell/model(2).config
-- Up-to-date: /home/lidar/lidar/install/r2d2/share/r2d2/models/workcell/model(1).config
-- Up-to-date: /home/lidar/lidar/install/r2d2/share/r2d2/models/workcell/model.config
-- Up-to-date: /home/lidar/lidar/install/r2d2/share/r2d2/models/workcell/model.sdf
-- Up-to-date: /home/lidar/lidar/install/r2d2/share/r2d2/models/workcell/meshes
-- Up-to-date: /home/lidar/lidar/install/r2d2/share/r2d2/models/workcell/meshes/mesh.dae
-- Up-to-date: /home/lidar/lidar/install/r2d2/share/r2d2/models/workcell/meshes/mesh(1).dae
-- Up-to-date: /home/lidar/lidar/install/r2d2/share/r2d2/models/workcell/meshes/mesh_backup(2).dae
-- Up-to-date: /home/lidar/lidar/install/r2d2/share/r2d2/models/workcell/meshes/mesh_backup.dae
-- Up-to-date: /home/lidar/lidar/install/r2d2/share/r2d2/models/workcell/meshes/mesh_backup(1).dae
-- Up-to-date: /home/lidar/lidar/install/r2d2/share/r2d2/models/workcell/meshes/mesh(2).dae
-- Up-to-date: /home/lidar/lidar/install/r2d2/share/r2d2/models/workcell_bin
-- Up-to-date: /home/lidar/lidar/install/r2d2/share/r2d2/models/workcell_bin/materials
-- Up-to-date: /home/lidar/lidar/install/r2d2/share/r2d2/models/workcell_bin/materials/textures
-- Up-to-date: /home/lidar/lidar/install/r2d2/share/r2d2/models/workcell_bin/materials/textures/bin(2).png
-- Up-to-date: /home/lidar/lidar/install/r2d2/share/r2d2/models/workcell_bin/materials/textures/bin.png
-- Up-to-date: /home/lidar/lidar/install/r2d2/share/r2d2/models/workcell_bin/materials/textures/bin(1).png
-- Up-to-date: /home/lidar/lidar/install/r2d2/share/r2d2/models/workcell_bin/model(1).sdf
-- Up-to-date: /home/lidar/lidar/install/r2d2/share/r2d2/models/workcell_bin/model(2).sdf
-- Up-to-date: /home/lidar/lidar/install/r2d2/share/r2d2/models/workcell_bin/model(2).config
-- Up-to-date: /home/lidar/lidar/install/r2d2/share/r2d2/models/workcell_bin/model(1).config
-- Up-to-date: /home/lidar/lidar/install/r2d2/share/r2d2/models/workcell_bin/model.config
-- Up-to-date: /home/lidar/lidar/install/r2d2/share/r2d2/models/workcell_bin/model.sdf
-- Up-to-date: /home/lidar/lidar/install/r2d2/share/r2d2/models/workcell_bin/meshes
-- Up-to-date: /home/lidar/lidar/install/r2d2/share/r2d2/models/workcell_bin/meshes/bin(2).dae
-- Up-to-date: /home/lidar/lidar/install/r2d2/share/r2d2/models/workcell_bin/meshes/bin(1).dae
-- Up-to-date: /home/lidar/lidar/install/r2d2/share/r2d2/models/workcell_bin/meshes/bin.dae
-- Up-to-date: /home/lidar/lidar/install/r2d2/share/r2d2/models/_d435i.urdf.xacro
-- Up-to-date: /home/lidar/lidar/install/r2d2/share/r2d2/models/penteknemelbaszotturdf.urdf
-- Up-to-date: /home/lidar/lidar/install/r2d2/share/r2d2/models/vikirobot
-- Up-to-date: /home/lidar/lidar/install/r2d2/share/r2d2/models/vikirobot/model.sdf
-- Up-to-date: /home/lidar/lidar/install/r2d2/share/r2d2/models/_d435.urdf.xacro
-- Up-to-date: /home/lidar/lidar/install/r2d2/share/r2d2/rviz
-- Up-to-date: /home/lidar/lidar/install/r2d2/share/r2d2/rviz/slamwithrealsense4.rviz
-- Installing: /home/lidar/lidar/install/r2d2/share/r2d2/rviz/slamwithrealsenselidar.rviz
-- Up-to-date: /home/lidar/lidar/install/r2d2/share/r2d2/rviz/inventory_world
-- Up-to-date: /home/lidar/lidar/install/r2d2/share/r2d2/rviz/inventory_world/nav2_config.rviz
-- Up-to-date: /home/lidar/lidar/install/r2d2/share/r2d2/rviz/slamwithrealsense3.rviz
-- Up-to-date: /home/lidar/lidar/install/r2d2/share/r2d2/rviz/slamwithrealsense2.rviz
-- Up-to-date: /home/lidar/lidar/install/r2d2/share/r2d2/rviz/minta.rviz
-- Up-to-date: /home/lidar/lidar/install/r2d2/share/r2d2/rviz/new_test.rviz
-- Up-to-date: /home/lidar/lidar/install/r2d2/share/r2d2/rviz/nav2_configwithrealsense.rviz
-- Up-to-date: /home/lidar/lidar/install/r2d2/share/r2d2/rviz/slamwithrealsense.rviz
-- Up-to-date: /home/lidar/lidar/install/r2d2/share/r2d2/rviz/nav2_config4.rviz
-- Up-to-date: /home/lidar/lidar/install/r2d2/share/r2d2/rviz/mentes.rviz
-- Up-to-date: /home/lidar/lidar/install/r2d2/share/r2d2/rviz/nav2_config3.rviz
-- Up-to-date: /home/lidar/lidar/install/r2d2/share/r2d2/rviz/nav2_config5.rviz
-- Up-to-date: /home/lidar/lidar/install/r2d2/share/r2d2/rviz/alex.rviz
-- Up-to-date: /home/lidar/lidar/install/r2d2/share/r2d2/rviz/urdf_config.rviz
-- Up-to-date: /home/lidar/lidar/install/r2d2/share/r2d2/rviz/nav2_config2 copy.rviz
-- Up-to-date: /home/lidar/lidar/install/r2d2/share/r2d2/rviz/nav2.rviz
-- Up-to-date: /home/lidar/lidar/install/r2d2/share/r2d2/rviz/nav2_config.rviz
-- Up-to-date: /home/lidar/lidar/install/r2d2/share/r2d2/worlds
-- Up-to-date: /home/lidar/lidar/install/r2d2/share/r2d2/worlds/inventory.world
-- Up-to-date: /home/lidar/lidar/install/r2d2/share/r2d2/worlds/factory.world
-- Up-to-date: /home/lidar/lidar/install/r2d2/share/r2d2/worlds/basic_mobile_bot_world
-- Up-to-date: /home/lidar/lidar/install/r2d2/share/r2d2/worlds/basic_mobile_bot_world/smalltown.world
-- Up-to-date: /home/lidar/lidar/install/r2d2/share/r2d2/params
-- Up-to-date: /home/lidar/lidar/install/r2d2/share/r2d2/params/realsense_params2.yaml
-- Up-to-date: /home/lidar/lidar/install/r2d2/share/r2d2/params/depth_image_to_laserscan_params.yaml
-- Up-to-date: /home/lidar/lidar/install/r2d2/share/r2d2/params/na2jo.yaml
-- Up-to-date: /home/lidar/lidar/install/r2d2/share/r2d2/params/nav2_params copy.yaml
-- Up-to-date: /home/lidar/lidar/install/r2d2/share/r2d2/params/pointcloud_node_params.yaml
-- Up-to-date: /home/lidar/lidar/install/r2d2/share/r2d2/params/map_saver.yaml
-- Up-to-date: /home/lidar/lidar/install/r2d2/share/r2d2/params/nav2_params.yaml
-- Up-to-date: /home/lidar/lidar/install/r2d2/share/r2d2/params/realsense_params.yaml
-- Up-to-date: /home/lidar/lidar/install/r2d2/share/r2d2/params/alex.txt
-- Up-to-date: /home/lidar/lidar/install/r2d2/share/r2d2/params/va.yaml
-- Up-to-date: /home/lidar/lidar/install/r2d2/share/r2d2/params/defaultnav2.yaml
-- Up-to-date: /home/lidar/lidar/install/r2d2/share/r2d2/params/MOnday24.yaml
-- Up-to-date: /home/lidar/lidar/install/r2d2/share/r2d2/params/slam.yaml
-- Up-to-date: /home/lidar/lidar/install/r2d2/share/r2d2/params/nav2mentes.yaml
-- Up-to-date: /home/lidar/lidar/install/r2d2/share/r2d2/params/mentes.yaml
-- Up-to-date: /home/lidar/lidar/install/r2d2/share/r2d2/params/defaultnav2 copy.yaml
-- Up-to-date: /home/lidar/lidar/install/r2d2/share/r2d2/params/nav2paramsy.yaml
-- Up-to-date: /home/lidar/lidar/install/r2d2/share/r2d2/maps
-- Up-to-date: /home/lidar/lidar/install/r2d2/share/r2d2/maps/my_map.yaml
-- Up-to-date: /home/lidar/lidar/install/r2d2/share/r2d2/maps/map_1688027577.pgm
-- Up-to-date: /home/lidar/lidar/install/r2d2/share/r2d2/maps/inventory_world
-- Up-to-date: /home/lidar/lidar/install/r2d2/share/r2d2/maps/inventory_world/inventory_world.yaml
-- Up-to-date: /home/lidar/lidar/install/r2d2/share/r2d2/maps/inventory_world/inventory_world.pgm
-- Up-to-date: /home/lidar/lidar/install/r2d2/share/r2d2/maps/skynet.yaml
-- Up-to-date: /home/lidar/lidar/install/r2d2/share/r2d2/maps/my_map.pgm
-- Up-to-date: /home/lidar/lidar/install/r2d2/share/r2d2/maps/factory_world
-- Up-to-date: /home/lidar/lidar/install/r2d2/share/r2d2/maps/factory_world/factory_world.yaml
-- Up-to-date: /home/lidar/lidar/install/r2d2/share/r2d2/maps/factory_world/factory_world.pgm
-- Up-to-date: /home/lidar/lidar/install/r2d2/share/r2d2/maps/skynet.pgm
-- Up-to-date: /home/lidar/lidar/install/r2d2/share/r2d2/maps/map_1688027577.yaml
-- Up-to-date: /home/lidar/lidar/install/r2d2/share/r2d2/include
-- Up-to-date: /home/lidar/lidar/install/r2d2/share/r2d2/include/laser_filters
-- Up-to-date: /home/lidar/lidar/install/r2d2/share/r2d2/include/laser_filters/footprint_filter.h
-- Up-to-date: /home/lidar/lidar/install/r2d2/share/r2d2/include/laser_filters/scan_mask_filter.h
-- Up-to-date: /home/lidar/lidar/install/r2d2/share/r2d2/include/laser_filters/median_filter.h
-- Up-to-date: /home/lidar/lidar/install/r2d2/share/r2d2/include/laser_filters/interpolation_filter.h
-- Up-to-date: /home/lidar/lidar/install/r2d2/share/r2d2/include/laser_filters/speckle_filter.h
-- Up-to-date: /home/lidar/lidar/install/r2d2/share/r2d2/include/laser_filters/scan_shadow_detector.h
-- Up-to-date: /home/lidar/lidar/install/r2d2/share/r2d2/include/laser_filters/angular_bounds_filter.h
-- Up-to-date: /home/lidar/lidar/install/r2d2/share/r2d2/include/laser_filters/scan_shadows_filter.h
-- Up-to-date: /home/lidar/lidar/install/r2d2/share/r2d2/include/laser_filters/range_filter.h
-- Up-to-date: /home/lidar/lidar/install/r2d2/share/r2d2/include/laser_filters/intensity_filter.h
-- Up-to-date: /home/lidar/lidar/install/r2d2/share/r2d2/include/laser_filters/array_filter.h
-- Up-to-date: /home/lidar/lidar/install/r2d2/share/r2d2/include/laser_filters/box_filter.h
-- Up-to-date: /home/lidar/lidar/install/r2d2/share/r2d2/include/laser_filters/angular_bounds_filter_in_place.h
-- Up-to-date: /home/lidar/lidar/install/r2d2/share/r2d2/environment/pythonpath.sh
-- Up-to-date: /home/lidar/lidar/install/r2d2/share/r2d2/environment/pythonpath.dsv
-- Up-to-date: /home/lidar/lidar/install/r2d2/lib/python3.10/site-packages/r2d2-1.0.0-py3.10.egg-info
-- Installing: /home/lidar/lidar/install/r2d2/lib/python3.10/site-packages/r2d2-1.0.0-py3.10.egg-info/dependency_links.txt
-- Installing: /home/lidar/lidar/install/r2d2/lib/python3.10/site-packages/r2d2-1.0.0-py3.10.egg-info/top_level.txt
-- Installing: /home/lidar/lidar/install/r2d2/lib/python3.10/site-packages/r2d2-1.0.0-py3.10.egg-info/SOURCES.txt
-- Installing: /home/lidar/lidar/install/r2d2/lib/python3.10/site-packages/r2d2-1.0.0-py3.10.egg-info/PKG-INFO
-- Up-to-date: /home/lidar/lidar/install/r2d2/lib/python3.10/site-packages/r2d2
-- Up-to-date: /home/lidar/lidar/install/r2d2/lib/python3.10/site-packages/r2d2/euler_to_quaternion.py
-- Up-to-date: /home/lidar/lidar/install/r2d2/lib/python3.10/site-packages/r2d2/__init__.py
Listing '/home/lidar/lidar/install/r2d2/lib/python3.10/site-packages/r2d2'...
-- Up-to-date: /home/lidar/lidar/install/r2d2/share/ament_index/resource_index/package_run_dependencies/r2d2
-- Up-to-date: /home/lidar/lidar/install/r2d2/share/ament_index/resource_index/parent_prefix_path/r2d2
-- Up-to-date: /home/lidar/lidar/install/r2d2/share/r2d2/environment/ament_prefix_path.sh
-- Up-to-date: /home/lidar/lidar/install/r2d2/share/r2d2/environment/ament_prefix_path.dsv
-- Up-to-date: /home/lidar/lidar/install/r2d2/share/r2d2/environment/path.sh
-- Up-to-date: /home/lidar/lidar/install/r2d2/share/r2d2/environment/path.dsv
-- Up-to-date: /home/lidar/lidar/install/r2d2/share/r2d2/local_setup.bash
-- Up-to-date: /home/lidar/lidar/install/r2d2/share/r2d2/local_setup.sh
-- Up-to-date: /home/lidar/lidar/install/r2d2/share/r2d2/local_setup.zsh
-- Up-to-date: /home/lidar/lidar/install/r2d2/share/r2d2/local_setup.dsv
-- Installing: /home/lidar/lidar/install/r2d2/share/r2d2/package.dsv
-- Up-to-date: /home/lidar/lidar/install/r2d2/share/ament_index/resource_index/packages/r2d2
-- Up-to-date: /home/lidar/lidar/install/r2d2/share/r2d2/cmake/r2d2Config.cmake
-- Up-to-date: /home/lidar/lidar/install/r2d2/share/r2d2/cmake/r2d2Config-version.cmake
-- Up-to-date: /home/lidar/lidar/install/r2d2/share/r2d2/package.xml
