[0.119s] Invoking command in '/home/lidar/lidar/build/r2d2': CMAKE_PREFIX_PATH=${CMAKE_PREFIX_PATH}:/opt/ros/iron /usr/bin/cmake --build /home/lidar/lidar/build/r2d2 -- -j4 -l4
[0.592s] Built target ament_cmake_python_copy_r2d2
[3.289s] running egg_info
[3.302s] writing r2d2.egg-info/PKG-INFO
[3.303s] writing dependency_links to r2d2.egg-info/dependency_links.txt
[3.305s] writing top-level names to r2d2.egg-info/top_level.txt
[3.317s] reading manifest file 'r2d2.egg-info/SOURCES.txt'
[3.322s] writing manifest file 'r2d2.egg-info/SOURCES.txt'
[3.565s] Built target ament_cmake_python_build_r2d2_egg
[3.615s] Invoked command in '/home/lidar/lidar/build/r2d2' returned '0': CMAKE_PREFIX_PATH=${CMAKE_PREFIX_PATH}:/opt/ros/iron /usr/bin/cmake --build /home/lidar/lidar/build/r2d2 -- -j4 -l4
[3.767s] Invoking command in '/home/lidar/lidar/build/r2d2': CMAKE_PREFIX_PATH=${CMAKE_PREFIX_PATH}:/opt/ros/iron /usr/bin/cmake --install /home/lidar/lidar/build/r2d2
[3.808s] -- Install configuration: ""
[3.809s] -- Up-to-date: /home/lidar/lidar/install/r2d2/share/r2d2/config
[3.809s] -- Up-to-date: /home/lidar/lidar/install/r2d2/share/r2d2/config/realsense_config.json
[3.810s] -- Up-to-date: /home/lidar/lidar/install/r2d2/share/r2d2/config/atirobotbase.yaml
[3.812s] -- Up-to-date: /home/lidar/lidar/install/r2d2/share/r2d2/config/realsense-jo.json
[3.813s] -- Up-to-date: /home/lidar/lidar/install/r2d2/share/r2d2/config/mentes.json
[3.814s] -- Up-to-date: /home/lidar/lidar/install/r2d2/share/r2d2/config/filter_right.yaml
[3.820s] -- Up-to-date: /home/lidar/lidar/install/r2d2/share/r2d2/config/ekfultimate2.yaml
[3.838s] -- Up-to-date: /home/lidar/lidar/install/r2d2/share/r2d2/config/filter_left.yaml
[3.840s] -- Up-to-date: /home/lidar/lidar/install/r2d2/share/r2d2/config/.history
[3.841s] -- Up-to-date: /home/lidar/lidar/install/r2d2/share/r2d2/config/.history/realsense_config_20240419140425.json
[3.843s] -- Up-to-date: /home/lidar/lidar/install/r2d2/share/r2d2/config/.history/realsense_config_20240419125117.json
[3.844s] -- Up-to-date: /home/lidar/lidar/install/r2d2/share/r2d2/config/.history/realsense_config_20240419131733.json
[3.845s] -- Up-to-date: /home/lidar/lidar/install/r2d2/share/r2d2/config/.history/realsense_config_20240419131656.json
[3.848s] -- Up-to-date: /home/lidar/lidar/install/r2d2/share/r2d2/config/.history/realsense_config_20240419125304.json
[3.848s] -- Up-to-date: /home/lidar/lidar/install/r2d2/share/r2d2/config/.history/realsense_config_20240419140424.json
[3.849s] -- Up-to-date: /home/lidar/lidar/install/r2d2/share/r2d2/config/.history/realsense_config_20240419125303.json
[3.851s] -- Up-to-date: /home/lidar/lidar/install/r2d2/share/r2d2/config/.history/realsense_config_20240419125252.json
[3.852s] -- Up-to-date: /home/lidar/lidar/install/r2d2/share/r2d2/config/.history/realsense_config_20240419125047.json
[3.854s] -- Up-to-date: /home/lidar/lidar/install/r2d2/share/r2d2/config/.history/realsense_config_20240419131509.json
[3.856s] -- Up-to-date: /home/lidar/lidar/install/r2d2/share/r2d2/config/ekfultimate3.yaml
[3.857s] -- Up-to-date: /home/lidar/lidar/install/r2d2/share/r2d2/config/realsense-default.json
[3.858s] -- Up-to-date: /home/lidar/lidar/install/r2d2/share/r2d2/config/file.txt
[3.859s] -- Up-to-date: /home/lidar/lidar/install/r2d2/share/r2d2/config/ekfultimate.yaml
[3.861s] -- Up-to-date: /home/lidar/lidar/install/r2d2/share/r2d2/launch
[3.862s] -- Up-to-date: /home/lidar/lidar/install/r2d2/share/r2d2/launch/nav2.py
[3.863s] -- Up-to-date: /home/lidar/lidar/install/r2d2/share/r2d2/launch/mergeros2.cpp
[3.864s] -- Up-to-date: /home/lidar/lidar/install/r2d2/share/r2d2/launch/slamv2.py
[3.866s] -- Up-to-date: /home/lidar/lidar/install/r2d2/share/r2d2/launch/mlauncher.py
[3.867s] -- Up-to-date: /home/lidar/lidar/install/r2d2/share/r2d2/launch/simulation.py
[3.869s] -- Up-to-date: /home/lidar/lidar/install/r2d2/share/r2d2/launch/gazebo.launch
[3.871s] -- Up-to-date: /home/lidar/lidar/install/r2d2/share/r2d2/launch/launcher.py
[3.873s] -- Up-to-date: /home/lidar/lidar/install/r2d2/share/r2d2/launch/robotlocalization2.py
[3.876s] -- Up-to-date: /home/lidar/lidar/install/r2d2/share/r2d2/launch/atibotlaunchv2.py
[3.877s] -- Up-to-date: /home/lidar/lidar/install/r2d2/share/r2d2/launch/mentes.py
[3.879s] -- Up-to-date: /home/lidar/lidar/install/r2d2/share/r2d2/launch/alexkamera.py
[3.880s] -- Up-to-date: /home/lidar/lidar/install/r2d2/share/r2d2/launch/slam.py
[3.881s] -- Up-to-date: /home/lidar/lidar/install/r2d2/share/r2d2/launch/atibottest.py
[3.883s] -- Up-to-date: /home/lidar/lidar/install/r2d2/share/r2d2/launch/.history
[3.883s] -- Up-to-date: /home/lidar/lidar/install/r2d2/share/r2d2/launch/.history/mlauncher_20240702101123.py
[3.885s] -- Up-to-date: /home/lidar/lidar/install/r2d2/share/r2d2/launch/.history/mlauncher_20240702100919.py
[3.886s] -- Up-to-date: /home/lidar/lidar/install/r2d2/share/r2d2/launch/.history/launcher_20240613095539.py
[3.887s] -- Up-to-date: /home/lidar/lidar/install/r2d2/share/r2d2/launch/.history/mlauncher_20240702101207.py
[3.890s] -- Up-to-date: /home/lidar/lidar/install/r2d2/share/r2d2/launch/.history/mlauncher_20240702101122.py
[3.891s] -- Up-to-date: /home/lidar/lidar/install/r2d2/share/r2d2/launch/.history/mlauncher_20240702101018.py
[3.893s] -- Up-to-date: /home/lidar/lidar/install/r2d2/share/r2d2/launch/.history/mlauncher_20240702101208.py
[3.894s] -- Up-to-date: /home/lidar/lidar/install/r2d2/share/r2d2/launch/launcg
[3.896s] -- Up-to-date: /home/lidar/lidar/install/r2d2/share/r2d2/launch/display.launch
[3.897s] -- Up-to-date: /home/lidar/lidar/install/r2d2/share/r2d2/launch/launchermentesmukodo.py
[3.901s] -- Up-to-date: /home/lidar/lidar/install/r2d2/share/r2d2/launch/CUDAELOTTISZAR.py
[3.902s] -- Up-to-date: /home/lidar/lidar/install/r2d2/share/r2d2/launch/atibotlaunch.py
[3.904s] -- Up-to-date: /home/lidar/lidar/install/r2d2/share/r2d2/launch/nav2launch.py
[3.905s] -- Up-to-date: /home/lidar/lidar/install/r2d2/share/r2d2/launch/merge.py
[3.905s] -- Up-to-date: /home/lidar/lidar/install/r2d2/share/r2d2/launch/atibot_nav2_v1.py
[3.907s] -- Up-to-date: /home/lidar/lidar/install/r2d2/share/r2d2/launch/test.py
[3.910s] -- Up-to-date: /home/lidar/lidar/install/r2d2/share/r2d2/launch/map_saver.py
[3.911s] -- Up-to-date: /home/lidar/lidar/install/r2d2/share/r2d2/launch/robotlocalization.py
[3.912s] -- Up-to-date: /home/lidar/lidar/install/r2d2/share/r2d2/launch/atibotslam.py
[3.913s] -- Up-to-date: /home/lidar/lidar/install/r2d2/share/r2d2/launch/camera.py
[3.915s] -- Up-to-date: /home/lidar/lidar/install/r2d2/share/r2d2/launch/basic_launch_nav2_v2.py
[3.917s] -- Up-to-date: /home/lidar/lidar/install/r2d2/share/r2d2/launch/robotstate.py
[3.919s] -- Up-to-date: /home/lidar/lidar/install/r2d2/share/r2d2/launch/lidar.py
[3.921s] -- Up-to-date: /home/lidar/lidar/install/r2d2/share/r2d2/launch/launchcam.py
[3.922s] -- Up-to-date: /home/lidar/lidar/install/r2d2/share/r2d2/launch/slamv3d.py
[3.924s] -- Up-to-date: /home/lidar/lidar/install/r2d2/share/r2d2/launch/slamv3.py
[3.926s] -- Up-to-date: /home/lidar/lidar/install/r2d2/share/r2d2/launch/realsense_launch.py
[3.927s] -- Up-to-date: /home/lidar/lidar/install/r2d2/share/r2d2/launch/localization.py
[3.928s] -- Up-to-date: /home/lidar/lidar/install/r2d2/share/r2d2/launch/hoverboard_launch.py
[3.929s] -- Installing: /home/lidar/lidar/install/r2d2/share/r2d2/launch/lidartest.py
[3.930s] -- Up-to-date: /home/lidar/lidar/install/r2d2/share/r2d2/meshes
[3.931s] -- Up-to-date: /home/lidar/lidar/install/r2d2/share/r2d2/meshes/d435.dae
[3.932s] -- Up-to-date: /home/lidar/lidar/install/r2d2/share/r2d2/meshes/robotbase.stl
[3.934s] -- Up-to-date: /home/lidar/lidar/install/r2d2/share/r2d2/meshes/drivewhl_r_link.STL
[3.935s] -- Up-to-date: /home/lidar/lidar/install/r2d2/share/r2d2/meshes/d415.stl
[3.936s] -- Up-to-date: /home/lidar/lidar/install/r2d2/share/r2d2/meshes/drivewhl_l_link.STL
[3.937s] -- Up-to-date: /home/lidar/lidar/install/r2d2/share/r2d2/urdf
[3.939s] -- Up-to-date: /home/lidar/lidar/install/r2d2/share/r2d2/urdf/atirobotbase.urdf
[3.940s] -- Up-to-date: /home/lidar/lidar/install/r2d2/share/r2d2/urdf/_materials.urdf.xacro
[3.943s] -- Up-to-date: /home/lidar/lidar/install/r2d2/share/r2d2/urdf/atirobotbase copy.urdf
[3.945s] -- Up-to-date: /home/lidar/lidar/install/r2d2/share/r2d2/urdf/atirobotbase copy 2.urdf
[3.946s] -- Up-to-date: /home/lidar/lidar/install/r2d2/share/r2d2/urdf/_d435.urdf.xacro
[3.947s] -- Up-to-date: /home/lidar/lidar/install/r2d2/share/r2d2/models
[3.948s] -- Up-to-date: /home/lidar/lidar/install/r2d2/share/r2d2/models/r2d2.urdf
[3.949s] -- Up-to-date: /home/lidar/lidar/install/r2d2/share/r2d2/models/normalis.urdf
[3.950s] -- Up-to-date: /home/lidar/lidar/install/r2d2/share/r2d2/models/ati_bot_description
[3.951s] -- Up-to-date: /home/lidar/lidar/install/r2d2/share/r2d2/models/ati_bot_description/model_v3.sdf
[3.951s] -- Up-to-date: /home/lidar/lidar/install/r2d2/share/r2d2/models/ati_bot_description/model_v2.sdf
[3.952s] -- Up-to-date: /home/lidar/lidar/install/r2d2/share/r2d2/models/ati_bot_description/newmodel.sdf
[3.953s] -- Up-to-date: /home/lidar/lidar/install/r2d2/share/r2d2/models/ati_bot_description/model.config
[3.954s] -- Up-to-date: /home/lidar/lidar/install/r2d2/share/r2d2/models/ati_bot_description/model.sdf
[3.955s] -- Up-to-date: /home/lidar/lidar/install/r2d2/share/r2d2/models/ati_bot_description/meshes
[3.956s] -- Up-to-date: /home/lidar/lidar/install/r2d2/share/r2d2/models/ati_bot_description/meshes/robotbase.stl
[3.957s] -- Up-to-date: /home/lidar/lidar/install/r2d2/share/r2d2/models/ati_bot_description/meshes/base_link.stl
[3.958s] -- Up-to-date: /home/lidar/lidar/install/r2d2/share/r2d2/models/ati_bot_description/meshes/linkLeft_link.STL
[3.960s] -- Up-to-date: /home/lidar/lidar/install/r2d2/share/r2d2/models/ati_bot_description/meshes/wrist.stl
[3.961s] -- Up-to-date: /home/lidar/lidar/install/r2d2/share/r2d2/models/ati_bot_description/meshes/linkRight_link.STL
[3.961s] -- Up-to-date: /home/lidar/lidar/install/r2d2/share/r2d2/models/ati_bot_description/meshes/elbow.stl
[3.963s] -- Up-to-date: /home/lidar/lidar/install/r2d2/share/r2d2/models/ati_bot_description/meshes/bicep.stl
[3.964s] -- Up-to-date: /home/lidar/lidar/install/r2d2/share/r2d2/models/ati_bot_description/meshes/arm_base.stl
[3.965s] -- Up-to-date: /home/lidar/lidar/install/r2d2/share/r2d2/models/ati_bot_description/meshes/robot_base.stl
[3.965s] -- Up-to-date: /home/lidar/lidar/install/r2d2/share/r2d2/models/ati_bot_description/meshes/wheel.stl
[3.966s] -- Up-to-date: /home/lidar/lidar/install/r2d2/share/r2d2/models/conveyor
[3.967s] -- Up-to-date: /home/lidar/lidar/install/r2d2/share/r2d2/models/conveyor/model(1).sdf
[3.968s] -- Up-to-date: /home/lidar/lidar/install/r2d2/share/r2d2/models/conveyor/model(2).sdf
[3.969s] -- Up-to-date: /home/lidar/lidar/install/r2d2/share/r2d2/models/conveyor/model(2).config
[3.969s] -- Up-to-date: /home/lidar/lidar/install/r2d2/share/r2d2/models/conveyor/model(1).config
[3.970s] -- Up-to-date: /home/lidar/lidar/install/r2d2/share/r2d2/models/conveyor/model.config
[3.971s] -- Up-to-date: /home/lidar/lidar/install/r2d2/share/r2d2/models/conveyor/model.sdf
[3.972s] -- Up-to-date: /home/lidar/lidar/install/r2d2/share/r2d2/models/conveyor/meshes
[3.972s] -- Up-to-date: /home/lidar/lidar/install/r2d2/share/r2d2/models/conveyor/meshes/conveyor(1).obj
[3.973s] -- Up-to-date: /home/lidar/lidar/install/r2d2/share/r2d2/models/conveyor/meshes/conveyor2.dae
[3.974s] -- Up-to-date: /home/lidar/lidar/install/r2d2/share/r2d2/models/conveyor/meshes/conveyor(2).dae
[3.974s] -- Up-to-date: /home/lidar/lidar/install/r2d2/share/r2d2/models/conveyor/meshes/conveyor(2).obj
[3.975s] -- Up-to-date: /home/lidar/lidar/install/r2d2/share/r2d2/models/conveyor/meshes/conveyor(1).dae
[3.976s] -- Up-to-date: /home/lidar/lidar/install/r2d2/share/r2d2/models/conveyor/meshes/conveyor2(2).dae
[3.976s] -- Up-to-date: /home/lidar/lidar/install/r2d2/share/r2d2/models/conveyor/meshes/conveyor.dae
[3.977s] -- Up-to-date: /home/lidar/lidar/install/r2d2/share/r2d2/models/conveyor/meshes/conveyor.obj
[3.978s] -- Up-to-date: /home/lidar/lidar/install/r2d2/share/r2d2/models/conveyor/meshes/conveyor2(1).dae
[3.978s] -- Up-to-date: /home/lidar/lidar/install/r2d2/share/r2d2/models/vikirobot.urdf
[3.979s] -- Up-to-date: /home/lidar/lidar/install/r2d2/share/r2d2/models/r2d2mentes..urdf
[3.979s] -- Up-to-date: /home/lidar/lidar/install/r2d2/share/r2d2/models/atirobotbase.urdf
[3.980s] -- Up-to-date: /home/lidar/lidar/install/r2d2/share/r2d2/models/_materials.urdf.xacro
[3.980s] -- Up-to-date: /home/lidar/lidar/install/r2d2/share/r2d2/models/charging_dock
[3.981s] -- Up-to-date: /home/lidar/lidar/install/r2d2/share/r2d2/models/charging_dock/model.sdf~
[3.982s] -- Up-to-date: /home/lidar/lidar/install/r2d2/share/r2d2/models/charging_dock/materials
[3.982s] -- Up-to-date: /home/lidar/lidar/install/r2d2/share/r2d2/models/charging_dock/materials/textures
[3.983s] -- Up-to-date: /home/lidar/lidar/install/r2d2/share/r2d2/models/charging_dock/materials/textures/BKP_Marker0.png
[3.984s] -- Up-to-date: /home/lidar/lidar/install/r2d2/share/r2d2/models/charging_dock/materials/textures/Marker0.png
[3.984s] -- Up-to-date: /home/lidar/lidar/install/r2d2/share/r2d2/models/charging_dock/model-1_4.sdf~
[3.985s] -- Up-to-date: /home/lidar/lidar/install/r2d2/share/r2d2/models/charging_dock/model.config~.xml
[3.986s] -- Up-to-date: /home/lidar/lidar/install/r2d2/share/r2d2/models/charging_dock/model-1_5.sdf~
[3.986s] -- Up-to-date: /home/lidar/lidar/install/r2d2/share/r2d2/models/charging_dock/model.config
[3.987s] -- Up-to-date: /home/lidar/lidar/install/r2d2/share/r2d2/models/charging_dock/model.sdf
[3.988s] -- Up-to-date: /home/lidar/lidar/install/r2d2/share/r2d2/models/charging_dock/meshes
[3.989s] -- Up-to-date: /home/lidar/lidar/install/r2d2/share/r2d2/models/charging_dock/meshes/Marker0.dae
[3.989s] -- Up-to-date: /home/lidar/lidar/install/r2d2/share/r2d2/models/workcell
[3.990s] -- Up-to-date: /home/lidar/lidar/install/r2d2/share/r2d2/models/workcell/materials
[3.990s] -- Up-to-date: /home/lidar/lidar/install/r2d2/share/r2d2/models/workcell/materials/textures
[3.991s] -- Up-to-date: /home/lidar/lidar/install/r2d2/share/r2d2/models/workcell/materials/textures/RollupDoor.png
[3.992s] -- Up-to-date: /home/lidar/lidar/install/r2d2/share/r2d2/models/workcell/materials/textures/Bin(1).png
[3.993s] -- Up-to-date: /home/lidar/lidar/install/r2d2/share/r2d2/models/workcell/materials/textures/Shelves(1).png
[3.993s] -- Up-to-date: /home/lidar/lidar/install/r2d2/share/r2d2/models/workcell/materials/textures/Wall_Corrugated.png
[3.994s] -- Up-to-date: /home/lidar/lidar/install/r2d2/share/r2d2/models/workcell/materials/textures/Yellow(1).png
[3.994s] -- Up-to-date: /home/lidar/lidar/install/r2d2/share/r2d2/models/workcell/materials/textures/Plywood(2).png
[3.995s] -- Up-to-date: /home/lidar/lidar/install/r2d2/share/r2d2/models/workcell/materials/textures/Pillar.png
[3.996s] -- Up-to-date: /home/lidar/lidar/install/r2d2/share/r2d2/models/workcell/materials/textures/ControlPanel.png
[3.996s] -- Up-to-date: /home/lidar/lidar/install/r2d2/share/r2d2/models/workcell/materials/textures/RubberMat(1).png
[3.997s] -- Up-to-date: /home/lidar/lidar/install/r2d2/share/r2d2/models/workcell/materials/textures/Yellow.png
[3.998s] -- Up-to-date: /home/lidar/lidar/install/r2d2/share/r2d2/models/workcell/materials/textures/RollupDoor(2).png
[3.999s] -- Up-to-date: /home/lidar/lidar/install/r2d2/share/r2d2/models/workcell/materials/textures/Wall_Concrete(2).png
[3.999s] -- Up-to-date: /home/lidar/lidar/install/r2d2/share/r2d2/models/workcell/materials/textures/Conveyor.png
[4.000s] -- Up-to-date: /home/lidar/lidar/install/r2d2/share/r2d2/models/workcell/materials/textures/PalletWrap(1).png
[4.000s] -- Up-to-date: /home/lidar/lidar/install/r2d2/share/r2d2/models/workcell/materials/textures/Yellow(2).png
[4.001s] -- Up-to-date: /home/lidar/lidar/install/r2d2/share/r2d2/models/workcell/materials/textures/Wall_Concrete(1).png
[4.002s] -- Up-to-date: /home/lidar/lidar/install/r2d2/share/r2d2/models/workcell/materials/textures/Pallet(2).png
[4.002s] -- Up-to-date: /home/lidar/lidar/install/r2d2/share/r2d2/models/workcell/materials/textures/RubberMat.png
[4.003s] -- Up-to-date: /home/lidar/lidar/install/r2d2/share/r2d2/models/workcell/materials/textures/Door_Window.png
[4.003s] -- Up-to-date: /home/lidar/lidar/install/r2d2/share/r2d2/models/workcell/materials/textures/Floor(1).png
[4.004s] -- Up-to-date: /home/lidar/lidar/install/r2d2/share/r2d2/models/workcell/materials/textures/Bin(2).png
[4.005s] -- Up-to-date: /home/lidar/lidar/install/r2d2/share/r2d2/models/workcell/materials/textures/CardboardBoxes(2).png
[4.005s] -- Up-to-date: /home/lidar/lidar/install/r2d2/share/r2d2/models/workcell/materials/textures/CardboardBoxes(1).png
[4.006s] -- Up-to-date: /home/lidar/lidar/install/r2d2/share/r2d2/models/workcell/materials/textures/Floor.png
[4.006s] -- Up-to-date: /home/lidar/lidar/install/r2d2/share/r2d2/models/workcell/materials/textures/PalletWrap(2).png
[4.007s] -- Up-to-date: /home/lidar/lidar/install/r2d2/share/r2d2/models/workcell/materials/textures/Floor(2).png
[4.008s] -- Up-to-date: /home/lidar/lidar/install/r2d2/share/r2d2/models/workcell/materials/textures/RubberMat(2).png
[4.008s] -- Up-to-date: /home/lidar/lidar/install/r2d2/share/r2d2/models/workcell/materials/textures/Door_Window(2).png
[4.009s] -- Up-to-date: /home/lidar/lidar/install/r2d2/share/r2d2/models/workcell/materials/textures/Mesh(1).png
[4.009s] -- Up-to-date: /home/lidar/lidar/install/r2d2/share/r2d2/models/workcell/materials/textures/Wall_Concrete.png
[4.010s] -- Up-to-date: /home/lidar/lidar/install/r2d2/share/r2d2/models/workcell/materials/textures/Bin.png
[4.011s] -- Up-to-date: /home/lidar/lidar/install/r2d2/share/r2d2/models/workcell/materials/textures/CardboardBoxes.png
[4.011s] -- Up-to-date: /home/lidar/lidar/install/r2d2/share/r2d2/models/workcell/materials/textures/ControlPanel(2).png
[4.012s] -- Up-to-date: /home/lidar/lidar/install/r2d2/share/r2d2/models/workcell/materials/textures/PalletWrap.png
[4.012s] -- Up-to-date: /home/lidar/lidar/install/r2d2/share/r2d2/models/workcell/materials/textures/Pillar(2).png
[4.013s] -- Up-to-date: /home/lidar/lidar/install/r2d2/share/r2d2/models/workcell/materials/textures/WorkCell_Render(2).png
[4.013s] -- Up-to-date: /home/lidar/lidar/install/r2d2/share/r2d2/models/workcell/materials/textures/WorkCell_Render.png
[4.014s] -- Up-to-date: /home/lidar/lidar/install/r2d2/share/r2d2/models/workcell/materials/textures/Plywood(1).png
[4.015s] -- Up-to-date: /home/lidar/lidar/install/r2d2/share/r2d2/models/workcell/materials/textures/Plywood.png
[4.015s] -- Up-to-date: /home/lidar/lidar/install/r2d2/share/r2d2/models/workcell/materials/textures/Wall_Corrugated(2).png
[4.016s] -- Up-to-date: /home/lidar/lidar/install/r2d2/share/r2d2/models/workcell/materials/textures/ControlPanel(1).png
[4.017s] -- Up-to-date: /home/lidar/lidar/install/r2d2/share/r2d2/models/workcell/materials/textures/Stairs(1).png
[4.019s] -- Up-to-date: /home/lidar/lidar/install/r2d2/share/r2d2/models/workcell/materials/textures/Pallet(1).png
[4.020s] -- Up-to-date: /home/lidar/lidar/install/r2d2/share/r2d2/models/workcell/materials/textures/Shelves.png
[4.022s] -- Up-to-date: /home/lidar/lidar/install/r2d2/share/r2d2/models/workcell/materials/textures/Stairs(2).png
[4.025s] -- Up-to-date: /home/lidar/lidar/install/r2d2/share/r2d2/models/workcell/materials/textures/Conveyor(1).png
[4.027s] -- Up-to-date: /home/lidar/lidar/install/r2d2/share/r2d2/models/workcell/materials/textures/Conveyor(2).png
[4.029s] -- Up-to-date: /home/lidar/lidar/install/r2d2/share/r2d2/models/workcell/materials/textures/Mesh.png
[4.031s] -- Up-to-date: /home/lidar/lidar/install/r2d2/share/r2d2/models/workcell/materials/textures/Pillar(1).png
[4.034s] -- Up-to-date: /home/lidar/lidar/install/r2d2/share/r2d2/models/workcell/materials/textures/Stairs.png
[4.036s] -- Up-to-date: /home/lidar/lidar/install/r2d2/share/r2d2/models/workcell/materials/textures/Shelves(2).png
[4.038s] -- Up-to-date: /home/lidar/lidar/install/r2d2/share/r2d2/models/workcell/materials/textures/Mesh(2).png
[4.041s] -- Up-to-date: /home/lidar/lidar/install/r2d2/share/r2d2/models/workcell/materials/textures/RollupDoor(1).png
[4.043s] -- Up-to-date: /home/lidar/lidar/install/r2d2/share/r2d2/models/workcell/materials/textures/Pallet.png
[4.046s] -- Up-to-date: /home/lidar/lidar/install/r2d2/share/r2d2/models/workcell/materials/textures/Wall_Corrugated(1).png
[4.050s] -- Up-to-date: /home/lidar/lidar/install/r2d2/share/r2d2/models/workcell/materials/textures/WorkCell_Render(1).png
[4.052s] -- Up-to-date: /home/lidar/lidar/install/r2d2/share/r2d2/models/workcell/materials/textures/Door_Window(1).png
[4.054s] -- Up-to-date: /home/lidar/lidar/install/r2d2/share/r2d2/models/workcell/model(1).sdf
[4.056s] -- Up-to-date: /home/lidar/lidar/install/r2d2/share/r2d2/models/workcell/model(2).sdf
[4.058s] -- Up-to-date: /home/lidar/lidar/install/r2d2/share/r2d2/models/workcell/model(2).config
[4.060s] -- Up-to-date: /home/lidar/lidar/install/r2d2/share/r2d2/models/workcell/model(1).config
[4.062s] -- Up-to-date: /home/lidar/lidar/install/r2d2/share/r2d2/models/workcell/model.config
[4.064s] -- Up-to-date: /home/lidar/lidar/install/r2d2/share/r2d2/models/workcell/model.sdf
[4.066s] -- Up-to-date: /home/lidar/lidar/install/r2d2/share/r2d2/models/workcell/meshes
[4.068s] -- Up-to-date: /home/lidar/lidar/install/r2d2/share/r2d2/models/workcell/meshes/mesh.dae
[4.070s] -- Up-to-date: /home/lidar/lidar/install/r2d2/share/r2d2/models/workcell/meshes/mesh(1).dae
[4.073s] -- Up-to-date: /home/lidar/lidar/install/r2d2/share/r2d2/models/workcell/meshes/mesh_backup(2).dae
[4.076s] -- Up-to-date: /home/lidar/lidar/install/r2d2/share/r2d2/models/workcell/meshes/mesh_backup.dae
[4.078s] -- Up-to-date: /home/lidar/lidar/install/r2d2/share/r2d2/models/workcell/meshes/mesh_backup(1).dae
[4.080s] -- Up-to-date: /home/lidar/lidar/install/r2d2/share/r2d2/models/workcell/meshes/mesh(2).dae
[4.082s] -- Up-to-date: /home/lidar/lidar/install/r2d2/share/r2d2/models/workcell_bin
[4.084s] -- Up-to-date: /home/lidar/lidar/install/r2d2/share/r2d2/models/workcell_bin/materials
[4.086s] -- Up-to-date: /home/lidar/lidar/install/r2d2/share/r2d2/models/workcell_bin/materials/textures
[4.089s] -- Up-to-date: /home/lidar/lidar/install/r2d2/share/r2d2/models/workcell_bin/materials/textures/bin(2).png
[4.091s] -- Up-to-date: /home/lidar/lidar/install/r2d2/share/r2d2/models/workcell_bin/materials/textures/bin.png
[4.092s] -- Up-to-date: /home/lidar/lidar/install/r2d2/share/r2d2/models/workcell_bin/materials/textures/bin(1).png
[4.094s] -- Up-to-date: /home/lidar/lidar/install/r2d2/share/r2d2/models/workcell_bin/model(1).sdf
[4.097s] -- Up-to-date: /home/lidar/lidar/install/r2d2/share/r2d2/models/workcell_bin/model(2).sdf
[4.100s] -- Up-to-date: /home/lidar/lidar/install/r2d2/share/r2d2/models/workcell_bin/model(2).config
[4.101s] -- Up-to-date: /home/lidar/lidar/install/r2d2/share/r2d2/models/workcell_bin/model(1).config
[4.104s] -- Up-to-date: /home/lidar/lidar/install/r2d2/share/r2d2/models/workcell_bin/model.config
[4.106s] -- Up-to-date: /home/lidar/lidar/install/r2d2/share/r2d2/models/workcell_bin/model.sdf
[4.108s] -- Up-to-date: /home/lidar/lidar/install/r2d2/share/r2d2/models/workcell_bin/meshes
[4.109s] -- Up-to-date: /home/lidar/lidar/install/r2d2/share/r2d2/models/workcell_bin/meshes/bin(2).dae
[4.111s] -- Up-to-date: /home/lidar/lidar/install/r2d2/share/r2d2/models/workcell_bin/meshes/bin(1).dae
[4.112s] -- Up-to-date: /home/lidar/lidar/install/r2d2/share/r2d2/models/workcell_bin/meshes/bin.dae
[4.114s] -- Up-to-date: /home/lidar/lidar/install/r2d2/share/r2d2/models/_d435i.urdf.xacro
[4.116s] -- Up-to-date: /home/lidar/lidar/install/r2d2/share/r2d2/models/penteknemelbaszotturdf.urdf
[4.119s] -- Up-to-date: /home/lidar/lidar/install/r2d2/share/r2d2/models/vikirobot
[4.121s] -- Up-to-date: /home/lidar/lidar/install/r2d2/share/r2d2/models/vikirobot/model.sdf
[4.123s] -- Up-to-date: /home/lidar/lidar/install/r2d2/share/r2d2/models/_d435.urdf.xacro
[4.125s] -- Up-to-date: /home/lidar/lidar/install/r2d2/share/r2d2/rviz
[4.127s] -- Up-to-date: /home/lidar/lidar/install/r2d2/share/r2d2/rviz/slamwithrealsense4.rviz
[4.130s] -- Installing: /home/lidar/lidar/install/r2d2/share/r2d2/rviz/slamwithrealsenselidar.rviz
[4.132s] -- Up-to-date: /home/lidar/lidar/install/r2d2/share/r2d2/rviz/inventory_world
[4.134s] -- Up-to-date: /home/lidar/lidar/install/r2d2/share/r2d2/rviz/inventory_world/nav2_config.rviz
[4.137s] -- Up-to-date: /home/lidar/lidar/install/r2d2/share/r2d2/rviz/slamwithrealsense3.rviz
[4.139s] -- Up-to-date: /home/lidar/lidar/install/r2d2/share/r2d2/rviz/slamwithrealsense2.rviz
[4.141s] -- Up-to-date: /home/lidar/lidar/install/r2d2/share/r2d2/rviz/minta.rviz
[4.143s] -- Up-to-date: /home/lidar/lidar/install/r2d2/share/r2d2/rviz/new_test.rviz
[4.145s] -- Up-to-date: /home/lidar/lidar/install/r2d2/share/r2d2/rviz/nav2_configwithrealsense.rviz
[4.149s] -- Up-to-date: /home/lidar/lidar/install/r2d2/share/r2d2/rviz/slamwithrealsense.rviz
[4.152s] -- Up-to-date: /home/lidar/lidar/install/r2d2/share/r2d2/rviz/nav2_config4.rviz
[4.154s] -- Up-to-date: /home/lidar/lidar/install/r2d2/share/r2d2/rviz/mentes.rviz
[4.156s] -- Up-to-date: /home/lidar/lidar/install/r2d2/share/r2d2/rviz/nav2_config3.rviz
[4.157s] -- Up-to-date: /home/lidar/lidar/install/r2d2/share/r2d2/rviz/nav2_config5.rviz
[4.158s] -- Up-to-date: /home/lidar/lidar/install/r2d2/share/r2d2/rviz/alex.rviz
[4.159s] -- Up-to-date: /home/lidar/lidar/install/r2d2/share/r2d2/rviz/urdf_config.rviz
[4.160s] -- Up-to-date: /home/lidar/lidar/install/r2d2/share/r2d2/rviz/nav2_config2 copy.rviz
[4.161s] -- Up-to-date: /home/lidar/lidar/install/r2d2/share/r2d2/rviz/nav2.rviz
[4.162s] -- Up-to-date: /home/lidar/lidar/install/r2d2/share/r2d2/rviz/nav2_config.rviz
[4.163s] -- Up-to-date: /home/lidar/lidar/install/r2d2/share/r2d2/worlds
[4.165s] -- Up-to-date: /home/lidar/lidar/install/r2d2/share/r2d2/worlds/inventory.world
[4.166s] -- Up-to-date: /home/lidar/lidar/install/r2d2/share/r2d2/worlds/factory.world
[4.167s] -- Up-to-date: /home/lidar/lidar/install/r2d2/share/r2d2/worlds/basic_mobile_bot_world
[4.169s] -- Up-to-date: /home/lidar/lidar/install/r2d2/share/r2d2/worlds/basic_mobile_bot_world/smalltown.world
[4.170s] -- Up-to-date: /home/lidar/lidar/install/r2d2/share/r2d2/params
[4.170s] -- Up-to-date: /home/lidar/lidar/install/r2d2/share/r2d2/params/realsense_params2.yaml
[4.171s] -- Up-to-date: /home/lidar/lidar/install/r2d2/share/r2d2/params/depth_image_to_laserscan_params.yaml
[4.172s] -- Up-to-date: /home/lidar/lidar/install/r2d2/share/r2d2/params/na2jo.yaml
[4.173s] -- Up-to-date: /home/lidar/lidar/install/r2d2/share/r2d2/params/nav2_params copy.yaml
[4.174s] -- Up-to-date: /home/lidar/lidar/install/r2d2/share/r2d2/params/pointcloud_node_params.yaml
[4.174s] -- Up-to-date: /home/lidar/lidar/install/r2d2/share/r2d2/params/map_saver.yaml
[4.175s] -- Up-to-date: /home/lidar/lidar/install/r2d2/share/r2d2/params/nav2_params.yaml
[4.176s] -- Up-to-date: /home/lidar/lidar/install/r2d2/share/r2d2/params/realsense_params.yaml
[4.176s] -- Up-to-date: /home/lidar/lidar/install/r2d2/share/r2d2/params/alex.txt
[4.177s] -- Up-to-date: /home/lidar/lidar/install/r2d2/share/r2d2/params/va.yaml
[4.178s] -- Up-to-date: /home/lidar/lidar/install/r2d2/share/r2d2/params/defaultnav2.yaml
[4.179s] -- Up-to-date: /home/lidar/lidar/install/r2d2/share/r2d2/params/MOnday24.yaml
[4.180s] -- Up-to-date: /home/lidar/lidar/install/r2d2/share/r2d2/params/slam.yaml
[4.180s] -- Up-to-date: /home/lidar/lidar/install/r2d2/share/r2d2/params/nav2mentes.yaml
[4.181s] -- Up-to-date: /home/lidar/lidar/install/r2d2/share/r2d2/params/mentes.yaml
[4.182s] -- Up-to-date: /home/lidar/lidar/install/r2d2/share/r2d2/params/defaultnav2 copy.yaml
[4.183s] -- Up-to-date: /home/lidar/lidar/install/r2d2/share/r2d2/params/nav2paramsy.yaml
[4.184s] -- Up-to-date: /home/lidar/lidar/install/r2d2/share/r2d2/maps
[4.185s] -- Up-to-date: /home/lidar/lidar/install/r2d2/share/r2d2/maps/my_map.yaml
[4.186s] -- Up-to-date: /home/lidar/lidar/install/r2d2/share/r2d2/maps/map_1688027577.pgm
[4.186s] -- Up-to-date: /home/lidar/lidar/install/r2d2/share/r2d2/maps/inventory_world
[4.187s] -- Up-to-date: /home/lidar/lidar/install/r2d2/share/r2d2/maps/inventory_world/inventory_world.yaml
[4.188s] -- Up-to-date: /home/lidar/lidar/install/r2d2/share/r2d2/maps/inventory_world/inventory_world.pgm
[4.195s] -- Up-to-date: /home/lidar/lidar/install/r2d2/share/r2d2/maps/skynet.yaml
[4.198s] -- Up-to-date: /home/lidar/lidar/install/r2d2/share/r2d2/maps/my_map.pgm
[4.199s] -- Up-to-date: /home/lidar/lidar/install/r2d2/share/r2d2/maps/factory_world
[4.199s] -- Up-to-date: /home/lidar/lidar/install/r2d2/share/r2d2/maps/factory_world/factory_world.yaml
[4.200s] -- Up-to-date: /home/lidar/lidar/install/r2d2/share/r2d2/maps/factory_world/factory_world.pgm
[4.200s] -- Up-to-date: /home/lidar/lidar/install/r2d2/share/r2d2/maps/skynet.pgm
[4.201s] -- Up-to-date: /home/lidar/lidar/install/r2d2/share/r2d2/maps/map_1688027577.yaml
[4.201s] -- Up-to-date: /home/lidar/lidar/install/r2d2/share/r2d2/include
[4.202s] -- Up-to-date: /home/lidar/lidar/install/r2d2/share/r2d2/include/laser_filters
[4.203s] -- Up-to-date: /home/lidar/lidar/install/r2d2/share/r2d2/include/laser_filters/footprint_filter.h
[4.203s] -- Up-to-date: /home/lidar/lidar/install/r2d2/share/r2d2/include/laser_filters/scan_mask_filter.h
[4.204s] -- Up-to-date: /home/lidar/lidar/install/r2d2/share/r2d2/include/laser_filters/median_filter.h
[4.204s] -- Up-to-date: /home/lidar/lidar/install/r2d2/share/r2d2/include/laser_filters/interpolation_filter.h
[4.205s] -- Up-to-date: /home/lidar/lidar/install/r2d2/share/r2d2/include/laser_filters/speckle_filter.h
[4.205s] -- Up-to-date: /home/lidar/lidar/install/r2d2/share/r2d2/include/laser_filters/scan_shadow_detector.h
[4.206s] -- Up-to-date: /home/lidar/lidar/install/r2d2/share/r2d2/include/laser_filters/angular_bounds_filter.h
[4.207s] -- Up-to-date: /home/lidar/lidar/install/r2d2/share/r2d2/include/laser_filters/scan_shadows_filter.h
[4.207s] -- Up-to-date: /home/lidar/lidar/install/r2d2/share/r2d2/include/laser_filters/range_filter.h
[4.208s] -- Up-to-date: /home/lidar/lidar/install/r2d2/share/r2d2/include/laser_filters/intensity_filter.h
[4.208s] -- Up-to-date: /home/lidar/lidar/install/r2d2/share/r2d2/include/laser_filters/array_filter.h
[4.209s] -- Up-to-date: /home/lidar/lidar/install/r2d2/share/r2d2/include/laser_filters/box_filter.h
[4.209s] -- Up-to-date: /home/lidar/lidar/install/r2d2/share/r2d2/include/laser_filters/angular_bounds_filter_in_place.h
[4.210s] -- Up-to-date: /home/lidar/lidar/install/r2d2/share/r2d2/environment/pythonpath.sh
[4.211s] -- Up-to-date: /home/lidar/lidar/install/r2d2/share/r2d2/environment/pythonpath.dsv
[4.211s] -- Up-to-date: /home/lidar/lidar/install/r2d2/lib/python3.10/site-packages/r2d2-1.0.0-py3.10.egg-info
[4.212s] -- Installing: /home/lidar/lidar/install/r2d2/lib/python3.10/site-packages/r2d2-1.0.0-py3.10.egg-info/dependency_links.txt
[4.212s] -- Installing: /home/lidar/lidar/install/r2d2/lib/python3.10/site-packages/r2d2-1.0.0-py3.10.egg-info/top_level.txt
[4.213s] -- Installing: /home/lidar/lidar/install/r2d2/lib/python3.10/site-packages/r2d2-1.0.0-py3.10.egg-info/SOURCES.txt
[4.213s] -- Installing: /home/lidar/lidar/install/r2d2/lib/python3.10/site-packages/r2d2-1.0.0-py3.10.egg-info/PKG-INFO
[4.214s] -- Up-to-date: /home/lidar/lidar/install/r2d2/lib/python3.10/site-packages/r2d2
[4.214s] -- Up-to-date: /home/lidar/lidar/install/r2d2/lib/python3.10/site-packages/r2d2/euler_to_quaternion.py
[4.215s] -- Up-to-date: /home/lidar/lidar/install/r2d2/lib/python3.10/site-packages/r2d2/__init__.py
[4.244s] Listing '/home/lidar/lidar/install/r2d2/lib/python3.10/site-packages/r2d2'...
[4.275s] -- Up-to-date: /home/lidar/lidar/install/r2d2/share/ament_index/resource_index/package_run_dependencies/r2d2
[4.276s] -- Up-to-date: /home/lidar/lidar/install/r2d2/share/ament_index/resource_index/parent_prefix_path/r2d2
[4.277s] -- Up-to-date: /home/lidar/lidar/install/r2d2/share/r2d2/environment/ament_prefix_path.sh
[4.278s] -- Up-to-date: /home/lidar/lidar/install/r2d2/share/r2d2/environment/ament_prefix_path.dsv
[4.280s] -- Up-to-date: /home/lidar/lidar/install/r2d2/share/r2d2/environment/path.sh
[4.280s] -- Up-to-date: /home/lidar/lidar/install/r2d2/share/r2d2/environment/path.dsv
[4.281s] -- Up-to-date: /home/lidar/lidar/install/r2d2/share/r2d2/local_setup.bash
[4.282s] -- Up-to-date: /home/lidar/lidar/install/r2d2/share/r2d2/local_setup.sh
[4.283s] -- Up-to-date: /home/lidar/lidar/install/r2d2/share/r2d2/local_setup.zsh
[4.284s] -- Up-to-date: /home/lidar/lidar/install/r2d2/share/r2d2/local_setup.dsv
[4.284s] -- Installing: /home/lidar/lidar/install/r2d2/share/r2d2/package.dsv
[4.284s] -- Up-to-date: /home/lidar/lidar/install/r2d2/share/ament_index/resource_index/packages/r2d2
[4.285s] -- Up-to-date: /home/lidar/lidar/install/r2d2/share/r2d2/cmake/r2d2Config.cmake
[4.285s] -- Up-to-date: /home/lidar/lidar/install/r2d2/share/r2d2/cmake/r2d2Config-version.cmake
[4.286s] -- Up-to-date: /home/lidar/lidar/install/r2d2/share/r2d2/package.xml
[4.295s] Invoked command in '/home/lidar/lidar/build/r2d2' returned '0': CMAKE_PREFIX_PATH=${CMAKE_PREFIX_PATH}:/opt/ros/iron /usr/bin/cmake --install /home/lidar/lidar/build/r2d2
