[0.105s] Invoking command in '/home/lidar/lidar/build/rplidar_ros': CMAKE_PREFIX_PATH=${CMAKE_PREFIX_PATH}:/opt/ros/iron /usr/bin/cmake --build /home/lidar/lidar/build/rplidar_ros -- -j4 -l4
[0.609s] [  5%] Built target rplidar_client
[0.653s] [ 81%] Built target rplidar_node
[0.654s] [100%] Built target rplidar_composition
[0.748s] Invoked command in '/home/lidar/lidar/build/rplidar_ros' returned '0': CMAKE_PREFIX_PATH=${CMAKE_PREFIX_PATH}:/opt/ros/iron /usr/bin/cmake --build /home/lidar/lidar/build/rplidar_ros -- -j4 -l4
[1.487s] Invoking command in '/home/lidar/lidar/build/rplidar_ros': CMAKE_PREFIX_PATH=${CMAKE_PREFIX_PATH}:/opt/ros/iron /usr/bin/cmake --install /home/lidar/lidar/build/rplidar_ros
[1.542s] -- Install configuration: ""
[1.544s] -- Up-to-date: /home/lidar/lidar/install/rplidar_ros/share/rplidar_ros/launch
[1.544s] -- Up-to-date: /home/lidar/lidar/install/rplidar_ros/share/rplidar_ros/launch/rplidar_s2_launch.py
[1.545s] -- Up-to-date: /home/lidar/lidar/install/rplidar_ros/share/rplidar_ros/launch/view_rplidar_c1_launch.py
[1.546s] -- Up-to-date: /home/lidar/lidar/install/rplidar_ros/share/rplidar_ros/launch/rplidar_c1_launch.py
[1.561s] -- Up-to-date: /home/lidar/lidar/install/rplidar_ros/share/rplidar_ros/launch/rplidar_s1_launch.py
[1.562s] -- Up-to-date: /home/lidar/lidar/install/rplidar_ros/share/rplidar_ros/launch/rplidar_a3_launch.py
[1.564s] -- Up-to-date: /home/lidar/lidar/install/rplidar_ros/share/rplidar_ros/launch/rplidar_s1_tcp_launch.py
[1.566s] -- Up-to-date: /home/lidar/lidar/install/rplidar_ros/share/rplidar_ros/launch/rplidar_t1_launch.py
[1.568s] -- Up-to-date: /home/lidar/lidar/install/rplidar_ros/share/rplidar_ros/launch/rplidar_a2m7_launch.py
[1.571s] -- Up-to-date: /home/lidar/lidar/install/rplidar_ros/share/rplidar_ros/launch/view_rplidar_t1_launch.py
[1.571s] -- Up-to-date: /home/lidar/lidar/install/rplidar_ros/share/rplidar_ros/launch/view_rplidar_a2m12_launch.py
[1.578s] -- Up-to-date: /home/lidar/lidar/install/rplidar_ros/share/rplidar_ros/launch/view_rplidar_a2m7_launch.py
[1.580s] -- Up-to-date: /home/lidar/lidar/install/rplidar_ros/share/rplidar_ros/launch/rplidar_s3_launch.py
[1.581s] -- Up-to-date: /home/lidar/lidar/install/rplidar_ros/share/rplidar_ros/launch/view_rplidar_a2m8_launch.py
[1.588s] -- Up-to-date: /home/lidar/lidar/install/rplidar_ros/share/rplidar_ros/launch/view_rplidar_a1_launchled.py
[1.601s] -- Up-to-date: /home/lidar/lidar/install/rplidar_ros/share/rplidar_ros/launch/rplidar_a1_launchleft.py
[1.602s] -- Up-to-date: /home/lidar/lidar/install/rplidar_ros/share/rplidar_ros/launch/view_rplidar_s2e_launch.py
[1.602s] -- Up-to-date: /home/lidar/lidar/install/rplidar_ros/share/rplidar_ros/launch/view_rplidar_s1_tcp_launch.py
[1.603s] -- Up-to-date: /home/lidar/lidar/install/rplidar_ros/share/rplidar_ros/launch/rplidar_a1_launchright.py
[1.604s] -- Up-to-date: /home/lidar/lidar/install/rplidar_ros/share/rplidar_ros/launch/view_rplidar_a1_launch.py
[1.605s] -- Up-to-date: /home/lidar/lidar/install/rplidar_ros/share/rplidar_ros/launch/view_rplidar_s3_launch.py
[1.606s] -- Up-to-date: /home/lidar/lidar/install/rplidar_ros/share/rplidar_ros/launch/view_rplidar_a3_launch.py
[1.607s] -- Up-to-date: /home/lidar/lidar/install/rplidar_ros/share/rplidar_ros/launch/rplidar_a2m8_launch.py
[1.612s] -- Up-to-date: /home/lidar/lidar/install/rplidar_ros/share/rplidar_ros/launch/view_rplidar_s2_launch.py
[1.632s] -- Up-to-date: /home/lidar/lidar/install/rplidar_ros/share/rplidar_ros/launch/view_rplidar_s1_launch.py
[1.634s] -- Up-to-date: /home/lidar/lidar/install/rplidar_ros/share/rplidar_ros/launch/rplidar_a2m12_launch.py
[1.636s] -- Up-to-date: /home/lidar/lidar/install/rplidar_ros/share/rplidar_ros/launch/rplidar_s2e_launch.py
[1.636s] -- Up-to-date: /home/lidar/lidar/install/rplidar_ros/share/rplidar_ros/rviz
[1.637s] -- Up-to-date: /home/lidar/lidar/install/rplidar_ros/share/rplidar_ros/rviz/rplidar_ros.rviz
[1.638s] -- Up-to-date: /home/lidar/lidar/install/rplidar_ros/lib/rplidar_ros/rplidar_node
[1.639s] -- Up-to-date: /home/lidar/lidar/install/rplidar_ros/lib/rplidar_ros/rplidar_composition
[1.640s] -- Up-to-date: /home/lidar/lidar/install/rplidar_ros/lib/rplidar_ros/rplidar_client
[1.649s] -- Up-to-date: /home/lidar/lidar/install/rplidar_ros/share/ament_index/resource_index/package_run_dependencies/rplidar_ros
[1.650s] -- Up-to-date: /home/lidar/lidar/install/rplidar_ros/share/ament_index/resource_index/parent_prefix_path/rplidar_ros
[1.652s] -- Up-to-date: /home/lidar/lidar/install/rplidar_ros/share/rplidar_ros/environment/ament_prefix_path.sh
[1.653s] -- Up-to-date: /home/lidar/lidar/install/rplidar_ros/share/rplidar_ros/environment/ament_prefix_path.dsv
[1.655s] -- Up-to-date: /home/lidar/lidar/install/rplidar_ros/share/rplidar_ros/environment/path.sh
[1.656s] -- Up-to-date: /home/lidar/lidar/install/rplidar_ros/share/rplidar_ros/environment/path.dsv
[1.657s] -- Up-to-date: /home/lidar/lidar/install/rplidar_ros/share/rplidar_ros/local_setup.bash
[1.657s] -- Up-to-date: /home/lidar/lidar/install/rplidar_ros/share/rplidar_ros/local_setup.sh
[1.661s] -- Up-to-date: /home/lidar/lidar/install/rplidar_ros/share/rplidar_ros/local_setup.zsh
[1.663s] -- Up-to-date: /home/lidar/lidar/install/rplidar_ros/share/rplidar_ros/local_setup.dsv
[1.664s] -- Installing: /home/lidar/lidar/install/rplidar_ros/share/rplidar_ros/package.dsv
[1.665s] -- Up-to-date: /home/lidar/lidar/install/rplidar_ros/share/ament_index/resource_index/packages/rplidar_ros
[1.666s] -- Up-to-date: /home/lidar/lidar/install/rplidar_ros/share/rplidar_ros/cmake/ament_cmake_export_dependencies-extras.cmake
[1.666s] -- Up-to-date: /home/lidar/lidar/install/rplidar_ros/share/rplidar_ros/cmake/ament_cmake_export_include_directories-extras.cmake
[1.667s] -- Up-to-date: /home/lidar/lidar/install/rplidar_ros/share/rplidar_ros/cmake/rplidar_rosConfig.cmake
[1.674s] -- Up-to-date: /home/lidar/lidar/install/rplidar_ros/share/rplidar_ros/cmake/rplidar_rosConfig-version.cmake
[1.676s] -- Up-to-date: /home/lidar/lidar/install/rplidar_ros/share/rplidar_ros/package.xml
[1.677s] Invoked command in '/home/lidar/lidar/build/rplidar_ros' returned '0': CMAKE_PREFIX_PATH=${CMAKE_PREFIX_PATH}:/opt/ros/iron /usr/bin/cmake --install /home/lidar/lidar/build/rplidar_ros
