[0.096s] Invoking command in '/home/lidar/lidar/build/rplidar_ros': CMAKE_PREFIX_PATH=${CMAKE_PREFIX_PATH}:/opt/ros/iron /usr/bin/cmake --build /home/lidar/lidar/build/rplidar_ros -- -j4 -l4
[0.391s] [35m[1mConsolidate compiler generated dependencies of target rplidar_client[0m
[0.402s] [35m[1mConsolidate compiler generated dependencies of target rplidar_composition[0m
[0.406s] [35m[1mConsolidate compiler generated dependencies of target rplidar_node[0m
[0.546s] [  5%] Built target rplidar_client
[0.621s] [ 52%] Built target rplidar_composition
[0.630s] [100%] Built target rplidar_node
[0.695s] Invoked command in '/home/lidar/lidar/build/rplidar_ros' returned '0': CMAKE_PREFIX_PATH=${CMAKE_PREFIX_PATH}:/opt/ros/iron /usr/bin/cmake --build /home/lidar/lidar/build/rplidar_ros -- -j4 -l4
[1.239s] Invoking command in '/home/lidar/lidar/build/rplidar_ros': CMAKE_PREFIX_PATH=${CMAKE_PREFIX_PATH}:/opt/ros/iron /usr/bin/cmake --install /home/lidar/lidar/build/rplidar_ros
[1.270s] -- Install configuration: ""
[1.270s] -- Up-to-date: /home/lidar/lidar/install/rplidar_ros/share/rplidar_ros/launch
[1.272s] -- Up-to-date: /home/lidar/lidar/install/rplidar_ros/share/rplidar_ros/launch/rplidar_s2_launch.py
[1.272s] -- Up-to-date: /home/lidar/lidar/install/rplidar_ros/share/rplidar_ros/launch/view_rplidar_c1_launch.py
[1.273s] -- Up-to-date: /home/lidar/lidar/install/rplidar_ros/share/rplidar_ros/launch/rplidar_c1_launch.py
[1.274s] -- Up-to-date: /home/lidar/lidar/install/rplidar_ros/share/rplidar_ros/launch/rplidar_s1_launch.py
[1.275s] -- Up-to-date: /home/lidar/lidar/install/rplidar_ros/share/rplidar_ros/launch/rplidar_a3_launch.py
[1.276s] -- Up-to-date: /home/lidar/lidar/install/rplidar_ros/share/rplidar_ros/launch/rplidar_s1_tcp_launch.py
[1.288s] -- Up-to-date: /home/lidar/lidar/install/rplidar_ros/share/rplidar_ros/launch/rplidar_t1_launch.py
[1.290s] -- Up-to-date: /home/lidar/lidar/install/rplidar_ros/share/rplidar_ros/launch/rplidar_a2m7_launch.py
[1.291s] -- Up-to-date: /home/lidar/lidar/install/rplidar_ros/share/rplidar_ros/launch/view_rplidar_t1_launch.py
[1.293s] -- Up-to-date: /home/lidar/lidar/install/rplidar_ros/share/rplidar_ros/launch/view_rplidar_a2m12_launch.py
[1.294s] -- Up-to-date: /home/lidar/lidar/install/rplidar_ros/share/rplidar_ros/launch/view_rplidar_a2m7_launch.py
[1.295s] -- Up-to-date: /home/lidar/lidar/install/rplidar_ros/share/rplidar_ros/launch/rplidar_s3_launch.py
[1.295s] -- Up-to-date: /home/lidar/lidar/install/rplidar_ros/share/rplidar_ros/launch/view_rplidar_a2m8_launch.py
[1.296s] -- Up-to-date: /home/lidar/lidar/install/rplidar_ros/share/rplidar_ros/launch/view_rplidar_a1_launchled.py
[1.297s] -- Up-to-date: /home/lidar/lidar/install/rplidar_ros/share/rplidar_ros/launch/rplidar_a1_launchleft.py
[1.298s] -- Up-to-date: /home/lidar/lidar/install/rplidar_ros/share/rplidar_ros/launch/view_rplidar_s2e_launch.py
[1.299s] -- Up-to-date: /home/lidar/lidar/install/rplidar_ros/share/rplidar_ros/launch/view_rplidar_s1_tcp_launch.py
[1.300s] -- Up-to-date: /home/lidar/lidar/install/rplidar_ros/share/rplidar_ros/launch/rplidar_a1_launchright.py
[1.301s] -- Up-to-date: /home/lidar/lidar/install/rplidar_ros/share/rplidar_ros/launch/view_rplidar_a1_launch.py
[1.301s] -- Up-to-date: /home/lidar/lidar/install/rplidar_ros/share/rplidar_ros/launch/view_rplidar_s3_launch.py
[1.302s] -- Up-to-date: /home/lidar/lidar/install/rplidar_ros/share/rplidar_ros/launch/view_rplidar_a3_launch.py
[1.303s] -- Up-to-date: /home/lidar/lidar/install/rplidar_ros/share/rplidar_ros/launch/rplidar_a2m8_launch.py
[1.304s] -- Up-to-date: /home/lidar/lidar/install/rplidar_ros/share/rplidar_ros/launch/view_rplidar_s2_launch.py
[1.305s] -- Up-to-date: /home/lidar/lidar/install/rplidar_ros/share/rplidar_ros/launch/view_rplidar_s1_launch.py
[1.307s] -- Up-to-date: /home/lidar/lidar/install/rplidar_ros/share/rplidar_ros/launch/rplidar_a2m12_launch.py
[1.308s] -- Up-to-date: /home/lidar/lidar/install/rplidar_ros/share/rplidar_ros/launch/rplidar_s2e_launch.py
[1.309s] -- Up-to-date: /home/lidar/lidar/install/rplidar_ros/share/rplidar_ros/rviz
[1.310s] -- Up-to-date: /home/lidar/lidar/install/rplidar_ros/share/rplidar_ros/rviz/rplidar_ros.rviz
[1.311s] -- Up-to-date: /home/lidar/lidar/install/rplidar_ros/lib/rplidar_ros/rplidar_node
[1.311s] -- Up-to-date: /home/lidar/lidar/install/rplidar_ros/lib/rplidar_ros/rplidar_composition
[1.311s] -- Up-to-date: /home/lidar/lidar/install/rplidar_ros/lib/rplidar_ros/rplidar_client
[1.313s] -- Up-to-date: /home/lidar/lidar/install/rplidar_ros/share/ament_index/resource_index/package_run_dependencies/rplidar_ros
[1.314s] -- Up-to-date: /home/lidar/lidar/install/rplidar_ros/share/ament_index/resource_index/parent_prefix_path/rplidar_ros
[1.314s] -- Up-to-date: /home/lidar/lidar/install/rplidar_ros/share/rplidar_ros/environment/ament_prefix_path.sh
[1.314s] -- Up-to-date: /home/lidar/lidar/install/rplidar_ros/share/rplidar_ros/environment/ament_prefix_path.dsv
[1.316s] -- Up-to-date: /home/lidar/lidar/install/rplidar_ros/share/rplidar_ros/environment/path.sh
[1.317s] -- Up-to-date: /home/lidar/lidar/install/rplidar_ros/share/rplidar_ros/environment/path.dsv
[1.317s] -- Up-to-date: /home/lidar/lidar/install/rplidar_ros/share/rplidar_ros/local_setup.bash
[1.317s] -- Up-to-date: /home/lidar/lidar/install/rplidar_ros/share/rplidar_ros/local_setup.sh
[1.318s] -- Up-to-date: /home/lidar/lidar/install/rplidar_ros/share/rplidar_ros/local_setup.zsh
[1.319s] -- Up-to-date: /home/lidar/lidar/install/rplidar_ros/share/rplidar_ros/local_setup.dsv
[1.319s] -- Installing: /home/lidar/lidar/install/rplidar_ros/share/rplidar_ros/package.dsv
[1.320s] -- Up-to-date: /home/lidar/lidar/install/rplidar_ros/share/ament_index/resource_index/packages/rplidar_ros
[1.320s] -- Up-to-date: /home/lidar/lidar/install/rplidar_ros/share/rplidar_ros/cmake/ament_cmake_export_dependencies-extras.cmake
[1.320s] -- Up-to-date: /home/lidar/lidar/install/rplidar_ros/share/rplidar_ros/cmake/ament_cmake_export_include_directories-extras.cmake
[1.321s] -- Up-to-date: /home/lidar/lidar/install/rplidar_ros/share/rplidar_ros/cmake/rplidar_rosConfig.cmake
[1.321s] -- Up-to-date: /home/lidar/lidar/install/rplidar_ros/share/rplidar_ros/cmake/rplidar_rosConfig-version.cmake
[1.322s] -- Up-to-date: /home/lidar/lidar/install/rplidar_ros/share/rplidar_ros/package.xml
[1.323s] Invoked command in '/home/lidar/lidar/build/rplidar_ros' returned '0': CMAKE_PREFIX_PATH=${CMAKE_PREFIX_PATH}:/opt/ros/iron /usr/bin/cmake --install /home/lidar/lidar/build/rplidar_ros
