[0.111s] Invoking command in '/home/lidar/lidar/build/r2d2': CMAKE_PREFIX_PATH=${CMAKE_PREFIX_PATH}:/opt/ros/iron /usr/bin/cmake --build /home/lidar/lidar/build/r2d2 -- -j4 -l4
[0.536s] Built target ament_cmake_python_copy_r2d2
[2.249s] running egg_info
[2.253s] writing r2d2.egg-info/PKG-INFO
[2.256s] writing dependency_links to r2d2.egg-info/dependency_links.txt
[2.258s] writing top-level names to r2d2.egg-info/top_level.txt
[2.275s] reading manifest file 'r2d2.egg-info/SOURCES.txt'
[2.280s] writing manifest file 'r2d2.egg-info/SOURCES.txt'
[2.427s] Built target ament_cmake_python_build_r2d2_egg
[2.474s] Invoked command in '/home/lidar/lidar/build/r2d2' returned '0': CMAKE_PREFIX_PATH=${CMAKE_PREFIX_PATH}:/opt/ros/iron /usr/bin/cmake --build /home/lidar/lidar/build/r2d2 -- -j4 -l4
[2.625s] Invoking command in '/home/lidar/lidar/build/r2d2': CMAKE_PREFIX_PATH=${CMAKE_PREFIX_PATH}:/opt/ros/iron /usr/bin/cmake --install /home/lidar/lidar/build/r2d2
[2.663s] -- Install configuration: ""
[2.663s] -- Up-to-date: /home/lidar/lidar/install/r2d2/share/r2d2/config
[2.664s] -- Up-to-date: /home/lidar/lidar/install/r2d2/share/r2d2/config/realsense_config.json
[2.665s] -- Up-to-date: /home/lidar/lidar/install/r2d2/share/r2d2/config/atirobotbase.yaml
[2.666s] -- Up-to-date: /home/lidar/lidar/install/r2d2/share/r2d2/config/realsense-jo.json
[2.667s] -- Up-to-date: /home/lidar/lidar/install/r2d2/share/r2d2/config/mentes.json
[2.668s] -- Up-to-date: /home/lidar/lidar/install/r2d2/share/r2d2/config/filter_right.yaml
[2.668s] -- Up-to-date: /home/lidar/lidar/install/r2d2/share/r2d2/config/ekfultimate2.yaml
[2.669s] -- Up-to-date: /home/lidar/lidar/install/r2d2/share/r2d2/config/filter_left.yaml
[2.670s] -- Up-to-date: /home/lidar/lidar/install/r2d2/share/r2d2/config/.history
[2.670s] -- Up-to-date: /home/lidar/lidar/install/r2d2/share/r2d2/config/.history/realsense_config_20240419140425.json
[2.671s] -- Up-to-date: /home/lidar/lidar/install/r2d2/share/r2d2/config/.history/realsense_config_20240419125117.json
[2.672s] -- Up-to-date: /home/lidar/lidar/install/r2d2/share/r2d2/config/.history/realsense_config_20240419131733.json
[2.673s] -- Up-to-date: /home/lidar/lidar/install/r2d2/share/r2d2/config/.history/realsense_config_20240419131656.json
[2.674s] -- Up-to-date: /home/lidar/lidar/install/r2d2/share/r2d2/config/.history/realsense_config_20240419125304.json
[2.674s] -- Up-to-date: /home/lidar/lidar/install/r2d2/share/r2d2/config/.history/realsense_config_20240419140424.json
[2.675s] -- Up-to-date: /home/lidar/lidar/install/r2d2/share/r2d2/config/.history/realsense_config_20240419125303.json
[2.675s] -- Up-to-date: /home/lidar/lidar/install/r2d2/share/r2d2/config/.history/realsense_config_20240419125252.json
[2.676s] -- Up-to-date: /home/lidar/lidar/install/r2d2/share/r2d2/config/.history/realsense_config_20240419125047.json
[2.676s] -- Up-to-date: /home/lidar/lidar/install/r2d2/share/r2d2/config/.history/realsense_config_20240419131509.json
[2.677s] -- Up-to-date: /home/lidar/lidar/install/r2d2/share/r2d2/config/ekfultimate3.yaml
[2.677s] -- Up-to-date: /home/lidar/lidar/install/r2d2/share/r2d2/config/realsense-default.json
[2.678s] -- Up-to-date: /home/lidar/lidar/install/r2d2/share/r2d2/config/file.txt
[2.678s] -- Up-to-date: /home/lidar/lidar/install/r2d2/share/r2d2/config/ekfultimate.yaml
[2.679s] -- Up-to-date: /home/lidar/lidar/install/r2d2/share/r2d2/launch
[2.679s] -- Up-to-date: /home/lidar/lidar/install/r2d2/share/r2d2/launch/nav2.py
[2.680s] -- Up-to-date: /home/lidar/lidar/install/r2d2/share/r2d2/launch/mergeros2.cpp
[2.680s] -- Up-to-date: /home/lidar/lidar/install/r2d2/share/r2d2/launch/slamv2.py
[2.681s] -- Up-to-date: /home/lidar/lidar/install/r2d2/share/r2d2/launch/mlauncher.py
[2.682s] -- Up-to-date: /home/lidar/lidar/install/r2d2/share/r2d2/launch/simulation.py
[2.682s] -- Up-to-date: /home/lidar/lidar/install/r2d2/share/r2d2/launch/gazebo.launch
[2.683s] -- Up-to-date: /home/lidar/lidar/install/r2d2/share/r2d2/launch/launcher.py
[2.683s] -- Up-to-date: /home/lidar/lidar/install/r2d2/share/r2d2/launch/robotlocalization2.py
[2.684s] -- Up-to-date: /home/lidar/lidar/install/r2d2/share/r2d2/launch/atibotlaunchv2.py
[2.684s] -- Up-to-date: /home/lidar/lidar/install/r2d2/share/r2d2/launch/mentes.py
[2.685s] -- Up-to-date: /home/lidar/lidar/install/r2d2/share/r2d2/launch/alexkamera.py
[2.685s] -- Up-to-date: /home/lidar/lidar/install/r2d2/share/r2d2/launch/slam.py
[2.685s] -- Up-to-date: /home/lidar/lidar/install/r2d2/share/r2d2/launch/atibottest.py
[2.686s] -- Up-to-date: /home/lidar/lidar/install/r2d2/share/r2d2/launch/.history
[2.686s] -- Up-to-date: /home/lidar/lidar/install/r2d2/share/r2d2/launch/.history/mlauncher_20240702101123.py
[2.687s] -- Up-to-date: /home/lidar/lidar/install/r2d2/share/r2d2/launch/.history/mlauncher_20240702100919.py
[2.687s] -- Up-to-date: /home/lidar/lidar/install/r2d2/share/r2d2/launch/.history/launcher_20240613095539.py
[2.687s] -- Up-to-date: /home/lidar/lidar/install/r2d2/share/r2d2/launch/.history/mlauncher_20240702101207.py
[2.688s] -- Up-to-date: /home/lidar/lidar/install/r2d2/share/r2d2/launch/.history/mlauncher_20240702101122.py
[2.688s] -- Up-to-date: /home/lidar/lidar/install/r2d2/share/r2d2/launch/.history/mlauncher_20240702101018.py
[2.689s] -- Up-to-date: /home/lidar/lidar/install/r2d2/share/r2d2/launch/.history/mlauncher_20240702101208.py
[2.689s] -- Up-to-date: /home/lidar/lidar/install/r2d2/share/r2d2/launch/launcg
[2.689s] -- Up-to-date: /home/lidar/lidar/install/r2d2/share/r2d2/launch/display.launch
[2.689s] -- Up-to-date: /home/lidar/lidar/install/r2d2/share/r2d2/launch/launchermentesmukodo.py
[2.690s] -- Up-to-date: /home/lidar/lidar/install/r2d2/share/r2d2/launch/CUDAELOTTISZAR.py
[2.690s] -- Up-to-date: /home/lidar/lidar/install/r2d2/share/r2d2/launch/atibotlaunch.py
[2.690s] -- Up-to-date: /home/lidar/lidar/install/r2d2/share/r2d2/launch/nav2launch.py
[2.691s] -- Up-to-date: /home/lidar/lidar/install/r2d2/share/r2d2/launch/merge.py
[2.691s] -- Up-to-date: /home/lidar/lidar/install/r2d2/share/r2d2/launch/atibot_nav2_v1.py
[2.692s] -- Up-to-date: /home/lidar/lidar/install/r2d2/share/r2d2/launch/test.py
[2.692s] -- Up-to-date: /home/lidar/lidar/install/r2d2/share/r2d2/launch/map_saver.py
[2.693s] -- Up-to-date: /home/lidar/lidar/install/r2d2/share/r2d2/launch/robotlocalization.py
[2.693s] -- Up-to-date: /home/lidar/lidar/install/r2d2/share/r2d2/launch/atibotslam.py
[2.694s] -- Up-to-date: /home/lidar/lidar/install/r2d2/share/r2d2/launch/camera.py
[2.694s] -- Up-to-date: /home/lidar/lidar/install/r2d2/share/r2d2/launch/basic_launch_nav2_v2.py
[2.695s] -- Up-to-date: /home/lidar/lidar/install/r2d2/share/r2d2/launch/robotstate.py
[2.695s] -- Up-to-date: /home/lidar/lidar/install/r2d2/share/r2d2/launch/lidar.py
[2.696s] -- Up-to-date: /home/lidar/lidar/install/r2d2/share/r2d2/launch/launchcam.py
[2.696s] -- Up-to-date: /home/lidar/lidar/install/r2d2/share/r2d2/launch/slamv3d.py
[2.696s] -- Up-to-date: /home/lidar/lidar/install/r2d2/share/r2d2/launch/slamv3.py
[2.697s] -- Up-to-date: /home/lidar/lidar/install/r2d2/share/r2d2/launch/realsense_launch.py
[2.697s] -- Up-to-date: /home/lidar/lidar/install/r2d2/share/r2d2/launch/localization.py
[2.698s] -- Up-to-date: /home/lidar/lidar/install/r2d2/share/r2d2/launch/hoverboard_launch.py
[2.698s] -- Installing: /home/lidar/lidar/install/r2d2/share/r2d2/launch/lidartest.py
[2.699s] -- Up-to-date: /home/lidar/lidar/install/r2d2/share/r2d2/meshes
[2.699s] -- Up-to-date: /home/lidar/lidar/install/r2d2/share/r2d2/meshes/d435.dae
[2.700s] -- Up-to-date: /home/lidar/lidar/install/r2d2/share/r2d2/meshes/robotbase.stl
[2.700s] -- Up-to-date: /home/lidar/lidar/install/r2d2/share/r2d2/meshes/drivewhl_r_link.STL
[2.701s] -- Up-to-date: /home/lidar/lidar/install/r2d2/share/r2d2/meshes/d415.stl
[2.701s] -- Up-to-date: /home/lidar/lidar/install/r2d2/share/r2d2/meshes/drivewhl_l_link.STL
[2.702s] -- Up-to-date: /home/lidar/lidar/install/r2d2/share/r2d2/urdf
[2.702s] -- Up-to-date: /home/lidar/lidar/install/r2d2/share/r2d2/urdf/atirobotbase.urdf
[2.703s] -- Up-to-date: /home/lidar/lidar/install/r2d2/share/r2d2/urdf/_materials.urdf.xacro
[2.703s] -- Up-to-date: /home/lidar/lidar/install/r2d2/share/r2d2/urdf/atirobotbase copy.urdf
[2.704s] -- Up-to-date: /home/lidar/lidar/install/r2d2/share/r2d2/urdf/atirobotbase copy 2.urdf
[2.704s] -- Up-to-date: /home/lidar/lidar/install/r2d2/share/r2d2/urdf/_d435.urdf.xacro
[2.704s] -- Up-to-date: /home/lidar/lidar/install/r2d2/share/r2d2/models
[2.705s] -- Up-to-date: /home/lidar/lidar/install/r2d2/share/r2d2/models/r2d2.urdf
[2.705s] -- Up-to-date: /home/lidar/lidar/install/r2d2/share/r2d2/models/normalis.urdf
[2.706s] -- Up-to-date: /home/lidar/lidar/install/r2d2/share/r2d2/models/ati_bot_description
[2.706s] -- Up-to-date: /home/lidar/lidar/install/r2d2/share/r2d2/models/ati_bot_description/model_v3.sdf
[2.707s] -- Up-to-date: /home/lidar/lidar/install/r2d2/share/r2d2/models/ati_bot_description/model_v2.sdf
[2.707s] -- Up-to-date: /home/lidar/lidar/install/r2d2/share/r2d2/models/ati_bot_description/newmodel.sdf
[2.708s] -- Up-to-date: /home/lidar/lidar/install/r2d2/share/r2d2/models/ati_bot_description/model.config
[2.708s] -- Up-to-date: /home/lidar/lidar/install/r2d2/share/r2d2/models/ati_bot_description/model.sdf
[2.709s] -- Up-to-date: /home/lidar/lidar/install/r2d2/share/r2d2/models/ati_bot_description/meshes
[2.709s] -- Up-to-date: /home/lidar/lidar/install/r2d2/share/r2d2/models/ati_bot_description/meshes/robotbase.stl
[2.710s] -- Up-to-date: /home/lidar/lidar/install/r2d2/share/r2d2/models/ati_bot_description/meshes/base_link.stl
[2.710s] -- Up-to-date: /home/lidar/lidar/install/r2d2/share/r2d2/models/ati_bot_description/meshes/linkLeft_link.STL
[2.710s] -- Up-to-date: /home/lidar/lidar/install/r2d2/share/r2d2/models/ati_bot_description/meshes/wrist.stl
[2.711s] -- Up-to-date: /home/lidar/lidar/install/r2d2/share/r2d2/models/ati_bot_description/meshes/linkRight_link.STL
[2.711s] -- Up-to-date: /home/lidar/lidar/install/r2d2/share/r2d2/models/ati_bot_description/meshes/elbow.stl
[2.712s] -- Up-to-date: /home/lidar/lidar/install/r2d2/share/r2d2/models/ati_bot_description/meshes/bicep.stl
[2.712s] -- Up-to-date: /home/lidar/lidar/install/r2d2/share/r2d2/models/ati_bot_description/meshes/arm_base.stl
[2.712s] -- Up-to-date: /home/lidar/lidar/install/r2d2/share/r2d2/models/ati_bot_description/meshes/robot_base.stl
[2.713s] -- Up-to-date: /home/lidar/lidar/install/r2d2/share/r2d2/models/ati_bot_description/meshes/wheel.stl
[2.713s] -- Up-to-date: /home/lidar/lidar/install/r2d2/share/r2d2/models/conveyor
[2.714s] -- Up-to-date: /home/lidar/lidar/install/r2d2/share/r2d2/models/conveyor/model(1).sdf
[2.715s] -- Up-to-date: /home/lidar/lidar/install/r2d2/share/r2d2/models/conveyor/model(2).sdf
[2.715s] -- Up-to-date: /home/lidar/lidar/install/r2d2/share/r2d2/models/conveyor/model(2).config
[2.716s] -- Up-to-date: /home/lidar/lidar/install/r2d2/share/r2d2/models/conveyor/model(1).config
[2.716s] -- Up-to-date: /home/lidar/lidar/install/r2d2/share/r2d2/models/conveyor/model.config
[2.717s] -- Up-to-date: /home/lidar/lidar/install/r2d2/share/r2d2/models/conveyor/model.sdf
[2.717s] -- Up-to-date: /home/lidar/lidar/install/r2d2/share/r2d2/models/conveyor/meshes
[2.717s] -- Up-to-date: /home/lidar/lidar/install/r2d2/share/r2d2/models/conveyor/meshes/conveyor(1).obj
[2.718s] -- Up-to-date: /home/lidar/lidar/install/r2d2/share/r2d2/models/conveyor/meshes/conveyor2.dae
[2.718s] -- Up-to-date: /home/lidar/lidar/install/r2d2/share/r2d2/models/conveyor/meshes/conveyor(2).dae
[2.719s] -- Up-to-date: /home/lidar/lidar/install/r2d2/share/r2d2/models/conveyor/meshes/conveyor(2).obj
[2.719s] -- Up-to-date: /home/lidar/lidar/install/r2d2/share/r2d2/models/conveyor/meshes/conveyor(1).dae
[2.719s] -- Up-to-date: /home/lidar/lidar/install/r2d2/share/r2d2/models/conveyor/meshes/conveyor2(2).dae
[2.720s] -- Up-to-date: /home/lidar/lidar/install/r2d2/share/r2d2/models/conveyor/meshes/conveyor.dae
[2.720s] -- Up-to-date: /home/lidar/lidar/install/r2d2/share/r2d2/models/conveyor/meshes/conveyor.obj
[2.721s] -- Up-to-date: /home/lidar/lidar/install/r2d2/share/r2d2/models/conveyor/meshes/conveyor2(1).dae
[2.721s] -- Up-to-date: /home/lidar/lidar/install/r2d2/share/r2d2/models/vikirobot.urdf
[2.722s] -- Up-to-date: /home/lidar/lidar/install/r2d2/share/r2d2/models/r2d2mentes..urdf
[2.722s] -- Up-to-date: /home/lidar/lidar/install/r2d2/share/r2d2/models/atirobotbase.urdf
[2.723s] -- Up-to-date: /home/lidar/lidar/install/r2d2/share/r2d2/models/_materials.urdf.xacro
[2.723s] -- Up-to-date: /home/lidar/lidar/install/r2d2/share/r2d2/models/charging_dock
[2.724s] -- Up-to-date: /home/lidar/lidar/install/r2d2/share/r2d2/models/charging_dock/model.sdf~
[2.724s] -- Up-to-date: /home/lidar/lidar/install/r2d2/share/r2d2/models/charging_dock/materials
[2.725s] -- Up-to-date: /home/lidar/lidar/install/r2d2/share/r2d2/models/charging_dock/materials/textures
[2.725s] -- Up-to-date: /home/lidar/lidar/install/r2d2/share/r2d2/models/charging_dock/materials/textures/BKP_Marker0.png
[2.726s] -- Up-to-date: /home/lidar/lidar/install/r2d2/share/r2d2/models/charging_dock/materials/textures/Marker0.png
[2.726s] -- Up-to-date: /home/lidar/lidar/install/r2d2/share/r2d2/models/charging_dock/model-1_4.sdf~
[2.727s] -- Up-to-date: /home/lidar/lidar/install/r2d2/share/r2d2/models/charging_dock/model.config~.xml
[2.727s] -- Up-to-date: /home/lidar/lidar/install/r2d2/share/r2d2/models/charging_dock/model-1_5.sdf~
[2.728s] -- Up-to-date: /home/lidar/lidar/install/r2d2/share/r2d2/models/charging_dock/model.config
[2.728s] -- Up-to-date: /home/lidar/lidar/install/r2d2/share/r2d2/models/charging_dock/model.sdf
[2.728s] -- Up-to-date: /home/lidar/lidar/install/r2d2/share/r2d2/models/charging_dock/meshes
[2.729s] -- Up-to-date: /home/lidar/lidar/install/r2d2/share/r2d2/models/charging_dock/meshes/Marker0.dae
[2.729s] -- Up-to-date: /home/lidar/lidar/install/r2d2/share/r2d2/models/workcell
[2.730s] -- Up-to-date: /home/lidar/lidar/install/r2d2/share/r2d2/models/workcell/materials
[2.731s] -- Up-to-date: /home/lidar/lidar/install/r2d2/share/r2d2/models/workcell/materials/textures
[2.731s] -- Up-to-date: /home/lidar/lidar/install/r2d2/share/r2d2/models/workcell/materials/textures/RollupDoor.png
[2.732s] -- Up-to-date: /home/lidar/lidar/install/r2d2/share/r2d2/models/workcell/materials/textures/Bin(1).png
[2.732s] -- Up-to-date: /home/lidar/lidar/install/r2d2/share/r2d2/models/workcell/materials/textures/Shelves(1).png
[2.732s] -- Up-to-date: /home/lidar/lidar/install/r2d2/share/r2d2/models/workcell/materials/textures/Wall_Corrugated.png
[2.733s] -- Up-to-date: /home/lidar/lidar/install/r2d2/share/r2d2/models/workcell/materials/textures/Yellow(1).png
[2.733s] -- Up-to-date: /home/lidar/lidar/install/r2d2/share/r2d2/models/workcell/materials/textures/Plywood(2).png
[2.734s] -- Up-to-date: /home/lidar/lidar/install/r2d2/share/r2d2/models/workcell/materials/textures/Pillar.png
[2.734s] -- Up-to-date: /home/lidar/lidar/install/r2d2/share/r2d2/models/workcell/materials/textures/ControlPanel.png
[2.735s] -- Up-to-date: /home/lidar/lidar/install/r2d2/share/r2d2/models/workcell/materials/textures/RubberMat(1).png
[2.735s] -- Up-to-date: /home/lidar/lidar/install/r2d2/share/r2d2/models/workcell/materials/textures/Yellow.png
[2.736s] -- Up-to-date: /home/lidar/lidar/install/r2d2/share/r2d2/models/workcell/materials/textures/RollupDoor(2).png
[2.736s] -- Up-to-date: /home/lidar/lidar/install/r2d2/share/r2d2/models/workcell/materials/textures/Wall_Concrete(2).png
[2.736s] -- Up-to-date: /home/lidar/lidar/install/r2d2/share/r2d2/models/workcell/materials/textures/Conveyor.png
[2.737s] -- Up-to-date: /home/lidar/lidar/install/r2d2/share/r2d2/models/workcell/materials/textures/PalletWrap(1).png
[2.737s] -- Up-to-date: /home/lidar/lidar/install/r2d2/share/r2d2/models/workcell/materials/textures/Yellow(2).png
[2.738s] -- Up-to-date: /home/lidar/lidar/install/r2d2/share/r2d2/models/workcell/materials/textures/Wall_Concrete(1).png
[2.738s] -- Up-to-date: /home/lidar/lidar/install/r2d2/share/r2d2/models/workcell/materials/textures/Pallet(2).png
[2.739s] -- Up-to-date: /home/lidar/lidar/install/r2d2/share/r2d2/models/workcell/materials/textures/RubberMat.png
[2.739s] -- Up-to-date: /home/lidar/lidar/install/r2d2/share/r2d2/models/workcell/materials/textures/Door_Window.png
[2.740s] -- Up-to-date: /home/lidar/lidar/install/r2d2/share/r2d2/models/workcell/materials/textures/Floor(1).png
[2.740s] -- Up-to-date: /home/lidar/lidar/install/r2d2/share/r2d2/models/workcell/materials/textures/Bin(2).png
[2.740s] -- Up-to-date: /home/lidar/lidar/install/r2d2/share/r2d2/models/workcell/materials/textures/CardboardBoxes(2).png
[2.741s] -- Up-to-date: /home/lidar/lidar/install/r2d2/share/r2d2/models/workcell/materials/textures/CardboardBoxes(1).png
[2.741s] -- Up-to-date: /home/lidar/lidar/install/r2d2/share/r2d2/models/workcell/materials/textures/Floor.png
[2.742s] -- Up-to-date: /home/lidar/lidar/install/r2d2/share/r2d2/models/workcell/materials/textures/PalletWrap(2).png
[2.743s] -- Up-to-date: /home/lidar/lidar/install/r2d2/share/r2d2/models/workcell/materials/textures/Floor(2).png
[2.743s] -- Up-to-date: /home/lidar/lidar/install/r2d2/share/r2d2/models/workcell/materials/textures/RubberMat(2).png
[2.744s] -- Up-to-date: /home/lidar/lidar/install/r2d2/share/r2d2/models/workcell/materials/textures/Door_Window(2).png
[2.745s] -- Up-to-date: /home/lidar/lidar/install/r2d2/share/r2d2/models/workcell/materials/textures/Mesh(1).png
[2.745s] -- Up-to-date: /home/lidar/lidar/install/r2d2/share/r2d2/models/workcell/materials/textures/Wall_Concrete.png
[2.746s] -- Up-to-date: /home/lidar/lidar/install/r2d2/share/r2d2/models/workcell/materials/textures/Bin.png
[2.746s] -- Up-to-date: /home/lidar/lidar/install/r2d2/share/r2d2/models/workcell/materials/textures/CardboardBoxes.png
[2.747s] -- Up-to-date: /home/lidar/lidar/install/r2d2/share/r2d2/models/workcell/materials/textures/ControlPanel(2).png
[2.748s] -- Up-to-date: /home/lidar/lidar/install/r2d2/share/r2d2/models/workcell/materials/textures/PalletWrap.png
[2.748s] -- Up-to-date: /home/lidar/lidar/install/r2d2/share/r2d2/models/workcell/materials/textures/Pillar(2).png
[2.749s] -- Up-to-date: /home/lidar/lidar/install/r2d2/share/r2d2/models/workcell/materials/textures/WorkCell_Render(2).png
[2.749s] -- Up-to-date: /home/lidar/lidar/install/r2d2/share/r2d2/models/workcell/materials/textures/WorkCell_Render.png
[2.750s] -- Up-to-date: /home/lidar/lidar/install/r2d2/share/r2d2/models/workcell/materials/textures/Plywood(1).png
[2.750s] -- Up-to-date: /home/lidar/lidar/install/r2d2/share/r2d2/models/workcell/materials/textures/Plywood.png
[2.751s] -- Up-to-date: /home/lidar/lidar/install/r2d2/share/r2d2/models/workcell/materials/textures/Wall_Corrugated(2).png
[2.754s] -- Up-to-date: /home/lidar/lidar/install/r2d2/share/r2d2/models/workcell/materials/textures/ControlPanel(1).png
[2.755s] -- Up-to-date: /home/lidar/lidar/install/r2d2/share/r2d2/models/workcell/materials/textures/Stairs(1).png
[2.755s] -- Up-to-date: /home/lidar/lidar/install/r2d2/share/r2d2/models/workcell/materials/textures/Pallet(1).png
[2.756s] -- Up-to-date: /home/lidar/lidar/install/r2d2/share/r2d2/models/workcell/materials/textures/Shelves.png
[2.757s] -- Up-to-date: /home/lidar/lidar/install/r2d2/share/r2d2/models/workcell/materials/textures/Stairs(2).png
[2.757s] -- Up-to-date: /home/lidar/lidar/install/r2d2/share/r2d2/models/workcell/materials/textures/Conveyor(1).png
[2.758s] -- Up-to-date: /home/lidar/lidar/install/r2d2/share/r2d2/models/workcell/materials/textures/Conveyor(2).png
[2.758s] -- Up-to-date: /home/lidar/lidar/install/r2d2/share/r2d2/models/workcell/materials/textures/Mesh.png
[2.759s] -- Up-to-date: /home/lidar/lidar/install/r2d2/share/r2d2/models/workcell/materials/textures/Pillar(1).png
[2.759s] -- Up-to-date: /home/lidar/lidar/install/r2d2/share/r2d2/models/workcell/materials/textures/Stairs.png
[2.760s] -- Up-to-date: /home/lidar/lidar/install/r2d2/share/r2d2/models/workcell/materials/textures/Shelves(2).png
[2.760s] -- Up-to-date: /home/lidar/lidar/install/r2d2/share/r2d2/models/workcell/materials/textures/Mesh(2).png
[2.761s] -- Up-to-date: /home/lidar/lidar/install/r2d2/share/r2d2/models/workcell/materials/textures/RollupDoor(1).png
[2.761s] -- Up-to-date: /home/lidar/lidar/install/r2d2/share/r2d2/models/workcell/materials/textures/Pallet.png
[2.762s] -- Up-to-date: /home/lidar/lidar/install/r2d2/share/r2d2/models/workcell/materials/textures/Wall_Corrugated(1).png
[2.762s] -- Up-to-date: /home/lidar/lidar/install/r2d2/share/r2d2/models/workcell/materials/textures/WorkCell_Render(1).png
[2.763s] -- Up-to-date: /home/lidar/lidar/install/r2d2/share/r2d2/models/workcell/materials/textures/Door_Window(1).png
[2.764s] -- Up-to-date: /home/lidar/lidar/install/r2d2/share/r2d2/models/workcell/model(1).sdf
[2.764s] -- Up-to-date: /home/lidar/lidar/install/r2d2/share/r2d2/models/workcell/model(2).sdf
[2.765s] -- Up-to-date: /home/lidar/lidar/install/r2d2/share/r2d2/models/workcell/model(2).config
[2.765s] -- Up-to-date: /home/lidar/lidar/install/r2d2/share/r2d2/models/workcell/model(1).config
[2.766s] -- Up-to-date: /home/lidar/lidar/install/r2d2/share/r2d2/models/workcell/model.config
[2.766s] -- Up-to-date: /home/lidar/lidar/install/r2d2/share/r2d2/models/workcell/model.sdf
[2.767s] -- Up-to-date: /home/lidar/lidar/install/r2d2/share/r2d2/models/workcell/meshes
[2.767s] -- Up-to-date: /home/lidar/lidar/install/r2d2/share/r2d2/models/workcell/meshes/mesh.dae
[2.768s] -- Up-to-date: /home/lidar/lidar/install/r2d2/share/r2d2/models/workcell/meshes/mesh(1).dae
[2.769s] -- Up-to-date: /home/lidar/lidar/install/r2d2/share/r2d2/models/workcell/meshes/mesh_backup(2).dae
[2.769s] -- Up-to-date: /home/lidar/lidar/install/r2d2/share/r2d2/models/workcell/meshes/mesh_backup.dae
[2.770s] -- Up-to-date: /home/lidar/lidar/install/r2d2/share/r2d2/models/workcell/meshes/mesh_backup(1).dae
[2.770s] -- Up-to-date: /home/lidar/lidar/install/r2d2/share/r2d2/models/workcell/meshes/mesh(2).dae
[2.771s] -- Up-to-date: /home/lidar/lidar/install/r2d2/share/r2d2/models/workcell_bin
[2.772s] -- Up-to-date: /home/lidar/lidar/install/r2d2/share/r2d2/models/workcell_bin/materials
[2.772s] -- Up-to-date: /home/lidar/lidar/install/r2d2/share/r2d2/models/workcell_bin/materials/textures
[2.772s] -- Up-to-date: /home/lidar/lidar/install/r2d2/share/r2d2/models/workcell_bin/materials/textures/bin(2).png
[2.773s] -- Up-to-date: /home/lidar/lidar/install/r2d2/share/r2d2/models/workcell_bin/materials/textures/bin.png
[2.773s] -- Up-to-date: /home/lidar/lidar/install/r2d2/share/r2d2/models/workcell_bin/materials/textures/bin(1).png
[2.774s] -- Up-to-date: /home/lidar/lidar/install/r2d2/share/r2d2/models/workcell_bin/model(1).sdf
[2.775s] -- Up-to-date: /home/lidar/lidar/install/r2d2/share/r2d2/models/workcell_bin/model(2).sdf
[2.775s] -- Up-to-date: /home/lidar/lidar/install/r2d2/share/r2d2/models/workcell_bin/model(2).config
[2.776s] -- Up-to-date: /home/lidar/lidar/install/r2d2/share/r2d2/models/workcell_bin/model(1).config
[2.776s] -- Up-to-date: /home/lidar/lidar/install/r2d2/share/r2d2/models/workcell_bin/model.config
[2.777s] -- Up-to-date: /home/lidar/lidar/install/r2d2/share/r2d2/models/workcell_bin/model.sdf
[2.777s] -- Up-to-date: /home/lidar/lidar/install/r2d2/share/r2d2/models/workcell_bin/meshes
[2.778s] -- Up-to-date: /home/lidar/lidar/install/r2d2/share/r2d2/models/workcell_bin/meshes/bin(2).dae
[2.778s] -- Up-to-date: /home/lidar/lidar/install/r2d2/share/r2d2/models/workcell_bin/meshes/bin(1).dae
[2.779s] -- Up-to-date: /home/lidar/lidar/install/r2d2/share/r2d2/models/workcell_bin/meshes/bin.dae
[2.779s] -- Up-to-date: /home/lidar/lidar/install/r2d2/share/r2d2/models/_d435i.urdf.xacro
[2.779s] -- Up-to-date: /home/lidar/lidar/install/r2d2/share/r2d2/models/penteknemelbaszotturdf.urdf
[2.780s] -- Up-to-date: /home/lidar/lidar/install/r2d2/share/r2d2/models/vikirobot
[2.780s] -- Up-to-date: /home/lidar/lidar/install/r2d2/share/r2d2/models/vikirobot/model.sdf
[2.781s] -- Up-to-date: /home/lidar/lidar/install/r2d2/share/r2d2/models/_d435.urdf.xacro
[2.781s] -- Up-to-date: /home/lidar/lidar/install/r2d2/share/r2d2/rviz
[2.781s] -- Up-to-date: /home/lidar/lidar/install/r2d2/share/r2d2/rviz/slamwithrealsense4.rviz
[2.782s] -- Up-to-date: /home/lidar/lidar/install/r2d2/share/r2d2/rviz/slamwithrealsenselidar.rviz
[2.782s] -- Up-to-date: /home/lidar/lidar/install/r2d2/share/r2d2/rviz/inventory_world
[2.783s] -- Up-to-date: /home/lidar/lidar/install/r2d2/share/r2d2/rviz/inventory_world/nav2_config.rviz
[2.783s] -- Up-to-date: /home/lidar/lidar/install/r2d2/share/r2d2/rviz/slamwithrealsense3.rviz
[2.784s] -- Up-to-date: /home/lidar/lidar/install/r2d2/share/r2d2/rviz/slamwithrealsense2.rviz
[2.784s] -- Up-to-date: /home/lidar/lidar/install/r2d2/share/r2d2/rviz/minta.rviz
[2.785s] -- Up-to-date: /home/lidar/lidar/install/r2d2/share/r2d2/rviz/new_test.rviz
[2.785s] -- Up-to-date: /home/lidar/lidar/install/r2d2/share/r2d2/rviz/nav2_configwithrealsense.rviz
[2.786s] -- Up-to-date: /home/lidar/lidar/install/r2d2/share/r2d2/rviz/slamwithrealsense.rviz
[2.786s] -- Up-to-date: /home/lidar/lidar/install/r2d2/share/r2d2/rviz/nav2_config4.rviz
[2.787s] -- Up-to-date: /home/lidar/lidar/install/r2d2/share/r2d2/rviz/mentes.rviz
[2.787s] -- Up-to-date: /home/lidar/lidar/install/r2d2/share/r2d2/rviz/nav2_config3.rviz
[2.788s] -- Up-to-date: /home/lidar/lidar/install/r2d2/share/r2d2/rviz/nav2_config5.rviz
[2.788s] -- Up-to-date: /home/lidar/lidar/install/r2d2/share/r2d2/rviz/alex.rviz
[2.788s] -- Up-to-date: /home/lidar/lidar/install/r2d2/share/r2d2/rviz/urdf_config.rviz
[2.789s] -- Up-to-date: /home/lidar/lidar/install/r2d2/share/r2d2/rviz/nav2_config2 copy.rviz
[2.789s] -- Up-to-date: /home/lidar/lidar/install/r2d2/share/r2d2/rviz/nav2.rviz
[2.789s] -- Up-to-date: /home/lidar/lidar/install/r2d2/share/r2d2/rviz/nav2_config.rviz
[2.790s] -- Up-to-date: /home/lidar/lidar/install/r2d2/share/r2d2/worlds
[2.790s] -- Up-to-date: /home/lidar/lidar/install/r2d2/share/r2d2/worlds/inventory.world
[2.790s] -- Up-to-date: /home/lidar/lidar/install/r2d2/share/r2d2/worlds/factory.world
[2.791s] -- Up-to-date: /home/lidar/lidar/install/r2d2/share/r2d2/worlds/basic_mobile_bot_world
[2.791s] -- Up-to-date: /home/lidar/lidar/install/r2d2/share/r2d2/worlds/basic_mobile_bot_world/smalltown.world
[2.792s] -- Up-to-date: /home/lidar/lidar/install/r2d2/share/r2d2/params
[2.792s] -- Up-to-date: /home/lidar/lidar/install/r2d2/share/r2d2/params/realsense_params2.yaml
[2.793s] -- Up-to-date: /home/lidar/lidar/install/r2d2/share/r2d2/params/depth_image_to_laserscan_params.yaml
[2.793s] -- Up-to-date: /home/lidar/lidar/install/r2d2/share/r2d2/params/na2jo.yaml
[2.793s] -- Up-to-date: /home/lidar/lidar/install/r2d2/share/r2d2/params/nav2_params copy.yaml
[2.794s] -- Up-to-date: /home/lidar/lidar/install/r2d2/share/r2d2/params/pointcloud_node_params.yaml
[2.794s] -- Up-to-date: /home/lidar/lidar/install/r2d2/share/r2d2/params/map_saver.yaml
[2.795s] -- Up-to-date: /home/lidar/lidar/install/r2d2/share/r2d2/params/nav2_params.yaml
[2.795s] -- Up-to-date: /home/lidar/lidar/install/r2d2/share/r2d2/params/realsense_params.yaml
[2.795s] -- Up-to-date: /home/lidar/lidar/install/r2d2/share/r2d2/params/alex.txt
[2.796s] -- Up-to-date: /home/lidar/lidar/install/r2d2/share/r2d2/params/va.yaml
[2.796s] -- Up-to-date: /home/lidar/lidar/install/r2d2/share/r2d2/params/defaultnav2.yaml
[2.796s] -- Up-to-date: /home/lidar/lidar/install/r2d2/share/r2d2/params/MOnday24.yaml
[2.797s] -- Up-to-date: /home/lidar/lidar/install/r2d2/share/r2d2/params/slam.yaml
[2.797s] -- Up-to-date: /home/lidar/lidar/install/r2d2/share/r2d2/params/nav2mentes.yaml
[2.798s] -- Up-to-date: /home/lidar/lidar/install/r2d2/share/r2d2/params/mentes.yaml
[2.798s] -- Up-to-date: /home/lidar/lidar/install/r2d2/share/r2d2/params/defaultnav2 copy.yaml
[2.799s] -- Up-to-date: /home/lidar/lidar/install/r2d2/share/r2d2/params/nav2paramsy.yaml
[2.799s] -- Up-to-date: /home/lidar/lidar/install/r2d2/share/r2d2/maps
[2.799s] -- Up-to-date: /home/lidar/lidar/install/r2d2/share/r2d2/maps/my_map.yaml
[2.800s] -- Up-to-date: /home/lidar/lidar/install/r2d2/share/r2d2/maps/map_1688027577.pgm
[2.800s] -- Up-to-date: /home/lidar/lidar/install/r2d2/share/r2d2/maps/inventory_world
[2.800s] -- Up-to-date: /home/lidar/lidar/install/r2d2/share/r2d2/maps/inventory_world/inventory_world.yaml
[2.801s] -- Up-to-date: /home/lidar/lidar/install/r2d2/share/r2d2/maps/inventory_world/inventory_world.pgm
[2.801s] -- Up-to-date: /home/lidar/lidar/install/r2d2/share/r2d2/maps/skynet.yaml
[2.802s] -- Up-to-date: /home/lidar/lidar/install/r2d2/share/r2d2/maps/my_map.pgm
[2.803s] -- Up-to-date: /home/lidar/lidar/install/r2d2/share/r2d2/maps/factory_world
[2.803s] -- Up-to-date: /home/lidar/lidar/install/r2d2/share/r2d2/maps/factory_world/factory_world.yaml
[2.803s] -- Up-to-date: /home/lidar/lidar/install/r2d2/share/r2d2/maps/factory_world/factory_world.pgm
[2.804s] -- Up-to-date: /home/lidar/lidar/install/r2d2/share/r2d2/maps/skynet.pgm
[2.804s] -- Up-to-date: /home/lidar/lidar/install/r2d2/share/r2d2/maps/map_1688027577.yaml
[2.805s] -- Up-to-date: /home/lidar/lidar/install/r2d2/share/r2d2/include
[2.805s] -- Up-to-date: /home/lidar/lidar/install/r2d2/share/r2d2/include/laser_filters
[2.805s] -- Up-to-date: /home/lidar/lidar/install/r2d2/share/r2d2/include/laser_filters/footprint_filter.h
[2.806s] -- Up-to-date: /home/lidar/lidar/install/r2d2/share/r2d2/include/laser_filters/scan_mask_filter.h
[2.806s] -- Up-to-date: /home/lidar/lidar/install/r2d2/share/r2d2/include/laser_filters/median_filter.h
[2.807s] -- Up-to-date: /home/lidar/lidar/install/r2d2/share/r2d2/include/laser_filters/interpolation_filter.h
[2.807s] -- Up-to-date: /home/lidar/lidar/install/r2d2/share/r2d2/include/laser_filters/speckle_filter.h
[2.807s] -- Up-to-date: /home/lidar/lidar/install/r2d2/share/r2d2/include/laser_filters/scan_shadow_detector.h
[2.808s] -- Up-to-date: /home/lidar/lidar/install/r2d2/share/r2d2/include/laser_filters/angular_bounds_filter.h
[2.808s] -- Up-to-date: /home/lidar/lidar/install/r2d2/share/r2d2/include/laser_filters/scan_shadows_filter.h
[2.808s] -- Up-to-date: /home/lidar/lidar/install/r2d2/share/r2d2/include/laser_filters/range_filter.h
[2.809s] -- Up-to-date: /home/lidar/lidar/install/r2d2/share/r2d2/include/laser_filters/intensity_filter.h
[2.809s] -- Up-to-date: /home/lidar/lidar/install/r2d2/share/r2d2/include/laser_filters/array_filter.h
[2.809s] -- Up-to-date: /home/lidar/lidar/install/r2d2/share/r2d2/include/laser_filters/box_filter.h
[2.810s] -- Up-to-date: /home/lidar/lidar/install/r2d2/share/r2d2/include/laser_filters/angular_bounds_filter_in_place.h
[2.810s] -- Up-to-date: /home/lidar/lidar/install/r2d2/share/r2d2/environment/pythonpath.sh
[2.810s] -- Up-to-date: /home/lidar/lidar/install/r2d2/share/r2d2/environment/pythonpath.dsv
[2.811s] -- Up-to-date: /home/lidar/lidar/install/r2d2/lib/python3.10/site-packages/r2d2-1.0.0-py3.10.egg-info
[2.811s] -- Installing: /home/lidar/lidar/install/r2d2/lib/python3.10/site-packages/r2d2-1.0.0-py3.10.egg-info/dependency_links.txt
[2.811s] -- Installing: /home/lidar/lidar/install/r2d2/lib/python3.10/site-packages/r2d2-1.0.0-py3.10.egg-info/top_level.txt
[2.812s] -- Installing: /home/lidar/lidar/install/r2d2/lib/python3.10/site-packages/r2d2-1.0.0-py3.10.egg-info/SOURCES.txt
[2.812s] -- Installing: /home/lidar/lidar/install/r2d2/lib/python3.10/site-packages/r2d2-1.0.0-py3.10.egg-info/PKG-INFO
[2.812s] -- Up-to-date: /home/lidar/lidar/install/r2d2/lib/python3.10/site-packages/r2d2
[2.812s] -- Up-to-date: /home/lidar/lidar/install/r2d2/lib/python3.10/site-packages/r2d2/euler_to_quaternion.py
[2.813s] -- Up-to-date: /home/lidar/lidar/install/r2d2/lib/python3.10/site-packages/r2d2/__init__.py
[2.958s] Listing '/home/lidar/lidar/install/r2d2/lib/python3.10/site-packages/r2d2'...
[2.987s] -- Up-to-date: /home/lidar/lidar/install/r2d2/share/ament_index/resource_index/package_run_dependencies/r2d2
[2.987s] -- Up-to-date: /home/lidar/lidar/install/r2d2/share/ament_index/resource_index/parent_prefix_path/r2d2
[2.988s] -- Up-to-date: /home/lidar/lidar/install/r2d2/share/r2d2/environment/ament_prefix_path.sh
[2.989s] -- Up-to-date: /home/lidar/lidar/install/r2d2/share/r2d2/environment/ament_prefix_path.dsv
[2.990s] -- Up-to-date: /home/lidar/lidar/install/r2d2/share/r2d2/environment/path.sh
[2.990s] -- Up-to-date: /home/lidar/lidar/install/r2d2/share/r2d2/environment/path.dsv
[2.991s] -- Up-to-date: /home/lidar/lidar/install/r2d2/share/r2d2/local_setup.bash
[2.992s] -- Up-to-date: /home/lidar/lidar/install/r2d2/share/r2d2/local_setup.sh
[2.992s] -- Up-to-date: /home/lidar/lidar/install/r2d2/share/r2d2/local_setup.zsh
[2.993s] -- Up-to-date: /home/lidar/lidar/install/r2d2/share/r2d2/local_setup.dsv
[2.993s] -- Installing: /home/lidar/lidar/install/r2d2/share/r2d2/package.dsv
[2.995s] -- Up-to-date: /home/lidar/lidar/install/r2d2/share/ament_index/resource_index/packages/r2d2
[2.996s] -- Up-to-date: /home/lidar/lidar/install/r2d2/share/r2d2/cmake/r2d2Config.cmake
[2.996s] -- Up-to-date: /home/lidar/lidar/install/r2d2/share/r2d2/cmake/r2d2Config-version.cmake
[2.997s] -- Up-to-date: /home/lidar/lidar/install/r2d2/share/r2d2/package.xml
[3.007s] Invoked command in '/home/lidar/lidar/build/r2d2' returned '0': CMAKE_PREFIX_PATH=${CMAKE_PREFIX_PATH}:/opt/ros/iron /usr/bin/cmake --install /home/lidar/lidar/build/r2d2
