[0.110s] Invoking command in '/home/lidar/lidar/build/r2d2': CMAKE_PREFIX_PATH=${CMAKE_PREFIX_PATH}:/opt/ros/iron /usr/bin/cmake --build /home/lidar/lidar/build/r2d2 -- -j4 -l4
[0.792s] Built target ament_cmake_python_copy_r2d2
[2.553s] running egg_info
[2.557s] writing r2d2.egg-info/PKG-INFO
[2.558s] writing dependency_links to r2d2.egg-info/dependency_links.txt
[2.560s] writing top-level names to r2d2.egg-info/top_level.txt
[2.576s] reading manifest file 'r2d2.egg-info/SOURCES.txt'
[2.581s] writing manifest file 'r2d2.egg-info/SOURCES.txt'
[2.742s] Built target ament_cmake_python_build_r2d2_egg
[2.791s] Invoked command in '/home/lidar/lidar/build/r2d2' returned '0': CMAKE_PREFIX_PATH=${CMAKE_PREFIX_PATH}:/opt/ros/iron /usr/bin/cmake --build /home/lidar/lidar/build/r2d2 -- -j4 -l4
[2.946s] Invoking command in '/home/lidar/lidar/build/r2d2': CMAKE_PREFIX_PATH=${CMAKE_PREFIX_PATH}:/opt/ros/iron /usr/bin/cmake --install /home/lidar/lidar/build/r2d2
[2.979s] -- Install configuration: ""
[2.980s] -- Up-to-date: /home/lidar/lidar/install/r2d2/share/r2d2/config
[2.981s] -- Up-to-date: /home/lidar/lidar/install/r2d2/share/r2d2/config/realsense_config.json
[2.982s] -- Up-to-date: /home/lidar/lidar/install/r2d2/share/r2d2/config/atirobotbase.yaml
[2.983s] -- Up-to-date: /home/lidar/lidar/install/r2d2/share/r2d2/config/realsense-jo.json
[2.983s] -- Up-to-date: /home/lidar/lidar/install/r2d2/share/r2d2/config/mentes.json
[2.984s] -- Up-to-date: /home/lidar/lidar/install/r2d2/share/r2d2/config/filter_right.yaml
[2.985s] -- Up-to-date: /home/lidar/lidar/install/r2d2/share/r2d2/config/ekfultimate2.yaml
[2.986s] -- Up-to-date: /home/lidar/lidar/install/r2d2/share/r2d2/config/filter_left.yaml
[2.987s] -- Up-to-date: /home/lidar/lidar/install/r2d2/share/r2d2/config/.history
[2.987s] -- Up-to-date: /home/lidar/lidar/install/r2d2/share/r2d2/config/.history/realsense_config_20240419140425.json
[2.988s] -- Up-to-date: /home/lidar/lidar/install/r2d2/share/r2d2/config/.history/realsense_config_20240419125117.json
[2.989s] -- Up-to-date: /home/lidar/lidar/install/r2d2/share/r2d2/config/.history/realsense_config_20240419131733.json
[2.989s] -- Up-to-date: /home/lidar/lidar/install/r2d2/share/r2d2/config/.history/realsense_config_20240419131656.json
[2.990s] -- Up-to-date: /home/lidar/lidar/install/r2d2/share/r2d2/config/.history/realsense_config_20240419125304.json
[2.990s] -- Up-to-date: /home/lidar/lidar/install/r2d2/share/r2d2/config/.history/realsense_config_20240419140424.json
[2.991s] -- Up-to-date: /home/lidar/lidar/install/r2d2/share/r2d2/config/.history/realsense_config_20240419125303.json
[2.992s] -- Up-to-date: /home/lidar/lidar/install/r2d2/share/r2d2/config/.history/realsense_config_20240419125252.json
[2.992s] -- Up-to-date: /home/lidar/lidar/install/r2d2/share/r2d2/config/.history/realsense_config_20240419125047.json
[2.993s] -- Up-to-date: /home/lidar/lidar/install/r2d2/share/r2d2/config/.history/realsense_config_20240419131509.json
[2.993s] -- Up-to-date: /home/lidar/lidar/install/r2d2/share/r2d2/config/ekfultimate3.yaml
[2.994s] -- Up-to-date: /home/lidar/lidar/install/r2d2/share/r2d2/config/realsense-default.json
[2.994s] -- Up-to-date: /home/lidar/lidar/install/r2d2/share/r2d2/config/file.txt
[2.995s] -- Up-to-date: /home/lidar/lidar/install/r2d2/share/r2d2/config/ekfultimate.yaml
[2.996s] -- Up-to-date: /home/lidar/lidar/install/r2d2/share/r2d2/launch
[2.996s] -- Up-to-date: /home/lidar/lidar/install/r2d2/share/r2d2/launch/nav2.py
[2.997s] -- Up-to-date: /home/lidar/lidar/install/r2d2/share/r2d2/launch/mergeros2.cpp
[2.998s] -- Up-to-date: /home/lidar/lidar/install/r2d2/share/r2d2/launch/slamv2.py
[2.999s] -- Up-to-date: /home/lidar/lidar/install/r2d2/share/r2d2/launch/mlauncher.py
[3.000s] -- Up-to-date: /home/lidar/lidar/install/r2d2/share/r2d2/launch/simulation.py
[3.001s] -- Up-to-date: /home/lidar/lidar/install/r2d2/share/r2d2/launch/gazebo.launch
[3.002s] -- Up-to-date: /home/lidar/lidar/install/r2d2/share/r2d2/launch/launcher.py
[3.003s] -- Up-to-date: /home/lidar/lidar/install/r2d2/share/r2d2/launch/robotlocalization2.py
[3.004s] -- Up-to-date: /home/lidar/lidar/install/r2d2/share/r2d2/launch/atibotlaunchv2.py
[3.004s] -- Up-to-date: /home/lidar/lidar/install/r2d2/share/r2d2/launch/mentes.py
[3.005s] -- Up-to-date: /home/lidar/lidar/install/r2d2/share/r2d2/launch/alexkamera.py
[3.006s] -- Up-to-date: /home/lidar/lidar/install/r2d2/share/r2d2/launch/slam.py
[3.006s] -- Up-to-date: /home/lidar/lidar/install/r2d2/share/r2d2/launch/atibottest.py
[3.007s] -- Up-to-date: /home/lidar/lidar/install/r2d2/share/r2d2/launch/.history
[3.007s] -- Up-to-date: /home/lidar/lidar/install/r2d2/share/r2d2/launch/.history/mlauncher_20240702101123.py
[3.008s] -- Up-to-date: /home/lidar/lidar/install/r2d2/share/r2d2/launch/.history/mlauncher_20240702100919.py
[3.008s] -- Up-to-date: /home/lidar/lidar/install/r2d2/share/r2d2/launch/.history/launcher_20240613095539.py
[3.009s] -- Up-to-date: /home/lidar/lidar/install/r2d2/share/r2d2/launch/.history/mlauncher_20240702101207.py
[3.009s] -- Up-to-date: /home/lidar/lidar/install/r2d2/share/r2d2/launch/.history/mlauncher_20240702101122.py
[3.010s] -- Up-to-date: /home/lidar/lidar/install/r2d2/share/r2d2/launch/.history/mlauncher_20240702101018.py
[3.010s] -- Up-to-date: /home/lidar/lidar/install/r2d2/share/r2d2/launch/.history/mlauncher_20240702101208.py
[3.011s] -- Up-to-date: /home/lidar/lidar/install/r2d2/share/r2d2/launch/launcg
[3.012s] -- Up-to-date: /home/lidar/lidar/install/r2d2/share/r2d2/launch/display.launch
[3.012s] -- Up-to-date: /home/lidar/lidar/install/r2d2/share/r2d2/launch/launchermentesmukodo.py
[3.012s] -- Up-to-date: /home/lidar/lidar/install/r2d2/share/r2d2/launch/CUDAELOTTISZAR.py
[3.013s] -- Up-to-date: /home/lidar/lidar/install/r2d2/share/r2d2/launch/atibotlaunch.py
[3.014s] -- Up-to-date: /home/lidar/lidar/install/r2d2/share/r2d2/launch/nav2launch.py
[3.015s] -- Up-to-date: /home/lidar/lidar/install/r2d2/share/r2d2/launch/merge.py
[3.015s] -- Up-to-date: /home/lidar/lidar/install/r2d2/share/r2d2/launch/atibot_nav2_v1.py
[3.016s] -- Up-to-date: /home/lidar/lidar/install/r2d2/share/r2d2/launch/test.py
[3.017s] -- Up-to-date: /home/lidar/lidar/install/r2d2/share/r2d2/launch/map_saver.py
[3.017s] -- Up-to-date: /home/lidar/lidar/install/r2d2/share/r2d2/launch/robotlocalization.py
[3.019s] -- Up-to-date: /home/lidar/lidar/install/r2d2/share/r2d2/launch/atibotslam.py
[3.019s] -- Up-to-date: /home/lidar/lidar/install/r2d2/share/r2d2/launch/camera.py
[3.020s] -- Up-to-date: /home/lidar/lidar/install/r2d2/share/r2d2/launch/basic_launch_nav2_v2.py
[3.021s] -- Up-to-date: /home/lidar/lidar/install/r2d2/share/r2d2/launch/robotstate.py
[3.022s] -- Up-to-date: /home/lidar/lidar/install/r2d2/share/r2d2/launch/lidar.py
[3.023s] -- Up-to-date: /home/lidar/lidar/install/r2d2/share/r2d2/launch/launchcam.py
[3.023s] -- Up-to-date: /home/lidar/lidar/install/r2d2/share/r2d2/launch/slamv3d.py
[3.024s] -- Up-to-date: /home/lidar/lidar/install/r2d2/share/r2d2/launch/slamv3.py
[3.024s] -- Up-to-date: /home/lidar/lidar/install/r2d2/share/r2d2/launch/realsense_launch.py
[3.025s] -- Up-to-date: /home/lidar/lidar/install/r2d2/share/r2d2/launch/localization.py
[3.025s] -- Up-to-date: /home/lidar/lidar/install/r2d2/share/r2d2/launch/hoverboard_launch.py
[3.026s] -- Installing: /home/lidar/lidar/install/r2d2/share/r2d2/launch/lidartest.py
[3.027s] -- Up-to-date: /home/lidar/lidar/install/r2d2/share/r2d2/meshes
[3.027s] -- Up-to-date: /home/lidar/lidar/install/r2d2/share/r2d2/meshes/d435.dae
[3.028s] -- Up-to-date: /home/lidar/lidar/install/r2d2/share/r2d2/meshes/robotbase.stl
[3.029s] -- Up-to-date: /home/lidar/lidar/install/r2d2/share/r2d2/meshes/drivewhl_r_link.STL
[3.029s] -- Up-to-date: /home/lidar/lidar/install/r2d2/share/r2d2/meshes/d415.stl
[3.030s] -- Up-to-date: /home/lidar/lidar/install/r2d2/share/r2d2/meshes/drivewhl_l_link.STL
[3.031s] -- Up-to-date: /home/lidar/lidar/install/r2d2/share/r2d2/urdf
[3.032s] -- Up-to-date: /home/lidar/lidar/install/r2d2/share/r2d2/urdf/atirobotbase.urdf
[3.033s] -- Up-to-date: /home/lidar/lidar/install/r2d2/share/r2d2/urdf/_materials.urdf.xacro
[3.034s] -- Up-to-date: /home/lidar/lidar/install/r2d2/share/r2d2/urdf/atirobotbase copy.urdf
[3.035s] -- Up-to-date: /home/lidar/lidar/install/r2d2/share/r2d2/urdf/atirobotbase copy 2.urdf
[3.035s] -- Up-to-date: /home/lidar/lidar/install/r2d2/share/r2d2/urdf/_d435.urdf.xacro
[3.036s] -- Up-to-date: /home/lidar/lidar/install/r2d2/share/r2d2/models
[3.036s] -- Up-to-date: /home/lidar/lidar/install/r2d2/share/r2d2/models/r2d2.urdf
[3.036s] -- Up-to-date: /home/lidar/lidar/install/r2d2/share/r2d2/models/normalis.urdf
[3.037s] -- Up-to-date: /home/lidar/lidar/install/r2d2/share/r2d2/models/ati_bot_description
[3.038s] -- Up-to-date: /home/lidar/lidar/install/r2d2/share/r2d2/models/ati_bot_description/model_v3.sdf
[3.038s] -- Up-to-date: /home/lidar/lidar/install/r2d2/share/r2d2/models/ati_bot_description/model_v2.sdf
[3.039s] -- Up-to-date: /home/lidar/lidar/install/r2d2/share/r2d2/models/ati_bot_description/newmodel.sdf
[3.039s] -- Up-to-date: /home/lidar/lidar/install/r2d2/share/r2d2/models/ati_bot_description/model.config
[3.040s] -- Up-to-date: /home/lidar/lidar/install/r2d2/share/r2d2/models/ati_bot_description/model.sdf
[3.040s] -- Up-to-date: /home/lidar/lidar/install/r2d2/share/r2d2/models/ati_bot_description/meshes
[3.040s] -- Up-to-date: /home/lidar/lidar/install/r2d2/share/r2d2/models/ati_bot_description/meshes/robotbase.stl
[3.041s] -- Up-to-date: /home/lidar/lidar/install/r2d2/share/r2d2/models/ati_bot_description/meshes/base_link.stl
[3.041s] -- Up-to-date: /home/lidar/lidar/install/r2d2/share/r2d2/models/ati_bot_description/meshes/linkLeft_link.STL
[3.042s] -- Up-to-date: /home/lidar/lidar/install/r2d2/share/r2d2/models/ati_bot_description/meshes/wrist.stl
[3.042s] -- Up-to-date: /home/lidar/lidar/install/r2d2/share/r2d2/models/ati_bot_description/meshes/linkRight_link.STL
[3.042s] -- Up-to-date: /home/lidar/lidar/install/r2d2/share/r2d2/models/ati_bot_description/meshes/elbow.stl
[3.043s] -- Up-to-date: /home/lidar/lidar/install/r2d2/share/r2d2/models/ati_bot_description/meshes/bicep.stl
[3.043s] -- Up-to-date: /home/lidar/lidar/install/r2d2/share/r2d2/models/ati_bot_description/meshes/arm_base.stl
[3.044s] -- Up-to-date: /home/lidar/lidar/install/r2d2/share/r2d2/models/ati_bot_description/meshes/robot_base.stl
[3.044s] -- Up-to-date: /home/lidar/lidar/install/r2d2/share/r2d2/models/ati_bot_description/meshes/wheel.stl
[3.045s] -- Up-to-date: /home/lidar/lidar/install/r2d2/share/r2d2/models/conveyor
[3.046s] -- Up-to-date: /home/lidar/lidar/install/r2d2/share/r2d2/models/conveyor/model(1).sdf
[3.046s] -- Up-to-date: /home/lidar/lidar/install/r2d2/share/r2d2/models/conveyor/model(2).sdf
[3.047s] -- Up-to-date: /home/lidar/lidar/install/r2d2/share/r2d2/models/conveyor/model(2).config
[3.054s] -- Up-to-date: /home/lidar/lidar/install/r2d2/share/r2d2/models/conveyor/model(1).config
[3.055s] -- Up-to-date: /home/lidar/lidar/install/r2d2/share/r2d2/models/conveyor/model.config
[3.057s] -- Up-to-date: /home/lidar/lidar/install/r2d2/share/r2d2/models/conveyor/model.sdf
[3.057s] -- Up-to-date: /home/lidar/lidar/install/r2d2/share/r2d2/models/conveyor/meshes
[3.058s] -- Up-to-date: /home/lidar/lidar/install/r2d2/share/r2d2/models/conveyor/meshes/conveyor(1).obj
[3.058s] -- Up-to-date: /home/lidar/lidar/install/r2d2/share/r2d2/models/conveyor/meshes/conveyor2.dae
[3.059s] -- Up-to-date: /home/lidar/lidar/install/r2d2/share/r2d2/models/conveyor/meshes/conveyor(2).dae
[3.059s] -- Up-to-date: /home/lidar/lidar/install/r2d2/share/r2d2/models/conveyor/meshes/conveyor(2).obj
[3.060s] -- Up-to-date: /home/lidar/lidar/install/r2d2/share/r2d2/models/conveyor/meshes/conveyor(1).dae
[3.060s] -- Up-to-date: /home/lidar/lidar/install/r2d2/share/r2d2/models/conveyor/meshes/conveyor2(2).dae
[3.061s] -- Up-to-date: /home/lidar/lidar/install/r2d2/share/r2d2/models/conveyor/meshes/conveyor.dae
[3.061s] -- Up-to-date: /home/lidar/lidar/install/r2d2/share/r2d2/models/conveyor/meshes/conveyor.obj
[3.062s] -- Up-to-date: /home/lidar/lidar/install/r2d2/share/r2d2/models/conveyor/meshes/conveyor2(1).dae
[3.062s] -- Up-to-date: /home/lidar/lidar/install/r2d2/share/r2d2/models/vikirobot.urdf
[3.063s] -- Up-to-date: /home/lidar/lidar/install/r2d2/share/r2d2/models/r2d2mentes..urdf
[3.063s] -- Up-to-date: /home/lidar/lidar/install/r2d2/share/r2d2/models/atirobotbase.urdf
[3.064s] -- Up-to-date: /home/lidar/lidar/install/r2d2/share/r2d2/models/_materials.urdf.xacro
[3.065s] -- Up-to-date: /home/lidar/lidar/install/r2d2/share/r2d2/models/charging_dock
[3.066s] -- Up-to-date: /home/lidar/lidar/install/r2d2/share/r2d2/models/charging_dock/model.sdf~
[3.066s] -- Up-to-date: /home/lidar/lidar/install/r2d2/share/r2d2/models/charging_dock/materials
[3.067s] -- Up-to-date: /home/lidar/lidar/install/r2d2/share/r2d2/models/charging_dock/materials/textures
[3.068s] -- Up-to-date: /home/lidar/lidar/install/r2d2/share/r2d2/models/charging_dock/materials/textures/BKP_Marker0.png
[3.069s] -- Up-to-date: /home/lidar/lidar/install/r2d2/share/r2d2/models/charging_dock/materials/textures/Marker0.png
[3.070s] -- Up-to-date: /home/lidar/lidar/install/r2d2/share/r2d2/models/charging_dock/model-1_4.sdf~
[3.070s] -- Up-to-date: /home/lidar/lidar/install/r2d2/share/r2d2/models/charging_dock/model.config~.xml
[3.071s] -- Up-to-date: /home/lidar/lidar/install/r2d2/share/r2d2/models/charging_dock/model-1_5.sdf~
[3.071s] -- Up-to-date: /home/lidar/lidar/install/r2d2/share/r2d2/models/charging_dock/model.config
[3.072s] -- Up-to-date: /home/lidar/lidar/install/r2d2/share/r2d2/models/charging_dock/model.sdf
[3.072s] -- Up-to-date: /home/lidar/lidar/install/r2d2/share/r2d2/models/charging_dock/meshes
[3.073s] -- Up-to-date: /home/lidar/lidar/install/r2d2/share/r2d2/models/charging_dock/meshes/Marker0.dae
[3.073s] -- Up-to-date: /home/lidar/lidar/install/r2d2/share/r2d2/models/workcell
[3.074s] -- Up-to-date: /home/lidar/lidar/install/r2d2/share/r2d2/models/workcell/materials
[3.074s] -- Up-to-date: /home/lidar/lidar/install/r2d2/share/r2d2/models/workcell/materials/textures
[3.075s] -- Up-to-date: /home/lidar/lidar/install/r2d2/share/r2d2/models/workcell/materials/textures/RollupDoor.png
[3.076s] -- Up-to-date: /home/lidar/lidar/install/r2d2/share/r2d2/models/workcell/materials/textures/Bin(1).png
[3.076s] -- Up-to-date: /home/lidar/lidar/install/r2d2/share/r2d2/models/workcell/materials/textures/Shelves(1).png
[3.077s] -- Up-to-date: /home/lidar/lidar/install/r2d2/share/r2d2/models/workcell/materials/textures/Wall_Corrugated.png
[3.077s] -- Up-to-date: /home/lidar/lidar/install/r2d2/share/r2d2/models/workcell/materials/textures/Yellow(1).png
[3.078s] -- Up-to-date: /home/lidar/lidar/install/r2d2/share/r2d2/models/workcell/materials/textures/Plywood(2).png
[3.079s] -- Up-to-date: /home/lidar/lidar/install/r2d2/share/r2d2/models/workcell/materials/textures/Pillar.png
[3.079s] -- Up-to-date: /home/lidar/lidar/install/r2d2/share/r2d2/models/workcell/materials/textures/ControlPanel.png
[3.080s] -- Up-to-date: /home/lidar/lidar/install/r2d2/share/r2d2/models/workcell/materials/textures/RubberMat(1).png
[3.080s] -- Up-to-date: /home/lidar/lidar/install/r2d2/share/r2d2/models/workcell/materials/textures/Yellow.png
[3.081s] -- Up-to-date: /home/lidar/lidar/install/r2d2/share/r2d2/models/workcell/materials/textures/RollupDoor(2).png
[3.081s] -- Up-to-date: /home/lidar/lidar/install/r2d2/share/r2d2/models/workcell/materials/textures/Wall_Concrete(2).png
[3.082s] -- Up-to-date: /home/lidar/lidar/install/r2d2/share/r2d2/models/workcell/materials/textures/Conveyor.png
[3.083s] -- Up-to-date: /home/lidar/lidar/install/r2d2/share/r2d2/models/workcell/materials/textures/PalletWrap(1).png
[3.084s] -- Up-to-date: /home/lidar/lidar/install/r2d2/share/r2d2/models/workcell/materials/textures/Yellow(2).png
[3.085s] -- Up-to-date: /home/lidar/lidar/install/r2d2/share/r2d2/models/workcell/materials/textures/Wall_Concrete(1).png
[3.086s] -- Up-to-date: /home/lidar/lidar/install/r2d2/share/r2d2/models/workcell/materials/textures/Pallet(2).png
[3.086s] -- Up-to-date: /home/lidar/lidar/install/r2d2/share/r2d2/models/workcell/materials/textures/RubberMat.png
[3.087s] -- Up-to-date: /home/lidar/lidar/install/r2d2/share/r2d2/models/workcell/materials/textures/Door_Window.png
[3.088s] -- Up-to-date: /home/lidar/lidar/install/r2d2/share/r2d2/models/workcell/materials/textures/Floor(1).png
[3.088s] -- Up-to-date: /home/lidar/lidar/install/r2d2/share/r2d2/models/workcell/materials/textures/Bin(2).png
[3.089s] -- Up-to-date: /home/lidar/lidar/install/r2d2/share/r2d2/models/workcell/materials/textures/CardboardBoxes(2).png
[3.089s] -- Up-to-date: /home/lidar/lidar/install/r2d2/share/r2d2/models/workcell/materials/textures/CardboardBoxes(1).png
[3.090s] -- Up-to-date: /home/lidar/lidar/install/r2d2/share/r2d2/models/workcell/materials/textures/Floor.png
[3.090s] -- Up-to-date: /home/lidar/lidar/install/r2d2/share/r2d2/models/workcell/materials/textures/PalletWrap(2).png
[3.090s] -- Up-to-date: /home/lidar/lidar/install/r2d2/share/r2d2/models/workcell/materials/textures/Floor(2).png
[3.091s] -- Up-to-date: /home/lidar/lidar/install/r2d2/share/r2d2/models/workcell/materials/textures/RubberMat(2).png
[3.092s] -- Up-to-date: /home/lidar/lidar/install/r2d2/share/r2d2/models/workcell/materials/textures/Door_Window(2).png
[3.092s] -- Up-to-date: /home/lidar/lidar/install/r2d2/share/r2d2/models/workcell/materials/textures/Mesh(1).png
[3.092s] -- Up-to-date: /home/lidar/lidar/install/r2d2/share/r2d2/models/workcell/materials/textures/Wall_Concrete.png
[3.093s] -- Up-to-date: /home/lidar/lidar/install/r2d2/share/r2d2/models/workcell/materials/textures/Bin.png
[3.093s] -- Up-to-date: /home/lidar/lidar/install/r2d2/share/r2d2/models/workcell/materials/textures/CardboardBoxes.png
[3.094s] -- Up-to-date: /home/lidar/lidar/install/r2d2/share/r2d2/models/workcell/materials/textures/ControlPanel(2).png
[3.094s] -- Up-to-date: /home/lidar/lidar/install/r2d2/share/r2d2/models/workcell/materials/textures/PalletWrap.png
[3.095s] -- Up-to-date: /home/lidar/lidar/install/r2d2/share/r2d2/models/workcell/materials/textures/Pillar(2).png
[3.095s] -- Up-to-date: /home/lidar/lidar/install/r2d2/share/r2d2/models/workcell/materials/textures/WorkCell_Render(2).png
[3.095s] -- Up-to-date: /home/lidar/lidar/install/r2d2/share/r2d2/models/workcell/materials/textures/WorkCell_Render.png
[3.096s] -- Up-to-date: /home/lidar/lidar/install/r2d2/share/r2d2/models/workcell/materials/textures/Plywood(1).png
[3.096s] -- Up-to-date: /home/lidar/lidar/install/r2d2/share/r2d2/models/workcell/materials/textures/Plywood.png
[3.096s] -- Up-to-date: /home/lidar/lidar/install/r2d2/share/r2d2/models/workcell/materials/textures/Wall_Corrugated(2).png
[3.097s] -- Up-to-date: /home/lidar/lidar/install/r2d2/share/r2d2/models/workcell/materials/textures/ControlPanel(1).png
[3.098s] -- Up-to-date: /home/lidar/lidar/install/r2d2/share/r2d2/models/workcell/materials/textures/Stairs(1).png
[3.098s] -- Up-to-date: /home/lidar/lidar/install/r2d2/share/r2d2/models/workcell/materials/textures/Pallet(1).png
[3.099s] -- Up-to-date: /home/lidar/lidar/install/r2d2/share/r2d2/models/workcell/materials/textures/Shelves.png
[3.099s] -- Up-to-date: /home/lidar/lidar/install/r2d2/share/r2d2/models/workcell/materials/textures/Stairs(2).png
[3.100s] -- Up-to-date: /home/lidar/lidar/install/r2d2/share/r2d2/models/workcell/materials/textures/Conveyor(1).png
[3.100s] -- Up-to-date: /home/lidar/lidar/install/r2d2/share/r2d2/models/workcell/materials/textures/Conveyor(2).png
[3.101s] -- Up-to-date: /home/lidar/lidar/install/r2d2/share/r2d2/models/workcell/materials/textures/Mesh.png
[3.102s] -- Up-to-date: /home/lidar/lidar/install/r2d2/share/r2d2/models/workcell/materials/textures/Pillar(1).png
[3.103s] -- Up-to-date: /home/lidar/lidar/install/r2d2/share/r2d2/models/workcell/materials/textures/Stairs.png
[3.104s] -- Up-to-date: /home/lidar/lidar/install/r2d2/share/r2d2/models/workcell/materials/textures/Shelves(2).png
[3.104s] -- Up-to-date: /home/lidar/lidar/install/r2d2/share/r2d2/models/workcell/materials/textures/Mesh(2).png
[3.104s] -- Up-to-date: /home/lidar/lidar/install/r2d2/share/r2d2/models/workcell/materials/textures/RollupDoor(1).png
[3.105s] -- Up-to-date: /home/lidar/lidar/install/r2d2/share/r2d2/models/workcell/materials/textures/Pallet.png
[3.106s] -- Up-to-date: /home/lidar/lidar/install/r2d2/share/r2d2/models/workcell/materials/textures/Wall_Corrugated(1).png
[3.106s] -- Up-to-date: /home/lidar/lidar/install/r2d2/share/r2d2/models/workcell/materials/textures/WorkCell_Render(1).png
[3.107s] -- Up-to-date: /home/lidar/lidar/install/r2d2/share/r2d2/models/workcell/materials/textures/Door_Window(1).png
[3.107s] -- Up-to-date: /home/lidar/lidar/install/r2d2/share/r2d2/models/workcell/model(1).sdf
[3.107s] -- Up-to-date: /home/lidar/lidar/install/r2d2/share/r2d2/models/workcell/model(2).sdf
[3.108s] -- Up-to-date: /home/lidar/lidar/install/r2d2/share/r2d2/models/workcell/model(2).config
[3.108s] -- Up-to-date: /home/lidar/lidar/install/r2d2/share/r2d2/models/workcell/model(1).config
[3.109s] -- Up-to-date: /home/lidar/lidar/install/r2d2/share/r2d2/models/workcell/model.config
[3.109s] -- Up-to-date: /home/lidar/lidar/install/r2d2/share/r2d2/models/workcell/model.sdf
[3.110s] -- Up-to-date: /home/lidar/lidar/install/r2d2/share/r2d2/models/workcell/meshes
[3.110s] -- Up-to-date: /home/lidar/lidar/install/r2d2/share/r2d2/models/workcell/meshes/mesh.dae
[3.111s] -- Up-to-date: /home/lidar/lidar/install/r2d2/share/r2d2/models/workcell/meshes/mesh(1).dae
[3.111s] -- Up-to-date: /home/lidar/lidar/install/r2d2/share/r2d2/models/workcell/meshes/mesh_backup(2).dae
[3.111s] -- Up-to-date: /home/lidar/lidar/install/r2d2/share/r2d2/models/workcell/meshes/mesh_backup.dae
[3.112s] -- Up-to-date: /home/lidar/lidar/install/r2d2/share/r2d2/models/workcell/meshes/mesh_backup(1).dae
[3.112s] -- Up-to-date: /home/lidar/lidar/install/r2d2/share/r2d2/models/workcell/meshes/mesh(2).dae
[3.112s] -- Up-to-date: /home/lidar/lidar/install/r2d2/share/r2d2/models/workcell_bin
[3.113s] -- Up-to-date: /home/lidar/lidar/install/r2d2/share/r2d2/models/workcell_bin/materials
[3.113s] -- Up-to-date: /home/lidar/lidar/install/r2d2/share/r2d2/models/workcell_bin/materials/textures
[3.114s] -- Up-to-date: /home/lidar/lidar/install/r2d2/share/r2d2/models/workcell_bin/materials/textures/bin(2).png
[3.114s] -- Up-to-date: /home/lidar/lidar/install/r2d2/share/r2d2/models/workcell_bin/materials/textures/bin.png
[3.115s] -- Up-to-date: /home/lidar/lidar/install/r2d2/share/r2d2/models/workcell_bin/materials/textures/bin(1).png
[3.115s] -- Up-to-date: /home/lidar/lidar/install/r2d2/share/r2d2/models/workcell_bin/model(1).sdf
[3.116s] -- Up-to-date: /home/lidar/lidar/install/r2d2/share/r2d2/models/workcell_bin/model(2).sdf
[3.117s] -- Up-to-date: /home/lidar/lidar/install/r2d2/share/r2d2/models/workcell_bin/model(2).config
[3.118s] -- Up-to-date: /home/lidar/lidar/install/r2d2/share/r2d2/models/workcell_bin/model(1).config
[3.118s] -- Up-to-date: /home/lidar/lidar/install/r2d2/share/r2d2/models/workcell_bin/model.config
[3.119s] -- Up-to-date: /home/lidar/lidar/install/r2d2/share/r2d2/models/workcell_bin/model.sdf
[3.120s] -- Up-to-date: /home/lidar/lidar/install/r2d2/share/r2d2/models/workcell_bin/meshes
[3.120s] -- Up-to-date: /home/lidar/lidar/install/r2d2/share/r2d2/models/workcell_bin/meshes/bin(2).dae
[3.120s] -- Up-to-date: /home/lidar/lidar/install/r2d2/share/r2d2/models/workcell_bin/meshes/bin(1).dae
[3.121s] -- Up-to-date: /home/lidar/lidar/install/r2d2/share/r2d2/models/workcell_bin/meshes/bin.dae
[3.121s] -- Up-to-date: /home/lidar/lidar/install/r2d2/share/r2d2/models/_d435i.urdf.xacro
[3.122s] -- Up-to-date: /home/lidar/lidar/install/r2d2/share/r2d2/models/penteknemelbaszotturdf.urdf
[3.123s] -- Up-to-date: /home/lidar/lidar/install/r2d2/share/r2d2/models/vikirobot
[3.123s] -- Up-to-date: /home/lidar/lidar/install/r2d2/share/r2d2/models/vikirobot/model.sdf
[3.124s] -- Up-to-date: /home/lidar/lidar/install/r2d2/share/r2d2/models/_d435.urdf.xacro
[3.124s] -- Up-to-date: /home/lidar/lidar/install/r2d2/share/r2d2/rviz
[3.125s] -- Up-to-date: /home/lidar/lidar/install/r2d2/share/r2d2/rviz/slamwithrealsense4.rviz
[3.125s] -- Up-to-date: /home/lidar/lidar/install/r2d2/share/r2d2/rviz/slamwithrealsenselidar.rviz
[3.125s] -- Up-to-date: /home/lidar/lidar/install/r2d2/share/r2d2/rviz/inventory_world
[3.126s] -- Up-to-date: /home/lidar/lidar/install/r2d2/share/r2d2/rviz/inventory_world/nav2_config.rviz
[3.126s] -- Up-to-date: /home/lidar/lidar/install/r2d2/share/r2d2/rviz/slamwithrealsense3.rviz
[3.127s] -- Up-to-date: /home/lidar/lidar/install/r2d2/share/r2d2/rviz/slamwithrealsense2.rviz
[3.127s] -- Up-to-date: /home/lidar/lidar/install/r2d2/share/r2d2/rviz/minta.rviz
[3.128s] -- Up-to-date: /home/lidar/lidar/install/r2d2/share/r2d2/rviz/new_test.rviz
[3.128s] -- Up-to-date: /home/lidar/lidar/install/r2d2/share/r2d2/rviz/nav2_configwithrealsense.rviz
[3.129s] -- Up-to-date: /home/lidar/lidar/install/r2d2/share/r2d2/rviz/slamwithrealsense.rviz
[3.129s] -- Up-to-date: /home/lidar/lidar/install/r2d2/share/r2d2/rviz/nav2_config4.rviz
[3.129s] -- Up-to-date: /home/lidar/lidar/install/r2d2/share/r2d2/rviz/mentes.rviz
[3.130s] -- Up-to-date: /home/lidar/lidar/install/r2d2/share/r2d2/rviz/nav2_config3.rviz
[3.131s] -- Up-to-date: /home/lidar/lidar/install/r2d2/share/r2d2/rviz/nav2_config5.rviz
[3.131s] -- Up-to-date: /home/lidar/lidar/install/r2d2/share/r2d2/rviz/alex.rviz
[3.132s] -- Up-to-date: /home/lidar/lidar/install/r2d2/share/r2d2/rviz/urdf_config.rviz
[3.132s] -- Up-to-date: /home/lidar/lidar/install/r2d2/share/r2d2/rviz/nav2_config2 copy.rviz
[3.133s] -- Up-to-date: /home/lidar/lidar/install/r2d2/share/r2d2/rviz/nav2.rviz
[3.133s] -- Up-to-date: /home/lidar/lidar/install/r2d2/share/r2d2/rviz/nav2_config.rviz
[3.133s] -- Up-to-date: /home/lidar/lidar/install/r2d2/share/r2d2/worlds
[3.134s] -- Up-to-date: /home/lidar/lidar/install/r2d2/share/r2d2/worlds/inventory.world
[3.134s] -- Up-to-date: /home/lidar/lidar/install/r2d2/share/r2d2/worlds/factory.world
[3.135s] -- Up-to-date: /home/lidar/lidar/install/r2d2/share/r2d2/worlds/basic_mobile_bot_world
[3.135s] -- Up-to-date: /home/lidar/lidar/install/r2d2/share/r2d2/worlds/basic_mobile_bot_world/smalltown.world
[3.136s] -- Up-to-date: /home/lidar/lidar/install/r2d2/share/r2d2/params
[3.136s] -- Up-to-date: /home/lidar/lidar/install/r2d2/share/r2d2/params/realsense_params2.yaml
[3.136s] -- Up-to-date: /home/lidar/lidar/install/r2d2/share/r2d2/params/depth_image_to_laserscan_params.yaml
[3.137s] -- Up-to-date: /home/lidar/lidar/install/r2d2/share/r2d2/params/na2jo.yaml
[3.137s] -- Up-to-date: /home/lidar/lidar/install/r2d2/share/r2d2/params/nav2_params copy.yaml
[3.137s] -- Up-to-date: /home/lidar/lidar/install/r2d2/share/r2d2/params/pointcloud_node_params.yaml
[3.138s] -- Up-to-date: /home/lidar/lidar/install/r2d2/share/r2d2/params/map_saver.yaml
[3.138s] -- Up-to-date: /home/lidar/lidar/install/r2d2/share/r2d2/params/nav2_params.yaml
[3.138s] -- Up-to-date: /home/lidar/lidar/install/r2d2/share/r2d2/params/realsense_params.yaml
[3.139s] -- Up-to-date: /home/lidar/lidar/install/r2d2/share/r2d2/params/alex.txt
[3.139s] -- Up-to-date: /home/lidar/lidar/install/r2d2/share/r2d2/params/va.yaml
[3.139s] -- Up-to-date: /home/lidar/lidar/install/r2d2/share/r2d2/params/defaultnav2.yaml
[3.140s] -- Up-to-date: /home/lidar/lidar/install/r2d2/share/r2d2/params/MOnday24.yaml
[3.140s] -- Up-to-date: /home/lidar/lidar/install/r2d2/share/r2d2/params/slam.yaml
[3.140s] -- Up-to-date: /home/lidar/lidar/install/r2d2/share/r2d2/params/nav2mentes.yaml
[3.141s] -- Up-to-date: /home/lidar/lidar/install/r2d2/share/r2d2/params/mentes.yaml
[3.141s] -- Up-to-date: /home/lidar/lidar/install/r2d2/share/r2d2/params/defaultnav2 copy.yaml
[3.142s] -- Up-to-date: /home/lidar/lidar/install/r2d2/share/r2d2/params/nav2paramsy.yaml
[3.142s] -- Up-to-date: /home/lidar/lidar/install/r2d2/share/r2d2/maps
[3.143s] -- Up-to-date: /home/lidar/lidar/install/r2d2/share/r2d2/maps/my_map.yaml
[3.143s] -- Up-to-date: /home/lidar/lidar/install/r2d2/share/r2d2/maps/map_1688027577.pgm
[3.143s] -- Up-to-date: /home/lidar/lidar/install/r2d2/share/r2d2/maps/inventory_world
[3.144s] -- Up-to-date: /home/lidar/lidar/install/r2d2/share/r2d2/maps/inventory_world/inventory_world.yaml
[3.144s] -- Up-to-date: /home/lidar/lidar/install/r2d2/share/r2d2/maps/inventory_world/inventory_world.pgm
[3.144s] -- Up-to-date: /home/lidar/lidar/install/r2d2/share/r2d2/maps/skynet.yaml
[3.145s] -- Up-to-date: /home/lidar/lidar/install/r2d2/share/r2d2/maps/my_map.pgm
[3.145s] -- Up-to-date: /home/lidar/lidar/install/r2d2/share/r2d2/maps/factory_world
[3.146s] -- Up-to-date: /home/lidar/lidar/install/r2d2/share/r2d2/maps/factory_world/factory_world.yaml
[3.146s] -- Up-to-date: /home/lidar/lidar/install/r2d2/share/r2d2/maps/factory_world/factory_world.pgm
[3.147s] -- Up-to-date: /home/lidar/lidar/install/r2d2/share/r2d2/maps/skynet.pgm
[3.147s] -- Up-to-date: /home/lidar/lidar/install/r2d2/share/r2d2/maps/map_1688027577.yaml
[3.148s] -- Up-to-date: /home/lidar/lidar/install/r2d2/share/r2d2/include
[3.148s] -- Up-to-date: /home/lidar/lidar/install/r2d2/share/r2d2/include/laser_filters
[3.148s] -- Up-to-date: /home/lidar/lidar/install/r2d2/share/r2d2/include/laser_filters/footprint_filter.h
[3.149s] -- Up-to-date: /home/lidar/lidar/install/r2d2/share/r2d2/include/laser_filters/scan_mask_filter.h
[3.150s] -- Up-to-date: /home/lidar/lidar/install/r2d2/share/r2d2/include/laser_filters/median_filter.h
[3.150s] -- Up-to-date: /home/lidar/lidar/install/r2d2/share/r2d2/include/laser_filters/interpolation_filter.h
[3.151s] -- Up-to-date: /home/lidar/lidar/install/r2d2/share/r2d2/include/laser_filters/speckle_filter.h
[3.151s] -- Up-to-date: /home/lidar/lidar/install/r2d2/share/r2d2/include/laser_filters/scan_shadow_detector.h
[3.151s] -- Up-to-date: /home/lidar/lidar/install/r2d2/share/r2d2/include/laser_filters/angular_bounds_filter.h
[3.152s] -- Up-to-date: /home/lidar/lidar/install/r2d2/share/r2d2/include/laser_filters/scan_shadows_filter.h
[3.152s] -- Up-to-date: /home/lidar/lidar/install/r2d2/share/r2d2/include/laser_filters/range_filter.h
[3.153s] -- Up-to-date: /home/lidar/lidar/install/r2d2/share/r2d2/include/laser_filters/intensity_filter.h
[3.153s] -- Up-to-date: /home/lidar/lidar/install/r2d2/share/r2d2/include/laser_filters/array_filter.h
[3.154s] -- Up-to-date: /home/lidar/lidar/install/r2d2/share/r2d2/include/laser_filters/box_filter.h
[3.154s] -- Up-to-date: /home/lidar/lidar/install/r2d2/share/r2d2/include/laser_filters/angular_bounds_filter_in_place.h
[3.155s] -- Up-to-date: /home/lidar/lidar/install/r2d2/share/r2d2/environment/pythonpath.sh
[3.156s] -- Up-to-date: /home/lidar/lidar/install/r2d2/share/r2d2/environment/pythonpath.dsv
[3.156s] -- Up-to-date: /home/lidar/lidar/install/r2d2/lib/python3.10/site-packages/r2d2-1.0.0-py3.10.egg-info
[3.157s] -- Installing: /home/lidar/lidar/install/r2d2/lib/python3.10/site-packages/r2d2-1.0.0-py3.10.egg-info/dependency_links.txt
[3.157s] -- Installing: /home/lidar/lidar/install/r2d2/lib/python3.10/site-packages/r2d2-1.0.0-py3.10.egg-info/top_level.txt
[3.158s] -- Installing: /home/lidar/lidar/install/r2d2/lib/python3.10/site-packages/r2d2-1.0.0-py3.10.egg-info/SOURCES.txt
[3.159s] -- Installing: /home/lidar/lidar/install/r2d2/lib/python3.10/site-packages/r2d2-1.0.0-py3.10.egg-info/PKG-INFO
[3.160s] -- Up-to-date: /home/lidar/lidar/install/r2d2/lib/python3.10/site-packages/r2d2
[3.160s] -- Up-to-date: /home/lidar/lidar/install/r2d2/lib/python3.10/site-packages/r2d2/euler_to_quaternion.py
[3.161s] -- Up-to-date: /home/lidar/lidar/install/r2d2/lib/python3.10/site-packages/r2d2/__init__.py
[3.290s] Listing '/home/lidar/lidar/install/r2d2/lib/python3.10/site-packages/r2d2'...
[3.318s] -- Up-to-date: /home/lidar/lidar/install/r2d2/share/ament_index/resource_index/package_run_dependencies/r2d2
[3.320s] -- Up-to-date: /home/lidar/lidar/install/r2d2/share/ament_index/resource_index/parent_prefix_path/r2d2
[3.321s] -- Up-to-date: /home/lidar/lidar/install/r2d2/share/r2d2/environment/ament_prefix_path.sh
[3.321s] -- Up-to-date: /home/lidar/lidar/install/r2d2/share/r2d2/environment/ament_prefix_path.dsv
[3.322s] -- Up-to-date: /home/lidar/lidar/install/r2d2/share/r2d2/environment/path.sh
[3.323s] -- Up-to-date: /home/lidar/lidar/install/r2d2/share/r2d2/environment/path.dsv
[3.324s] -- Up-to-date: /home/lidar/lidar/install/r2d2/share/r2d2/local_setup.bash
[3.325s] -- Up-to-date: /home/lidar/lidar/install/r2d2/share/r2d2/local_setup.sh
[3.325s] -- Up-to-date: /home/lidar/lidar/install/r2d2/share/r2d2/local_setup.zsh
[3.325s] -- Up-to-date: /home/lidar/lidar/install/r2d2/share/r2d2/local_setup.dsv
[3.326s] -- Installing: /home/lidar/lidar/install/r2d2/share/r2d2/package.dsv
[3.327s] -- Up-to-date: /home/lidar/lidar/install/r2d2/share/ament_index/resource_index/packages/r2d2
[3.328s] -- Up-to-date: /home/lidar/lidar/install/r2d2/share/r2d2/cmake/r2d2Config.cmake
[3.328s] -- Up-to-date: /home/lidar/lidar/install/r2d2/share/r2d2/cmake/r2d2Config-version.cmake
[3.329s] -- Up-to-date: /home/lidar/lidar/install/r2d2/share/r2d2/package.xml
[3.338s] Invoked command in '/home/lidar/lidar/build/r2d2' returned '0': CMAKE_PREFIX_PATH=${CMAKE_PREFIX_PATH}:/opt/ros/iron /usr/bin/cmake --install /home/lidar/lidar/build/r2d2
