[0.551s] DEBUG:colcon:Command line arguments: ['/usr/bin/colcon', 'build']
[0.552s] DEBUG:colcon:Parsed command line arguments: Namespace(log_base=None, log_level=None, verb_name='build', build_base='build', install_base='install', merge_install=False, symlink_install=False, test_result_base=None, continue_on_error=False, executor='parallel', parallel_workers=4, event_handlers=None, ignore_user_meta=False, metas=['./colcon.meta'], base_paths=['.'], packages_ignore=None, packages_ignore_regex=None, paths=None, packages_up_to=None, packages_up_to_regex=None, packages_above=None, packages_above_and_dependencies=None, packages_above_depth=None, packages_select_by_dep=None, packages_skip_by_dep=None, packages_skip_up_to=None, packages_select_build_failed=False, packages_skip_build_finished=False, packages_select_test_failures=False, packages_skip_test_passed=False, packages_select=None, packages_skip=None, packages_select_regex=None, packages_skip_regex=None, packages_start=None, packages_end=None, allow_overriding=[], cmake_args=None, cmake_target=None, cmake_target_skip_unavailable=False, cmake_clean_cache=False, cmake_clean_first=False, cmake_force_configure=False, ament_cmake_args=None, catkin_cmake_args=None, catkin_skip_building_tests=False, mixin_files=None, mixin=None, verb_parser=<colcon_mixin.mixin.mixin_argument.MixinArgumentDecorator object at 0xffffb71e6680>, verb_extension=<colcon_core.verb.build.BuildVerb object at 0xffffb7306cb0>, main=<bound method BuildVerb.main of <colcon_core.verb.build.BuildVerb object at 0xffffb7306cb0>>, mixin_verb=('build',))
[1.592s] Level 1:colcon.colcon_core.package_discovery:discover_packages(colcon_meta) check parameters
[1.593s] Level 1:colcon.colcon_core.package_discovery:discover_packages(recursive) check parameters
[1.593s] Level 1:colcon.colcon_core.package_discovery:discover_packages(ignore) check parameters
[1.593s] Level 1:colcon.colcon_core.package_discovery:discover_packages(path) check parameters
[1.593s] Level 1:colcon.colcon_core.package_discovery:discover_packages(colcon_meta) discover
[1.594s] Level 1:colcon.colcon_core.package_discovery:discover_packages(recursive) discover
[1.594s] INFO:colcon.colcon_core.package_discovery:Crawling recursively for packages in '/home/lidar/lidar'
[1.595s] Level 1:colcon.colcon_core.package_identification:_identify(.) by extensions ['ignore', 'ignore_ament_install']
[1.596s] Level 1:colcon.colcon_core.package_identification:_identify(.) by extension 'ignore'
[1.596s] Level 1:colcon.colcon_core.package_identification:_identify(.) by extension 'ignore_ament_install'
[1.597s] Level 1:colcon.colcon_core.package_identification:_identify(.) by extensions ['colcon_pkg']
[1.597s] Level 1:colcon.colcon_core.package_identification:_identify(.) by extension 'colcon_pkg'
[1.597s] Level 1:colcon.colcon_core.package_identification:_identify(.) by extensions ['colcon_meta']
[1.597s] Level 1:colcon.colcon_core.package_identification:_identify(.) by extension 'colcon_meta'
[1.598s] Level 1:colcon.colcon_core.package_identification:_identify(.) by extensions ['ros']
[1.598s] Level 1:colcon.colcon_core.package_identification:_identify(.) by extension 'ros'
[1.664s] Level 1:colcon.colcon_core.package_identification:_identify(.) by extensions ['cmake', 'python']
[1.665s] Level 1:colcon.colcon_core.package_identification:_identify(.) by extension 'cmake'
[1.665s] Level 1:colcon.colcon_core.package_identification:_identify(.) by extension 'python'
[1.665s] Level 1:colcon.colcon_core.package_identification:_identify(.) by extensions ['python_setup_py']
[1.665s] Level 1:colcon.colcon_core.package_identification:_identify(.) by extension 'python_setup_py'
[1.666s] Level 1:colcon.colcon_core.package_identification:_identify(build) by extensions ['ignore', 'ignore_ament_install']
[1.666s] Level 1:colcon.colcon_core.package_identification:_identify(build) by extension 'ignore'
[1.667s] Level 1:colcon.colcon_core.package_identification:_identify(build) ignored
[1.668s] Level 1:colcon.colcon_core.package_identification:_identify(install) by extensions ['ignore', 'ignore_ament_install']
[1.668s] Level 1:colcon.colcon_core.package_identification:_identify(install) by extension 'ignore'
[1.669s] Level 1:colcon.colcon_core.package_identification:_identify(install) ignored
[1.670s] Level 1:colcon.colcon_core.package_identification:_identify(log) by extensions ['ignore', 'ignore_ament_install']
[1.671s] Level 1:colcon.colcon_core.package_identification:_identify(log) by extension 'ignore'
[1.671s] Level 1:colcon.colcon_core.package_identification:_identify(log) ignored
[1.672s] Level 1:colcon.colcon_core.package_identification:_identify(src) by extensions ['ignore', 'ignore_ament_install']
[1.673s] Level 1:colcon.colcon_core.package_identification:_identify(src) by extension 'ignore'
[1.673s] Level 1:colcon.colcon_core.package_identification:_identify(src) by extension 'ignore_ament_install'
[1.673s] Level 1:colcon.colcon_core.package_identification:_identify(src) by extensions ['colcon_pkg']
[1.674s] Level 1:colcon.colcon_core.package_identification:_identify(src) by extension 'colcon_pkg'
[1.674s] Level 1:colcon.colcon_core.package_identification:_identify(src) by extensions ['colcon_meta']
[1.674s] Level 1:colcon.colcon_core.package_identification:_identify(src) by extension 'colcon_meta'
[1.674s] Level 1:colcon.colcon_core.package_identification:_identify(src) by extensions ['ros']
[1.675s] Level 1:colcon.colcon_core.package_identification:_identify(src) by extension 'ros'
[1.675s] Level 1:colcon.colcon_core.package_identification:_identify(src) by extensions ['cmake', 'python']
[1.675s] Level 1:colcon.colcon_core.package_identification:_identify(src) by extension 'cmake'
[1.676s] Level 1:colcon.colcon_core.package_identification:_identify(src) by extension 'python'
[1.676s] Level 1:colcon.colcon_core.package_identification:_identify(src) by extensions ['python_setup_py']
[1.676s] Level 1:colcon.colcon_core.package_identification:_identify(src) by extension 'python_setup_py'
[1.677s] Level 1:colcon.colcon_core.package_identification:_identify(src/r2d2) by extensions ['ignore', 'ignore_ament_install']
[1.678s] Level 1:colcon.colcon_core.package_identification:_identify(src/r2d2) by extension 'ignore'
[1.678s] Level 1:colcon.colcon_core.package_identification:_identify(src/r2d2) by extension 'ignore_ament_install'
[1.678s] Level 1:colcon.colcon_core.package_identification:_identify(src/r2d2) by extensions ['colcon_pkg']
[1.679s] Level 1:colcon.colcon_core.package_identification:_identify(src/r2d2) by extension 'colcon_pkg'
[1.679s] Level 1:colcon.colcon_core.package_identification:_identify(src/r2d2) by extensions ['colcon_meta']
[1.679s] Level 1:colcon.colcon_core.package_identification:_identify(src/r2d2) by extension 'colcon_meta'
[1.679s] Level 1:colcon.colcon_core.package_identification:_identify(src/r2d2) by extensions ['ros']
[1.680s] Level 1:colcon.colcon_core.package_identification:_identify(src/r2d2) by extension 'ros'
[1.693s] DEBUG:colcon.colcon_core.package_identification:Package 'src/r2d2' with type 'ros.ament_cmake' and name 'r2d2'
[1.694s] Level 1:colcon.colcon_core.package_identification:_identify(src/rplidar_ros) by extensions ['ignore', 'ignore_ament_install']
[1.694s] Level 1:colcon.colcon_core.package_identification:_identify(src/rplidar_ros) by extension 'ignore'
[1.694s] Level 1:colcon.colcon_core.package_identification:_identify(src/rplidar_ros) by extension 'ignore_ament_install'
[1.695s] Level 1:colcon.colcon_core.package_identification:_identify(src/rplidar_ros) by extensions ['colcon_pkg']
[1.695s] Level 1:colcon.colcon_core.package_identification:_identify(src/rplidar_ros) by extension 'colcon_pkg'
[1.695s] Level 1:colcon.colcon_core.package_identification:_identify(src/rplidar_ros) by extensions ['colcon_meta']
[1.696s] Level 1:colcon.colcon_core.package_identification:_identify(src/rplidar_ros) by extension 'colcon_meta'
[1.696s] Level 1:colcon.colcon_core.package_identification:_identify(src/rplidar_ros) by extensions ['ros']
[1.696s] Level 1:colcon.colcon_core.package_identification:_identify(src/rplidar_ros) by extension 'ros'
[1.699s] DEBUG:colcon.colcon_core.package_identification:Package 'src/rplidar_ros' with type 'ros.ament_cmake' and name 'rplidar_ros'
[1.700s] Level 1:colcon.colcon_core.package_discovery:discover_packages(recursive) using defaults
[1.700s] Level 1:colcon.colcon_core.package_discovery:discover_packages(ignore) discover
[1.701s] Level 1:colcon.colcon_core.package_discovery:discover_packages(ignore) using defaults
[1.701s] Level 1:colcon.colcon_core.package_discovery:discover_packages(path) discover
[1.701s] Level 1:colcon.colcon_core.package_discovery:discover_packages(path) using defaults
[1.809s] Level 1:colcon.colcon_core.package_discovery:discover_packages(prefix_path) check parameters
[1.809s] Level 1:colcon.colcon_core.package_discovery:discover_packages(prefix_path) discover
[1.824s] DEBUG:colcon.colcon_installed_package_information.package_discovery:Found 2 installed packages in /home/lidar/lidar/install
[1.836s] DEBUG:colcon.colcon_installed_package_information.package_discovery:Found 281 installed packages in /opt/ros/iron
[1.896s] Level 1:colcon.colcon_core.package_discovery:discover_packages(prefix_path) using defaults
[2.235s] Level 5:colcon.colcon_core.verb:set package 'r2d2' build argument 'cmake_args' from command line to 'None'
[2.236s] Level 5:colcon.colcon_core.verb:set package 'r2d2' build argument 'cmake_target' from command line to 'None'
[2.236s] Level 5:colcon.colcon_core.verb:set package 'r2d2' build argument 'cmake_target_skip_unavailable' from command line to 'False'
[2.236s] Level 5:colcon.colcon_core.verb:set package 'r2d2' build argument 'cmake_clean_cache' from command line to 'False'
[2.236s] Level 5:colcon.colcon_core.verb:set package 'r2d2' build argument 'cmake_clean_first' from command line to 'False'
[2.236s] Level 5:colcon.colcon_core.verb:set package 'r2d2' build argument 'cmake_force_configure' from command line to 'False'
[2.237s] Level 5:colcon.colcon_core.verb:set package 'r2d2' build argument 'ament_cmake_args' from command line to 'None'
[2.237s] Level 5:colcon.colcon_core.verb:set package 'r2d2' build argument 'catkin_cmake_args' from command line to 'None'
[2.237s] Level 5:colcon.colcon_core.verb:set package 'r2d2' build argument 'catkin_skip_building_tests' from command line to 'False'
[2.237s] DEBUG:colcon.colcon_core.verb:Building package 'r2d2' with the following arguments: {'ament_cmake_args': None, 'build_base': '/home/lidar/lidar/build/r2d2', 'catkin_cmake_args': None, 'catkin_skip_building_tests': False, 'cmake_args': None, 'cmake_clean_cache': False, 'cmake_clean_first': False, 'cmake_force_configure': False, 'cmake_target': None, 'cmake_target_skip_unavailable': False, 'install_base': '/home/lidar/lidar/install/r2d2', 'merge_install': False, 'path': '/home/lidar/lidar/src/r2d2', 'symlink_install': False, 'test_result_base': None}
[2.239s] Level 5:colcon.colcon_core.verb:set package 'rplidar_ros' build argument 'cmake_args' from command line to 'None'
[2.239s] Level 5:colcon.colcon_core.verb:set package 'rplidar_ros' build argument 'cmake_target' from command line to 'None'
[2.240s] Level 5:colcon.colcon_core.verb:set package 'rplidar_ros' build argument 'cmake_target_skip_unavailable' from command line to 'False'
[2.240s] Level 5:colcon.colcon_core.verb:set package 'rplidar_ros' build argument 'cmake_clean_cache' from command line to 'False'
[2.240s] Level 5:colcon.colcon_core.verb:set package 'rplidar_ros' build argument 'cmake_clean_first' from command line to 'False'
[2.240s] Level 5:colcon.colcon_core.verb:set package 'rplidar_ros' build argument 'cmake_force_configure' from command line to 'False'
[2.240s] Level 5:colcon.colcon_core.verb:set package 'rplidar_ros' build argument 'ament_cmake_args' from command line to 'None'
[2.240s] Level 5:colcon.colcon_core.verb:set package 'rplidar_ros' build argument 'catkin_cmake_args' from command line to 'None'
[2.241s] Level 5:colcon.colcon_core.verb:set package 'rplidar_ros' build argument 'catkin_skip_building_tests' from command line to 'False'
[2.241s] DEBUG:colcon.colcon_core.verb:Building package 'rplidar_ros' with the following arguments: {'ament_cmake_args': None, 'build_base': '/home/lidar/lidar/build/rplidar_ros', 'catkin_cmake_args': None, 'catkin_skip_building_tests': False, 'cmake_args': None, 'cmake_clean_cache': False, 'cmake_clean_first': False, 'cmake_force_configure': False, 'cmake_target': None, 'cmake_target_skip_unavailable': False, 'install_base': '/home/lidar/lidar/install/rplidar_ros', 'merge_install': False, 'path': '/home/lidar/lidar/src/rplidar_ros', 'symlink_install': False, 'test_result_base': None}
[2.242s] INFO:colcon.colcon_core.executor:Executing jobs using 'parallel' executor
[2.246s] DEBUG:colcon.colcon_parallel_executor.executor.parallel:run_until_complete
[2.248s] INFO:colcon.colcon_ros.task.ament_cmake.build:Building ROS package in '/home/lidar/lidar/src/r2d2' with build type 'ament_cmake'
[2.249s] INFO:colcon.colcon_cmake.task.cmake.build:Building CMake package in '/home/lidar/lidar/src/r2d2'
[2.270s] INFO:colcon.colcon_core.plugin_system:Skipping extension 'colcon_core.shell.bat': Not used on non-Windows systems
[2.271s] INFO:colcon.colcon_core.shell:Skip shell extension 'powershell' for command environment: Not usable outside of PowerShell
[2.272s] DEBUG:colcon.colcon_core.shell:Skip shell extension 'dsv' for command environment
[2.304s] INFO:colcon.colcon_ros.task.ament_cmake.build:Building ROS package in '/home/lidar/lidar/src/rplidar_ros' with build type 'ament_cmake'
[2.309s] INFO:colcon.colcon_cmake.task.cmake.build:Building CMake package in '/home/lidar/lidar/src/rplidar_ros'
[2.311s] INFO:colcon.colcon_core.shell:Skip shell extension 'powershell' for command environment: Not usable outside of PowerShell
[2.311s] DEBUG:colcon.colcon_core.shell:Skip shell extension 'dsv' for command environment
[2.371s] DEBUG:colcon.colcon_core.event_handler.log_command:Invoking command in '/home/lidar/lidar/build/r2d2': CMAKE_PREFIX_PATH=${CMAKE_PREFIX_PATH}:/opt/ros/iron /usr/bin/cmake --build /home/lidar/lidar/build/r2d2 -- -j4 -l4
[2.410s] DEBUG:colcon.colcon_core.event_handler.log_command:Invoking command in '/home/lidar/lidar/build/rplidar_ros': CMAKE_PREFIX_PATH=${CMAKE_PREFIX_PATH}:/opt/ros/iron /usr/bin/cmake --build /home/lidar/lidar/build/rplidar_ros -- -j4 -l4
[3.053s] DEBUG:colcon.colcon_core.event_handler.log_command:Invoked command in '/home/lidar/lidar/build/rplidar_ros' returned '0': CMAKE_PREFIX_PATH=${CMAKE_PREFIX_PATH}:/opt/ros/iron /usr/bin/cmake --build /home/lidar/lidar/build/rplidar_ros -- -j4 -l4
[3.793s] DEBUG:colcon.colcon_core.event_handler.log_command:Invoking command in '/home/lidar/lidar/build/rplidar_ros': CMAKE_PREFIX_PATH=${CMAKE_PREFIX_PATH}:/opt/ros/iron /usr/bin/cmake --install /home/lidar/lidar/build/rplidar_ros
[3.890s] Level 1:colcon.colcon_core.environment:create_environment_scripts_only(rplidar_ros)
[3.922s] Level 1:colcon.colcon_core.environment:checking '/home/lidar/lidar/install/rplidar_ros' for CMake module files
[3.928s] Level 1:colcon.colcon_core.environment:checking '/home/lidar/lidar/install/rplidar_ros' for CMake config files
[3.948s] Level 1:colcon.colcon_core.shell:create_environment_hook('rplidar_ros', 'cmake_prefix_path')
[3.950s] INFO:colcon.colcon_core.shell:Creating environment hook '/home/lidar/lidar/install/rplidar_ros/share/rplidar_ros/hook/cmake_prefix_path.ps1'
[3.964s] INFO:colcon.colcon_core.shell:Creating environment descriptor '/home/lidar/lidar/install/rplidar_ros/share/rplidar_ros/hook/cmake_prefix_path.dsv'
[3.973s] INFO:colcon.colcon_core.shell:Creating environment hook '/home/lidar/lidar/install/rplidar_ros/share/rplidar_ros/hook/cmake_prefix_path.sh'
[3.983s] DEBUG:colcon.colcon_core.event_handler.log_command:Invoked command in '/home/lidar/lidar/build/rplidar_ros' returned '0': CMAKE_PREFIX_PATH=${CMAKE_PREFIX_PATH}:/opt/ros/iron /usr/bin/cmake --install /home/lidar/lidar/build/rplidar_ros
[3.985s] Level 1:colcon.colcon_core.environment:checking '/home/lidar/lidar/install/rplidar_ros/lib'
[3.987s] Level 1:colcon.colcon_core.environment:checking '/home/lidar/lidar/install/rplidar_ros/bin'
[3.988s] Level 1:colcon.colcon_core.environment:checking '/home/lidar/lidar/install/rplidar_ros/lib/pkgconfig/rplidar_ros.pc'
[3.990s] Level 1:colcon.colcon_core.environment:checking '/home/lidar/lidar/install/rplidar_ros/lib/python3.10/site-packages'
[3.991s] Level 1:colcon.colcon_core.environment:checking '/home/lidar/lidar/install/rplidar_ros/bin'
[3.993s] INFO:colcon.colcon_core.shell:Creating package script '/home/lidar/lidar/install/rplidar_ros/share/rplidar_ros/package.ps1'
[3.999s] INFO:colcon.colcon_core.shell:Creating package descriptor '/home/lidar/lidar/install/rplidar_ros/share/rplidar_ros/package.dsv'
[4.005s] INFO:colcon.colcon_core.shell:Creating package script '/home/lidar/lidar/install/rplidar_ros/share/rplidar_ros/package.sh'
[4.013s] INFO:colcon.colcon_core.shell:Creating package script '/home/lidar/lidar/install/rplidar_ros/share/rplidar_ros/package.bash'
[4.019s] INFO:colcon.colcon_core.shell:Creating package script '/home/lidar/lidar/install/rplidar_ros/share/rplidar_ros/package.zsh'
[4.023s] Level 1:colcon.colcon_core.environment:create_file_with_runtime_dependencies(/home/lidar/lidar/install/rplidar_ros/share/colcon-core/packages/rplidar_ros)
[4.729s] Level 1:colcon.colcon_core.environment:create_environment_scripts_only(rplidar_ros)
[4.731s] Level 1:colcon.colcon_core.environment:checking '/home/lidar/lidar/install/rplidar_ros' for CMake module files
[4.747s] Level 1:colcon.colcon_core.environment:checking '/home/lidar/lidar/install/rplidar_ros' for CMake config files
[4.763s] Level 1:colcon.colcon_core.shell:create_environment_hook('rplidar_ros', 'cmake_prefix_path')
[4.772s] INFO:colcon.colcon_core.shell:Creating environment hook '/home/lidar/lidar/install/rplidar_ros/share/rplidar_ros/hook/cmake_prefix_path.ps1'
[4.777s] INFO:colcon.colcon_core.shell:Creating environment descriptor '/home/lidar/lidar/install/rplidar_ros/share/rplidar_ros/hook/cmake_prefix_path.dsv'
[4.781s] INFO:colcon.colcon_core.shell:Creating environment hook '/home/lidar/lidar/install/rplidar_ros/share/rplidar_ros/hook/cmake_prefix_path.sh'
[4.786s] Level 1:colcon.colcon_core.environment:checking '/home/lidar/lidar/install/rplidar_ros/lib'
[4.787s] Level 1:colcon.colcon_core.environment:checking '/home/lidar/lidar/install/rplidar_ros/bin'
[4.787s] Level 1:colcon.colcon_core.environment:checking '/home/lidar/lidar/install/rplidar_ros/lib/pkgconfig/rplidar_ros.pc'
[4.789s] Level 1:colcon.colcon_core.environment:checking '/home/lidar/lidar/install/rplidar_ros/lib/python3.10/site-packages'
[4.791s] Level 1:colcon.colcon_core.environment:checking '/home/lidar/lidar/install/rplidar_ros/bin'
[4.793s] INFO:colcon.colcon_core.shell:Creating package script '/home/lidar/lidar/install/rplidar_ros/share/rplidar_ros/package.ps1'
[4.798s] INFO:colcon.colcon_core.shell:Creating package descriptor '/home/lidar/lidar/install/rplidar_ros/share/rplidar_ros/package.dsv'
[4.803s] INFO:colcon.colcon_core.shell:Creating package script '/home/lidar/lidar/install/rplidar_ros/share/rplidar_ros/package.sh'
[4.808s] INFO:colcon.colcon_core.shell:Creating package script '/home/lidar/lidar/install/rplidar_ros/share/rplidar_ros/package.bash'
[4.812s] INFO:colcon.colcon_core.shell:Creating package script '/home/lidar/lidar/install/rplidar_ros/share/rplidar_ros/package.zsh'
[4.816s] Level 1:colcon.colcon_core.environment:create_file_with_runtime_dependencies(/home/lidar/lidar/install/rplidar_ros/share/colcon-core/packages/rplidar_ros)
[5.867s] DEBUG:colcon.colcon_core.event_handler.log_command:Invoked command in '/home/lidar/lidar/build/r2d2' returned '0': CMAKE_PREFIX_PATH=${CMAKE_PREFIX_PATH}:/opt/ros/iron /usr/bin/cmake --build /home/lidar/lidar/build/r2d2 -- -j4 -l4
[6.018s] DEBUG:colcon.colcon_core.event_handler.log_command:Invoking command in '/home/lidar/lidar/build/r2d2': CMAKE_PREFIX_PATH=${CMAKE_PREFIX_PATH}:/opt/ros/iron /usr/bin/cmake --install /home/lidar/lidar/build/r2d2
[6.542s] Level 1:colcon.colcon_core.environment:create_environment_scripts_only(r2d2)
[6.543s] Level 1:colcon.colcon_core.environment:checking '/home/lidar/lidar/install/r2d2' for CMake module files
[6.546s] DEBUG:colcon.colcon_core.event_handler.log_command:Invoked command in '/home/lidar/lidar/build/r2d2' returned '0': CMAKE_PREFIX_PATH=${CMAKE_PREFIX_PATH}:/opt/ros/iron /usr/bin/cmake --install /home/lidar/lidar/build/r2d2
[6.550s] Level 1:colcon.colcon_core.environment:checking '/home/lidar/lidar/install/r2d2' for CMake config files
[6.560s] Level 1:colcon.colcon_core.shell:create_environment_hook('r2d2', 'cmake_prefix_path')
[6.562s] INFO:colcon.colcon_core.shell:Creating environment hook '/home/lidar/lidar/install/r2d2/share/r2d2/hook/cmake_prefix_path.ps1'
[6.564s] INFO:colcon.colcon_core.shell:Creating environment descriptor '/home/lidar/lidar/install/r2d2/share/r2d2/hook/cmake_prefix_path.dsv'
[6.566s] INFO:colcon.colcon_core.shell:Creating environment hook '/home/lidar/lidar/install/r2d2/share/r2d2/hook/cmake_prefix_path.sh'
[6.570s] Level 1:colcon.colcon_core.environment:checking '/home/lidar/lidar/install/r2d2/lib'
[6.571s] Level 1:colcon.colcon_core.environment:checking '/home/lidar/lidar/install/r2d2/bin'
[6.571s] Level 1:colcon.colcon_core.environment:checking '/home/lidar/lidar/install/r2d2/lib/pkgconfig/r2d2.pc'
[6.572s] Level 1:colcon.colcon_core.environment:checking '/home/lidar/lidar/install/r2d2/lib/python3.10/site-packages'
[6.573s] Level 1:colcon.colcon_core.shell:create_environment_hook('r2d2', 'pythonpath')
[6.574s] INFO:colcon.colcon_core.shell:Creating environment hook '/home/lidar/lidar/install/r2d2/share/r2d2/hook/pythonpath.ps1'
[6.577s] INFO:colcon.colcon_core.shell:Creating environment descriptor '/home/lidar/lidar/install/r2d2/share/r2d2/hook/pythonpath.dsv'
[6.580s] INFO:colcon.colcon_core.shell:Creating environment hook '/home/lidar/lidar/install/r2d2/share/r2d2/hook/pythonpath.sh'
[6.585s] Level 1:colcon.colcon_core.environment:checking '/home/lidar/lidar/install/r2d2/bin'
[6.587s] INFO:colcon.colcon_core.shell:Creating package script '/home/lidar/lidar/install/r2d2/share/r2d2/package.ps1'
[6.591s] INFO:colcon.colcon_core.shell:Creating package descriptor '/home/lidar/lidar/install/r2d2/share/r2d2/package.dsv'
[6.593s] INFO:colcon.colcon_core.shell:Creating package script '/home/lidar/lidar/install/r2d2/share/r2d2/package.sh'
[6.596s] INFO:colcon.colcon_core.shell:Creating package script '/home/lidar/lidar/install/r2d2/share/r2d2/package.bash'
[6.600s] INFO:colcon.colcon_core.shell:Creating package script '/home/lidar/lidar/install/r2d2/share/r2d2/package.zsh'
[6.602s] Level 1:colcon.colcon_core.environment:create_file_with_runtime_dependencies(/home/lidar/lidar/install/r2d2/share/colcon-core/packages/r2d2)
[6.763s] Level 1:colcon.colcon_core.environment:create_environment_scripts_only(r2d2)
[6.765s] Level 1:colcon.colcon_core.environment:checking '/home/lidar/lidar/install/r2d2' for CMake module files
[6.769s] Level 1:colcon.colcon_core.environment:checking '/home/lidar/lidar/install/r2d2' for CMake config files
[6.779s] Level 1:colcon.colcon_core.shell:create_environment_hook('r2d2', 'cmake_prefix_path')
[6.780s] INFO:colcon.colcon_core.shell:Creating environment hook '/home/lidar/lidar/install/r2d2/share/r2d2/hook/cmake_prefix_path.ps1'
[6.785s] INFO:colcon.colcon_core.shell:Creating environment descriptor '/home/lidar/lidar/install/r2d2/share/r2d2/hook/cmake_prefix_path.dsv'
[6.789s] INFO:colcon.colcon_core.shell:Creating environment hook '/home/lidar/lidar/install/r2d2/share/r2d2/hook/cmake_prefix_path.sh'
[6.800s] Level 1:colcon.colcon_core.environment:checking '/home/lidar/lidar/install/r2d2/lib'
[6.801s] Level 1:colcon.colcon_core.environment:checking '/home/lidar/lidar/install/r2d2/bin'
[6.802s] Level 1:colcon.colcon_core.environment:checking '/home/lidar/lidar/install/r2d2/lib/pkgconfig/r2d2.pc'
[6.803s] Level 1:colcon.colcon_core.environment:checking '/home/lidar/lidar/install/r2d2/lib/python3.10/site-packages'
[6.804s] Level 1:colcon.colcon_core.shell:create_environment_hook('r2d2', 'pythonpath')
[6.805s] INFO:colcon.colcon_core.shell:Creating environment hook '/home/lidar/lidar/install/r2d2/share/r2d2/hook/pythonpath.ps1'
[6.808s] INFO:colcon.colcon_core.shell:Creating environment descriptor '/home/lidar/lidar/install/r2d2/share/r2d2/hook/pythonpath.dsv'
[6.811s] INFO:colcon.colcon_core.shell:Creating environment hook '/home/lidar/lidar/install/r2d2/share/r2d2/hook/pythonpath.sh'
[6.814s] Level 1:colcon.colcon_core.environment:checking '/home/lidar/lidar/install/r2d2/bin'
[6.816s] INFO:colcon.colcon_core.shell:Creating package script '/home/lidar/lidar/install/r2d2/share/r2d2/package.ps1'
[6.820s] INFO:colcon.colcon_core.shell:Creating package descriptor '/home/lidar/lidar/install/r2d2/share/r2d2/package.dsv'
[6.824s] INFO:colcon.colcon_core.shell:Creating package script '/home/lidar/lidar/install/r2d2/share/r2d2/package.sh'
[6.827s] INFO:colcon.colcon_core.shell:Creating package script '/home/lidar/lidar/install/r2d2/share/r2d2/package.bash'
[6.829s] INFO:colcon.colcon_core.shell:Creating package script '/home/lidar/lidar/install/r2d2/share/r2d2/package.zsh'
[6.833s] Level 1:colcon.colcon_core.environment:create_file_with_runtime_dependencies(/home/lidar/lidar/install/r2d2/share/colcon-core/packages/r2d2)
[6.835s] DEBUG:colcon.colcon_parallel_executor.executor.parallel:closing loop
[6.838s] DEBUG:colcon.colcon_parallel_executor.executor.parallel:loop closed
[6.838s] DEBUG:colcon.colcon_parallel_executor.executor.parallel:run_until_complete finished with '0'
[6.839s] DEBUG:colcon.colcon_core.event_reactor:joining thread
[6.875s] INFO:colcon.colcon_core.plugin_system:Skipping extension 'colcon_notification.desktop_notification.terminal_notifier': Not used on non-Darwin systems
[6.877s] INFO:colcon.colcon_core.plugin_system:Skipping extension 'colcon_notification.desktop_notification.win32': Not used on non-Windows systems
[6.877s] INFO:colcon.colcon_notification.desktop_notification:Sending desktop notification using 'notify2'
[6.969s] DEBUG:colcon.colcon_core.event_reactor:joined thread
[6.970s] INFO:colcon.colcon_core.shell:Creating prefix script '/home/lidar/lidar/install/local_setup.ps1'
[6.997s] INFO:colcon.colcon_core.shell:Creating prefix util module '/home/lidar/lidar/install/_local_setup_util_ps1.py'
[7.004s] INFO:colcon.colcon_core.shell:Creating prefix chain script '/home/lidar/lidar/install/setup.ps1'
[7.012s] INFO:colcon.colcon_core.shell:Creating prefix script '/home/lidar/lidar/install/local_setup.sh'
[7.015s] INFO:colcon.colcon_core.shell:Creating prefix util module '/home/lidar/lidar/install/_local_setup_util_sh.py'
[7.019s] INFO:colcon.colcon_core.shell:Creating prefix chain script '/home/lidar/lidar/install/setup.sh'
[7.027s] INFO:colcon.colcon_core.shell:Creating prefix script '/home/lidar/lidar/install/local_setup.bash'
[7.033s] INFO:colcon.colcon_core.shell:Creating prefix chain script '/home/lidar/lidar/install/setup.bash'
[7.042s] INFO:colcon.colcon_core.shell:Creating prefix script '/home/lidar/lidar/install/local_setup.zsh'
[7.047s] INFO:colcon.colcon_core.shell:Creating prefix chain script '/home/lidar/lidar/install/setup.zsh'
