[0.540s] DEBUG:colcon:Command line arguments: ['/usr/bin/colcon', 'build']
[0.541s] DEBUG:colcon:Parsed command line arguments: Namespace(log_base=None, log_level=None, verb_name='build', build_base='build', install_base='install', merge_install=False, symlink_install=False, test_result_base=None, continue_on_error=False, executor='parallel', parallel_workers=4, event_handlers=None, ignore_user_meta=False, metas=['./colcon.meta'], base_paths=['.'], packages_ignore=None, packages_ignore_regex=None, paths=None, packages_up_to=None, packages_up_to_regex=None, packages_above=None, packages_above_and_dependencies=None, packages_above_depth=None, packages_select_by_dep=None, packages_skip_by_dep=None, packages_skip_up_to=None, packages_select_build_failed=False, packages_skip_build_finished=False, packages_select_test_failures=False, packages_skip_test_passed=False, packages_select=None, packages_skip=None, packages_select_regex=None, packages_skip_regex=None, packages_start=None, packages_end=None, allow_overriding=[], cmake_args=None, cmake_target=None, cmake_target_skip_unavailable=False, cmake_clean_cache=False, cmake_clean_first=False, cmake_force_configure=False, ament_cmake_args=None, catkin_cmake_args=None, catkin_skip_building_tests=False, mixin_files=None, mixin=None, verb_parser=<colcon_mixin.mixin.mixin_argument.MixinArgumentDecorator object at 0xffff86386680>, verb_extension=<colcon_core.verb.build.BuildVerb object at 0xffff864a6cb0>, main=<bound method BuildVerb.main of <colcon_core.verb.build.BuildVerb object at 0xffff864a6cb0>>, mixin_verb=('build',))
[1.476s] Level 1:colcon.colcon_core.package_discovery:discover_packages(colcon_meta) check parameters
[1.477s] Level 1:colcon.colcon_core.package_discovery:discover_packages(recursive) check parameters
[1.477s] Level 1:colcon.colcon_core.package_discovery:discover_packages(ignore) check parameters
[1.477s] Level 1:colcon.colcon_core.package_discovery:discover_packages(path) check parameters
[1.477s] Level 1:colcon.colcon_core.package_discovery:discover_packages(colcon_meta) discover
[1.478s] Level 1:colcon.colcon_core.package_discovery:discover_packages(recursive) discover
[1.478s] INFO:colcon.colcon_core.package_discovery:Crawling recursively for packages in '/home/lidar/lidar'
[1.478s] Level 1:colcon.colcon_core.package_identification:_identify(.) by extensions ['ignore', 'ignore_ament_install']
[1.479s] Level 1:colcon.colcon_core.package_identification:_identify(.) by extension 'ignore'
[1.480s] Level 1:colcon.colcon_core.package_identification:_identify(.) by extension 'ignore_ament_install'
[1.480s] Level 1:colcon.colcon_core.package_identification:_identify(.) by extensions ['colcon_pkg']
[1.480s] Level 1:colcon.colcon_core.package_identification:_identify(.) by extension 'colcon_pkg'
[1.480s] Level 1:colcon.colcon_core.package_identification:_identify(.) by extensions ['colcon_meta']
[1.480s] Level 1:colcon.colcon_core.package_identification:_identify(.) by extension 'colcon_meta'
[1.481s] Level 1:colcon.colcon_core.package_identification:_identify(.) by extensions ['ros']
[1.481s] Level 1:colcon.colcon_core.package_identification:_identify(.) by extension 'ros'
[1.537s] Level 1:colcon.colcon_core.package_identification:_identify(.) by extensions ['cmake', 'python']
[1.537s] Level 1:colcon.colcon_core.package_identification:_identify(.) by extension 'cmake'
[1.538s] Level 1:colcon.colcon_core.package_identification:_identify(.) by extension 'python'
[1.538s] Level 1:colcon.colcon_core.package_identification:_identify(.) by extensions ['python_setup_py']
[1.538s] Level 1:colcon.colcon_core.package_identification:_identify(.) by extension 'python_setup_py'
[1.539s] Level 1:colcon.colcon_core.package_identification:_identify(build) by extensions ['ignore', 'ignore_ament_install']
[1.539s] Level 1:colcon.colcon_core.package_identification:_identify(build) by extension 'ignore'
[1.539s] Level 1:colcon.colcon_core.package_identification:_identify(build) ignored
[1.540s] Level 1:colcon.colcon_core.package_identification:_identify(install) by extensions ['ignore', 'ignore_ament_install']
[1.540s] Level 1:colcon.colcon_core.package_identification:_identify(install) by extension 'ignore'
[1.541s] Level 1:colcon.colcon_core.package_identification:_identify(install) ignored
[1.541s] Level 1:colcon.colcon_core.package_identification:_identify(log) by extensions ['ignore', 'ignore_ament_install']
[1.542s] Level 1:colcon.colcon_core.package_identification:_identify(log) by extension 'ignore'
[1.542s] Level 1:colcon.colcon_core.package_identification:_identify(log) ignored
[1.542s] Level 1:colcon.colcon_core.package_identification:_identify(src) by extensions ['ignore', 'ignore_ament_install']
[1.543s] Level 1:colcon.colcon_core.package_identification:_identify(src) by extension 'ignore'
[1.543s] Level 1:colcon.colcon_core.package_identification:_identify(src) by extension 'ignore_ament_install'
[1.543s] Level 1:colcon.colcon_core.package_identification:_identify(src) by extensions ['colcon_pkg']
[1.543s] Level 1:colcon.colcon_core.package_identification:_identify(src) by extension 'colcon_pkg'
[1.543s] Level 1:colcon.colcon_core.package_identification:_identify(src) by extensions ['colcon_meta']
[1.544s] Level 1:colcon.colcon_core.package_identification:_identify(src) by extension 'colcon_meta'
[1.544s] Level 1:colcon.colcon_core.package_identification:_identify(src) by extensions ['ros']
[1.544s] Level 1:colcon.colcon_core.package_identification:_identify(src) by extension 'ros'
[1.544s] Level 1:colcon.colcon_core.package_identification:_identify(src) by extensions ['cmake', 'python']
[1.544s] Level 1:colcon.colcon_core.package_identification:_identify(src) by extension 'cmake'
[1.545s] Level 1:colcon.colcon_core.package_identification:_identify(src) by extension 'python'
[1.545s] Level 1:colcon.colcon_core.package_identification:_identify(src) by extensions ['python_setup_py']
[1.545s] Level 1:colcon.colcon_core.package_identification:_identify(src) by extension 'python_setup_py'
[1.546s] Level 1:colcon.colcon_core.package_identification:_identify(src/r2d2) by extensions ['ignore', 'ignore_ament_install']
[1.546s] Level 1:colcon.colcon_core.package_identification:_identify(src/r2d2) by extension 'ignore'
[1.546s] Level 1:colcon.colcon_core.package_identification:_identify(src/r2d2) by extension 'ignore_ament_install'
[1.547s] Level 1:colcon.colcon_core.package_identification:_identify(src/r2d2) by extensions ['colcon_pkg']
[1.547s] Level 1:colcon.colcon_core.package_identification:_identify(src/r2d2) by extension 'colcon_pkg'
[1.547s] Level 1:colcon.colcon_core.package_identification:_identify(src/r2d2) by extensions ['colcon_meta']
[1.547s] Level 1:colcon.colcon_core.package_identification:_identify(src/r2d2) by extension 'colcon_meta'
[1.547s] Level 1:colcon.colcon_core.package_identification:_identify(src/r2d2) by extensions ['ros']
[1.547s] Level 1:colcon.colcon_core.package_identification:_identify(src/r2d2) by extension 'ros'
[1.557s] DEBUG:colcon.colcon_core.package_identification:Package 'src/r2d2' with type 'ros.ament_cmake' and name 'r2d2'
[1.558s] Level 1:colcon.colcon_core.package_identification:_identify(src/rplidar_ros) by extensions ['ignore', 'ignore_ament_install']
[1.558s] Level 1:colcon.colcon_core.package_identification:_identify(src/rplidar_ros) by extension 'ignore'
[1.559s] Level 1:colcon.colcon_core.package_identification:_identify(src/rplidar_ros) by extension 'ignore_ament_install'
[1.559s] Level 1:colcon.colcon_core.package_identification:_identify(src/rplidar_ros) by extensions ['colcon_pkg']
[1.559s] Level 1:colcon.colcon_core.package_identification:_identify(src/rplidar_ros) by extension 'colcon_pkg'
[1.559s] Level 1:colcon.colcon_core.package_identification:_identify(src/rplidar_ros) by extensions ['colcon_meta']
[1.560s] Level 1:colcon.colcon_core.package_identification:_identify(src/rplidar_ros) by extension 'colcon_meta'
[1.560s] Level 1:colcon.colcon_core.package_identification:_identify(src/rplidar_ros) by extensions ['ros']
[1.560s] Level 1:colcon.colcon_core.package_identification:_identify(src/rplidar_ros) by extension 'ros'
[1.563s] DEBUG:colcon.colcon_core.package_identification:Package 'src/rplidar_ros' with type 'ros.ament_cmake' and name 'rplidar_ros'
[1.563s] Level 1:colcon.colcon_core.package_discovery:discover_packages(recursive) using defaults
[1.564s] Level 1:colcon.colcon_core.package_discovery:discover_packages(ignore) discover
[1.564s] Level 1:colcon.colcon_core.package_discovery:discover_packages(ignore) using defaults
[1.564s] Level 1:colcon.colcon_core.package_discovery:discover_packages(path) discover
[1.564s] Level 1:colcon.colcon_core.package_discovery:discover_packages(path) using defaults
[1.651s] Level 1:colcon.colcon_core.package_discovery:discover_packages(prefix_path) check parameters
[1.652s] Level 1:colcon.colcon_core.package_discovery:discover_packages(prefix_path) discover
[1.661s] DEBUG:colcon.colcon_installed_package_information.package_discovery:Found 2 installed packages in /home/lidar/lidar/install
[1.671s] DEBUG:colcon.colcon_installed_package_information.package_discovery:Found 281 installed packages in /opt/ros/iron
[1.724s] Level 1:colcon.colcon_core.package_discovery:discover_packages(prefix_path) using defaults
[1.950s] Level 5:colcon.colcon_core.verb:set package 'r2d2' build argument 'cmake_args' from command line to 'None'
[1.951s] Level 5:colcon.colcon_core.verb:set package 'r2d2' build argument 'cmake_target' from command line to 'None'
[1.951s] Level 5:colcon.colcon_core.verb:set package 'r2d2' build argument 'cmake_target_skip_unavailable' from command line to 'False'
[1.951s] Level 5:colcon.colcon_core.verb:set package 'r2d2' build argument 'cmake_clean_cache' from command line to 'False'
[1.951s] Level 5:colcon.colcon_core.verb:set package 'r2d2' build argument 'cmake_clean_first' from command line to 'False'
[1.951s] Level 5:colcon.colcon_core.verb:set package 'r2d2' build argument 'cmake_force_configure' from command line to 'False'
[1.951s] Level 5:colcon.colcon_core.verb:set package 'r2d2' build argument 'ament_cmake_args' from command line to 'None'
[1.951s] Level 5:colcon.colcon_core.verb:set package 'r2d2' build argument 'catkin_cmake_args' from command line to 'None'
[1.952s] Level 5:colcon.colcon_core.verb:set package 'r2d2' build argument 'catkin_skip_building_tests' from command line to 'False'
[1.952s] DEBUG:colcon.colcon_core.verb:Building package 'r2d2' with the following arguments: {'ament_cmake_args': None, 'build_base': '/home/lidar/lidar/build/r2d2', 'catkin_cmake_args': None, 'catkin_skip_building_tests': False, 'cmake_args': None, 'cmake_clean_cache': False, 'cmake_clean_first': False, 'cmake_force_configure': False, 'cmake_target': None, 'cmake_target_skip_unavailable': False, 'install_base': '/home/lidar/lidar/install/r2d2', 'merge_install': False, 'path': '/home/lidar/lidar/src/r2d2', 'symlink_install': False, 'test_result_base': None}
[1.953s] Level 5:colcon.colcon_core.verb:set package 'rplidar_ros' build argument 'cmake_args' from command line to 'None'
[1.954s] Level 5:colcon.colcon_core.verb:set package 'rplidar_ros' build argument 'cmake_target' from command line to 'None'
[1.954s] Level 5:colcon.colcon_core.verb:set package 'rplidar_ros' build argument 'cmake_target_skip_unavailable' from command line to 'False'
[1.954s] Level 5:colcon.colcon_core.verb:set package 'rplidar_ros' build argument 'cmake_clean_cache' from command line to 'False'
[1.954s] Level 5:colcon.colcon_core.verb:set package 'rplidar_ros' build argument 'cmake_clean_first' from command line to 'False'
[1.954s] Level 5:colcon.colcon_core.verb:set package 'rplidar_ros' build argument 'cmake_force_configure' from command line to 'False'
[1.954s] Level 5:colcon.colcon_core.verb:set package 'rplidar_ros' build argument 'ament_cmake_args' from command line to 'None'
[1.954s] Level 5:colcon.colcon_core.verb:set package 'rplidar_ros' build argument 'catkin_cmake_args' from command line to 'None'
[1.954s] Level 5:colcon.colcon_core.verb:set package 'rplidar_ros' build argument 'catkin_skip_building_tests' from command line to 'False'
[1.955s] DEBUG:colcon.colcon_core.verb:Building package 'rplidar_ros' with the following arguments: {'ament_cmake_args': None, 'build_base': '/home/lidar/lidar/build/rplidar_ros', 'catkin_cmake_args': None, 'catkin_skip_building_tests': False, 'cmake_args': None, 'cmake_clean_cache': False, 'cmake_clean_first': False, 'cmake_force_configure': False, 'cmake_target': None, 'cmake_target_skip_unavailable': False, 'install_base': '/home/lidar/lidar/install/rplidar_ros', 'merge_install': False, 'path': '/home/lidar/lidar/src/rplidar_ros', 'symlink_install': False, 'test_result_base': None}
[1.955s] INFO:colcon.colcon_core.executor:Executing jobs using 'parallel' executor
[1.959s] DEBUG:colcon.colcon_parallel_executor.executor.parallel:run_until_complete
[1.960s] INFO:colcon.colcon_ros.task.ament_cmake.build:Building ROS package in '/home/lidar/lidar/src/r2d2' with build type 'ament_cmake'
[1.961s] INFO:colcon.colcon_cmake.task.cmake.build:Building CMake package in '/home/lidar/lidar/src/r2d2'
[1.971s] INFO:colcon.colcon_core.plugin_system:Skipping extension 'colcon_core.shell.bat': Not used on non-Windows systems
[1.972s] INFO:colcon.colcon_core.shell:Skip shell extension 'powershell' for command environment: Not usable outside of PowerShell
[1.972s] DEBUG:colcon.colcon_core.shell:Skip shell extension 'dsv' for command environment
[1.998s] INFO:colcon.colcon_ros.task.ament_cmake.build:Building ROS package in '/home/lidar/lidar/src/rplidar_ros' with build type 'ament_cmake'
[1.999s] INFO:colcon.colcon_cmake.task.cmake.build:Building CMake package in '/home/lidar/lidar/src/rplidar_ros'
[2.000s] INFO:colcon.colcon_core.shell:Skip shell extension 'powershell' for command environment: Not usable outside of PowerShell
[2.000s] DEBUG:colcon.colcon_core.shell:Skip shell extension 'dsv' for command environment
[2.055s] DEBUG:colcon.colcon_core.event_handler.log_command:Invoking command in '/home/lidar/lidar/build/r2d2': CMAKE_PREFIX_PATH=${CMAKE_PREFIX_PATH}:/opt/ros/iron /usr/bin/cmake --build /home/lidar/lidar/build/r2d2 -- -j4 -l4
[2.090s] DEBUG:colcon.colcon_core.event_handler.log_command:Invoking command in '/home/lidar/lidar/build/rplidar_ros': CMAKE_PREFIX_PATH=${CMAKE_PREFIX_PATH}:/opt/ros/iron /usr/bin/cmake --build /home/lidar/lidar/build/rplidar_ros -- -j4 -l4
[2.498s] DEBUG:colcon.colcon_core.event_handler.log_command:Invoked command in '/home/lidar/lidar/build/rplidar_ros' returned '0': CMAKE_PREFIX_PATH=${CMAKE_PREFIX_PATH}:/opt/ros/iron /usr/bin/cmake --build /home/lidar/lidar/build/rplidar_ros -- -j4 -l4
[3.009s] DEBUG:colcon.colcon_core.event_handler.log_command:Invoking command in '/home/lidar/lidar/build/rplidar_ros': CMAKE_PREFIX_PATH=${CMAKE_PREFIX_PATH}:/opt/ros/iron /usr/bin/cmake --install /home/lidar/lidar/build/rplidar_ros
[3.071s] Level 1:colcon.colcon_core.environment:create_environment_scripts_only(rplidar_ros)
[3.079s] DEBUG:colcon.colcon_core.event_handler.log_command:Invoked command in '/home/lidar/lidar/build/rplidar_ros' returned '0': CMAKE_PREFIX_PATH=${CMAKE_PREFIX_PATH}:/opt/ros/iron /usr/bin/cmake --install /home/lidar/lidar/build/rplidar_ros
[3.089s] Level 1:colcon.colcon_core.environment:checking '/home/lidar/lidar/install/rplidar_ros' for CMake module files
[3.093s] Level 1:colcon.colcon_core.environment:checking '/home/lidar/lidar/install/rplidar_ros' for CMake config files
[3.095s] Level 1:colcon.colcon_core.shell:create_environment_hook('rplidar_ros', 'cmake_prefix_path')
[3.098s] INFO:colcon.colcon_core.shell:Creating environment hook '/home/lidar/lidar/install/rplidar_ros/share/rplidar_ros/hook/cmake_prefix_path.ps1'
[3.101s] INFO:colcon.colcon_core.shell:Creating environment descriptor '/home/lidar/lidar/install/rplidar_ros/share/rplidar_ros/hook/cmake_prefix_path.dsv'
[3.103s] INFO:colcon.colcon_core.shell:Creating environment hook '/home/lidar/lidar/install/rplidar_ros/share/rplidar_ros/hook/cmake_prefix_path.sh'
[3.109s] Level 1:colcon.colcon_core.environment:checking '/home/lidar/lidar/install/rplidar_ros/lib'
[3.110s] Level 1:colcon.colcon_core.environment:checking '/home/lidar/lidar/install/rplidar_ros/bin'
[3.110s] Level 1:colcon.colcon_core.environment:checking '/home/lidar/lidar/install/rplidar_ros/lib/pkgconfig/rplidar_ros.pc'
[3.111s] Level 1:colcon.colcon_core.environment:checking '/home/lidar/lidar/install/rplidar_ros/lib/python3.10/site-packages'
[3.113s] Level 1:colcon.colcon_core.environment:checking '/home/lidar/lidar/install/rplidar_ros/bin'
[3.114s] INFO:colcon.colcon_core.shell:Creating package script '/home/lidar/lidar/install/rplidar_ros/share/rplidar_ros/package.ps1'
[3.118s] INFO:colcon.colcon_core.shell:Creating package descriptor '/home/lidar/lidar/install/rplidar_ros/share/rplidar_ros/package.dsv'
[3.121s] INFO:colcon.colcon_core.shell:Creating package script '/home/lidar/lidar/install/rplidar_ros/share/rplidar_ros/package.sh'
[3.125s] INFO:colcon.colcon_core.shell:Creating package script '/home/lidar/lidar/install/rplidar_ros/share/rplidar_ros/package.bash'
[3.129s] INFO:colcon.colcon_core.shell:Creating package script '/home/lidar/lidar/install/rplidar_ros/share/rplidar_ros/package.zsh'
[3.132s] Level 1:colcon.colcon_core.environment:create_file_with_runtime_dependencies(/home/lidar/lidar/install/rplidar_ros/share/colcon-core/packages/rplidar_ros)
[3.580s] Level 1:colcon.colcon_core.environment:create_environment_scripts_only(rplidar_ros)
[3.581s] Level 1:colcon.colcon_core.environment:checking '/home/lidar/lidar/install/rplidar_ros' for CMake module files
[3.585s] Level 1:colcon.colcon_core.environment:checking '/home/lidar/lidar/install/rplidar_ros' for CMake config files
[3.587s] Level 1:colcon.colcon_core.shell:create_environment_hook('rplidar_ros', 'cmake_prefix_path')
[3.588s] INFO:colcon.colcon_core.shell:Creating environment hook '/home/lidar/lidar/install/rplidar_ros/share/rplidar_ros/hook/cmake_prefix_path.ps1'
[3.590s] INFO:colcon.colcon_core.shell:Creating environment descriptor '/home/lidar/lidar/install/rplidar_ros/share/rplidar_ros/hook/cmake_prefix_path.dsv'
[3.592s] INFO:colcon.colcon_core.shell:Creating environment hook '/home/lidar/lidar/install/rplidar_ros/share/rplidar_ros/hook/cmake_prefix_path.sh'
[3.596s] Level 1:colcon.colcon_core.environment:checking '/home/lidar/lidar/install/rplidar_ros/lib'
[3.596s] Level 1:colcon.colcon_core.environment:checking '/home/lidar/lidar/install/rplidar_ros/bin'
[3.597s] Level 1:colcon.colcon_core.environment:checking '/home/lidar/lidar/install/rplidar_ros/lib/pkgconfig/rplidar_ros.pc'
[3.598s] Level 1:colcon.colcon_core.environment:checking '/home/lidar/lidar/install/rplidar_ros/lib/python3.10/site-packages'
[3.599s] Level 1:colcon.colcon_core.environment:checking '/home/lidar/lidar/install/rplidar_ros/bin'
[3.601s] INFO:colcon.colcon_core.shell:Creating package script '/home/lidar/lidar/install/rplidar_ros/share/rplidar_ros/package.ps1'
[3.605s] INFO:colcon.colcon_core.shell:Creating package descriptor '/home/lidar/lidar/install/rplidar_ros/share/rplidar_ros/package.dsv'
[3.608s] INFO:colcon.colcon_core.shell:Creating package script '/home/lidar/lidar/install/rplidar_ros/share/rplidar_ros/package.sh'
[3.611s] INFO:colcon.colcon_core.shell:Creating package script '/home/lidar/lidar/install/rplidar_ros/share/rplidar_ros/package.bash'
[3.614s] INFO:colcon.colcon_core.shell:Creating package script '/home/lidar/lidar/install/rplidar_ros/share/rplidar_ros/package.zsh'
[3.616s] Level 1:colcon.colcon_core.environment:create_file_with_runtime_dependencies(/home/lidar/lidar/install/rplidar_ros/share/colcon-core/packages/rplidar_ros)
[4.124s] DEBUG:colcon.colcon_core.event_handler.log_command:Invoked command in '/home/lidar/lidar/build/r2d2' returned '0': CMAKE_PREFIX_PATH=${CMAKE_PREFIX_PATH}:/opt/ros/iron /usr/bin/cmake --build /home/lidar/lidar/build/r2d2 -- -j4 -l4
[4.270s] DEBUG:colcon.colcon_core.event_handler.log_command:Invoking command in '/home/lidar/lidar/build/r2d2': CMAKE_PREFIX_PATH=${CMAKE_PREFIX_PATH}:/opt/ros/iron /usr/bin/cmake --install /home/lidar/lidar/build/r2d2
[4.587s] Level 1:colcon.colcon_core.environment:create_environment_scripts_only(r2d2)
[4.588s] Level 1:colcon.colcon_core.environment:checking '/home/lidar/lidar/install/r2d2' for CMake module files
[4.591s] DEBUG:colcon.colcon_core.event_handler.log_command:Invoked command in '/home/lidar/lidar/build/r2d2' returned '0': CMAKE_PREFIX_PATH=${CMAKE_PREFIX_PATH}:/opt/ros/iron /usr/bin/cmake --install /home/lidar/lidar/build/r2d2
[4.593s] Level 1:colcon.colcon_core.environment:checking '/home/lidar/lidar/install/r2d2' for CMake config files
[4.602s] Level 1:colcon.colcon_core.shell:create_environment_hook('r2d2', 'cmake_prefix_path')
[4.604s] INFO:colcon.colcon_core.shell:Creating environment hook '/home/lidar/lidar/install/r2d2/share/r2d2/hook/cmake_prefix_path.ps1'
[4.607s] INFO:colcon.colcon_core.shell:Creating environment descriptor '/home/lidar/lidar/install/r2d2/share/r2d2/hook/cmake_prefix_path.dsv'
[4.610s] INFO:colcon.colcon_core.shell:Creating environment hook '/home/lidar/lidar/install/r2d2/share/r2d2/hook/cmake_prefix_path.sh'
[4.614s] Level 1:colcon.colcon_core.environment:checking '/home/lidar/lidar/install/r2d2/lib'
[4.615s] Level 1:colcon.colcon_core.environment:checking '/home/lidar/lidar/install/r2d2/bin'
[4.615s] Level 1:colcon.colcon_core.environment:checking '/home/lidar/lidar/install/r2d2/lib/pkgconfig/r2d2.pc'
[4.616s] Level 1:colcon.colcon_core.environment:checking '/home/lidar/lidar/install/r2d2/lib/python3.10/site-packages'
[4.616s] Level 1:colcon.colcon_core.shell:create_environment_hook('r2d2', 'pythonpath')
[4.617s] INFO:colcon.colcon_core.shell:Creating environment hook '/home/lidar/lidar/install/r2d2/share/r2d2/hook/pythonpath.ps1'
[4.619s] INFO:colcon.colcon_core.shell:Creating environment descriptor '/home/lidar/lidar/install/r2d2/share/r2d2/hook/pythonpath.dsv'
[4.621s] INFO:colcon.colcon_core.shell:Creating environment hook '/home/lidar/lidar/install/r2d2/share/r2d2/hook/pythonpath.sh'
[4.624s] Level 1:colcon.colcon_core.environment:checking '/home/lidar/lidar/install/r2d2/bin'
[4.626s] INFO:colcon.colcon_core.shell:Creating package script '/home/lidar/lidar/install/r2d2/share/r2d2/package.ps1'
[4.628s] INFO:colcon.colcon_core.shell:Creating package descriptor '/home/lidar/lidar/install/r2d2/share/r2d2/package.dsv'
[4.631s] INFO:colcon.colcon_core.shell:Creating package script '/home/lidar/lidar/install/r2d2/share/r2d2/package.sh'
[4.633s] INFO:colcon.colcon_core.shell:Creating package script '/home/lidar/lidar/install/r2d2/share/r2d2/package.bash'
[4.635s] INFO:colcon.colcon_core.shell:Creating package script '/home/lidar/lidar/install/r2d2/share/r2d2/package.zsh'
[4.637s] Level 1:colcon.colcon_core.environment:create_file_with_runtime_dependencies(/home/lidar/lidar/install/r2d2/share/colcon-core/packages/r2d2)
[4.769s] Level 1:colcon.colcon_core.environment:create_environment_scripts_only(r2d2)
[4.770s] Level 1:colcon.colcon_core.environment:checking '/home/lidar/lidar/install/r2d2' for CMake module files
[4.775s] Level 1:colcon.colcon_core.environment:checking '/home/lidar/lidar/install/r2d2' for CMake config files
[4.786s] Level 1:colcon.colcon_core.shell:create_environment_hook('r2d2', 'cmake_prefix_path')
[4.788s] INFO:colcon.colcon_core.shell:Creating environment hook '/home/lidar/lidar/install/r2d2/share/r2d2/hook/cmake_prefix_path.ps1'
[4.790s] INFO:colcon.colcon_core.shell:Creating environment descriptor '/home/lidar/lidar/install/r2d2/share/r2d2/hook/cmake_prefix_path.dsv'
[4.792s] INFO:colcon.colcon_core.shell:Creating environment hook '/home/lidar/lidar/install/r2d2/share/r2d2/hook/cmake_prefix_path.sh'
[4.795s] Level 1:colcon.colcon_core.environment:checking '/home/lidar/lidar/install/r2d2/lib'
[4.796s] Level 1:colcon.colcon_core.environment:checking '/home/lidar/lidar/install/r2d2/bin'
[4.796s] Level 1:colcon.colcon_core.environment:checking '/home/lidar/lidar/install/r2d2/lib/pkgconfig/r2d2.pc'
[4.797s] Level 1:colcon.colcon_core.environment:checking '/home/lidar/lidar/install/r2d2/lib/python3.10/site-packages'
[4.797s] Level 1:colcon.colcon_core.shell:create_environment_hook('r2d2', 'pythonpath')
[4.798s] INFO:colcon.colcon_core.shell:Creating environment hook '/home/lidar/lidar/install/r2d2/share/r2d2/hook/pythonpath.ps1'
[4.800s] INFO:colcon.colcon_core.shell:Creating environment descriptor '/home/lidar/lidar/install/r2d2/share/r2d2/hook/pythonpath.dsv'
[4.802s] INFO:colcon.colcon_core.shell:Creating environment hook '/home/lidar/lidar/install/r2d2/share/r2d2/hook/pythonpath.sh'
[4.805s] Level 1:colcon.colcon_core.environment:checking '/home/lidar/lidar/install/r2d2/bin'
[4.807s] INFO:colcon.colcon_core.shell:Creating package script '/home/lidar/lidar/install/r2d2/share/r2d2/package.ps1'
[4.812s] INFO:colcon.colcon_core.shell:Creating package descriptor '/home/lidar/lidar/install/r2d2/share/r2d2/package.dsv'
[4.815s] INFO:colcon.colcon_core.shell:Creating package script '/home/lidar/lidar/install/r2d2/share/r2d2/package.sh'
[4.817s] INFO:colcon.colcon_core.shell:Creating package script '/home/lidar/lidar/install/r2d2/share/r2d2/package.bash'
[4.819s] INFO:colcon.colcon_core.shell:Creating package script '/home/lidar/lidar/install/r2d2/share/r2d2/package.zsh'
[4.821s] Level 1:colcon.colcon_core.environment:create_file_with_runtime_dependencies(/home/lidar/lidar/install/r2d2/share/colcon-core/packages/r2d2)
[4.823s] DEBUG:colcon.colcon_parallel_executor.executor.parallel:closing loop
[4.824s] DEBUG:colcon.colcon_parallel_executor.executor.parallel:loop closed
[4.824s] DEBUG:colcon.colcon_parallel_executor.executor.parallel:run_until_complete finished with '0'
[4.825s] DEBUG:colcon.colcon_core.event_reactor:joining thread
[4.856s] INFO:colcon.colcon_core.plugin_system:Skipping extension 'colcon_notification.desktop_notification.terminal_notifier': Not used on non-Darwin systems
[4.857s] INFO:colcon.colcon_core.plugin_system:Skipping extension 'colcon_notification.desktop_notification.win32': Not used on non-Windows systems
[4.857s] INFO:colcon.colcon_notification.desktop_notification:Sending desktop notification using 'notify2'
[4.917s] DEBUG:colcon.colcon_core.event_reactor:joined thread
[4.919s] INFO:colcon.colcon_core.shell:Creating prefix script '/home/lidar/lidar/install/local_setup.ps1'
[4.923s] INFO:colcon.colcon_core.shell:Creating prefix util module '/home/lidar/lidar/install/_local_setup_util_ps1.py'
[4.930s] INFO:colcon.colcon_core.shell:Creating prefix chain script '/home/lidar/lidar/install/setup.ps1'
[4.938s] INFO:colcon.colcon_core.shell:Creating prefix script '/home/lidar/lidar/install/local_setup.sh'
[4.943s] INFO:colcon.colcon_core.shell:Creating prefix util module '/home/lidar/lidar/install/_local_setup_util_sh.py'
[4.947s] INFO:colcon.colcon_core.shell:Creating prefix chain script '/home/lidar/lidar/install/setup.sh'
[4.954s] INFO:colcon.colcon_core.shell:Creating prefix script '/home/lidar/lidar/install/local_setup.bash'
[4.958s] INFO:colcon.colcon_core.shell:Creating prefix chain script '/home/lidar/lidar/install/setup.bash'
[4.965s] INFO:colcon.colcon_core.shell:Creating prefix script '/home/lidar/lidar/install/local_setup.zsh'
[4.968s] INFO:colcon.colcon_core.shell:Creating prefix chain script '/home/lidar/lidar/install/setup.zsh'
