[0.892s] DEBUG:colcon:Command line arguments: ['/usr/bin/colcon', 'build']
[0.893s] DEBUG:colcon:Parsed command line arguments: Namespace(log_base=None, log_level=None, verb_name='build', build_base='build', install_base='install', merge_install=False, symlink_install=False, test_result_base=None, continue_on_error=False, executor='parallel', parallel_workers=4, event_handlers=None, ignore_user_meta=False, metas=['./colcon.meta'], base_paths=['.'], packages_ignore=None, packages_ignore_regex=None, paths=None, packages_up_to=None, packages_up_to_regex=None, packages_above=None, packages_above_and_dependencies=None, packages_above_depth=None, packages_select_by_dep=None, packages_skip_by_dep=None, packages_skip_up_to=None, packages_select_build_failed=False, packages_skip_build_finished=False, packages_select_test_failures=False, packages_skip_test_passed=False, packages_select=None, packages_skip=None, packages_select_regex=None, packages_skip_regex=None, packages_start=None, packages_end=None, allow_overriding=[], cmake_args=None, cmake_target=None, cmake_target_skip_unavailable=False, cmake_clean_cache=False, cmake_clean_first=False, cmake_force_configure=False, ament_cmake_args=None, catkin_cmake_args=None, catkin_skip_building_tests=False, mixin_files=None, mixin=None, verb_parser=<colcon_mixin.mixin.mixin_argument.MixinArgumentDecorator object at 0xffff893c6680>, verb_extension=<colcon_core.verb.build.BuildVerb object at 0xffff894e6cb0>, main=<bound method BuildVerb.main of <colcon_core.verb.build.BuildVerb object at 0xffff894e6cb0>>, mixin_verb=('build',))
[2.473s] Level 1:colcon.colcon_core.package_discovery:discover_packages(colcon_meta) check parameters
[2.473s] Level 1:colcon.colcon_core.package_discovery:discover_packages(recursive) check parameters
[2.474s] Level 1:colcon.colcon_core.package_discovery:discover_packages(ignore) check parameters
[2.474s] Level 1:colcon.colcon_core.package_discovery:discover_packages(path) check parameters
[2.474s] Level 1:colcon.colcon_core.package_discovery:discover_packages(colcon_meta) discover
[2.474s] Level 1:colcon.colcon_core.package_discovery:discover_packages(recursive) discover
[2.475s] INFO:colcon.colcon_core.package_discovery:Crawling recursively for packages in '/home/lidar/lidar'
[2.475s] Level 1:colcon.colcon_core.package_identification:_identify(.) by extensions ['ignore', 'ignore_ament_install']
[2.477s] Level 1:colcon.colcon_core.package_identification:_identify(.) by extension 'ignore'
[2.477s] Level 1:colcon.colcon_core.package_identification:_identify(.) by extension 'ignore_ament_install'
[2.478s] Level 1:colcon.colcon_core.package_identification:_identify(.) by extensions ['colcon_pkg']
[2.478s] Level 1:colcon.colcon_core.package_identification:_identify(.) by extension 'colcon_pkg'
[2.478s] Level 1:colcon.colcon_core.package_identification:_identify(.) by extensions ['colcon_meta']
[2.479s] Level 1:colcon.colcon_core.package_identification:_identify(.) by extension 'colcon_meta'
[2.479s] Level 1:colcon.colcon_core.package_identification:_identify(.) by extensions ['ros']
[2.479s] Level 1:colcon.colcon_core.package_identification:_identify(.) by extension 'ros'
[2.559s] Level 1:colcon.colcon_core.package_identification:_identify(.) by extensions ['cmake', 'python']
[2.560s] Level 1:colcon.colcon_core.package_identification:_identify(.) by extension 'cmake'
[2.560s] Level 1:colcon.colcon_core.package_identification:_identify(.) by extension 'python'
[2.561s] Level 1:colcon.colcon_core.package_identification:_identify(.) by extensions ['python_setup_py']
[2.561s] Level 1:colcon.colcon_core.package_identification:_identify(.) by extension 'python_setup_py'
[2.562s] Level 1:colcon.colcon_core.package_identification:_identify(build) by extensions ['ignore', 'ignore_ament_install']
[2.562s] Level 1:colcon.colcon_core.package_identification:_identify(build) by extension 'ignore'
[2.563s] Level 1:colcon.colcon_core.package_identification:_identify(build) ignored
[2.563s] Level 1:colcon.colcon_core.package_identification:_identify(install) by extensions ['ignore', 'ignore_ament_install']
[2.564s] Level 1:colcon.colcon_core.package_identification:_identify(install) by extension 'ignore'
[2.564s] Level 1:colcon.colcon_core.package_identification:_identify(install) ignored
[2.565s] Level 1:colcon.colcon_core.package_identification:_identify(log) by extensions ['ignore', 'ignore_ament_install']
[2.565s] Level 1:colcon.colcon_core.package_identification:_identify(log) by extension 'ignore'
[2.565s] Level 1:colcon.colcon_core.package_identification:_identify(log) ignored
[2.565s] Level 1:colcon.colcon_core.package_identification:_identify(src) by extensions ['ignore', 'ignore_ament_install']
[2.566s] Level 1:colcon.colcon_core.package_identification:_identify(src) by extension 'ignore'
[2.566s] Level 1:colcon.colcon_core.package_identification:_identify(src) by extension 'ignore_ament_install'
[2.566s] Level 1:colcon.colcon_core.package_identification:_identify(src) by extensions ['colcon_pkg']
[2.567s] Level 1:colcon.colcon_core.package_identification:_identify(src) by extension 'colcon_pkg'
[2.567s] Level 1:colcon.colcon_core.package_identification:_identify(src) by extensions ['colcon_meta']
[2.567s] Level 1:colcon.colcon_core.package_identification:_identify(src) by extension 'colcon_meta'
[2.567s] Level 1:colcon.colcon_core.package_identification:_identify(src) by extensions ['ros']
[2.567s] Level 1:colcon.colcon_core.package_identification:_identify(src) by extension 'ros'
[2.568s] Level 1:colcon.colcon_core.package_identification:_identify(src) by extensions ['cmake', 'python']
[2.568s] Level 1:colcon.colcon_core.package_identification:_identify(src) by extension 'cmake'
[2.568s] Level 1:colcon.colcon_core.package_identification:_identify(src) by extension 'python'
[2.568s] Level 1:colcon.colcon_core.package_identification:_identify(src) by extensions ['python_setup_py']
[2.568s] Level 1:colcon.colcon_core.package_identification:_identify(src) by extension 'python_setup_py'
[2.569s] Level 1:colcon.colcon_core.package_identification:_identify(src/r2d2) by extensions ['ignore', 'ignore_ament_install']
[2.569s] Level 1:colcon.colcon_core.package_identification:_identify(src/r2d2) by extension 'ignore'
[2.570s] Level 1:colcon.colcon_core.package_identification:_identify(src/r2d2) by extension 'ignore_ament_install'
[2.570s] Level 1:colcon.colcon_core.package_identification:_identify(src/r2d2) by extensions ['colcon_pkg']
[2.570s] Level 1:colcon.colcon_core.package_identification:_identify(src/r2d2) by extension 'colcon_pkg'
[2.570s] Level 1:colcon.colcon_core.package_identification:_identify(src/r2d2) by extensions ['colcon_meta']
[2.570s] Level 1:colcon.colcon_core.package_identification:_identify(src/r2d2) by extension 'colcon_meta'
[2.571s] Level 1:colcon.colcon_core.package_identification:_identify(src/r2d2) by extensions ['ros']
[2.571s] Level 1:colcon.colcon_core.package_identification:_identify(src/r2d2) by extension 'ros'
[2.586s] DEBUG:colcon.colcon_core.package_identification:Package 'src/r2d2' with type 'ros.ament_cmake' and name 'r2d2'
[2.587s] Level 1:colcon.colcon_core.package_identification:_identify(src/rplidar_ros) by extensions ['ignore', 'ignore_ament_install']
[2.588s] Level 1:colcon.colcon_core.package_identification:_identify(src/rplidar_ros) by extension 'ignore'
[2.588s] Level 1:colcon.colcon_core.package_identification:_identify(src/rplidar_ros) by extension 'ignore_ament_install'
[2.589s] Level 1:colcon.colcon_core.package_identification:_identify(src/rplidar_ros) by extensions ['colcon_pkg']
[2.589s] Level 1:colcon.colcon_core.package_identification:_identify(src/rplidar_ros) by extension 'colcon_pkg'
[2.589s] Level 1:colcon.colcon_core.package_identification:_identify(src/rplidar_ros) by extensions ['colcon_meta']
[2.589s] Level 1:colcon.colcon_core.package_identification:_identify(src/rplidar_ros) by extension 'colcon_meta'
[2.590s] Level 1:colcon.colcon_core.package_identification:_identify(src/rplidar_ros) by extensions ['ros']
[2.590s] Level 1:colcon.colcon_core.package_identification:_identify(src/rplidar_ros) by extension 'ros'
[2.594s] DEBUG:colcon.colcon_core.package_identification:Package 'src/rplidar_ros' with type 'ros.ament_cmake' and name 'rplidar_ros'
[2.595s] Level 1:colcon.colcon_core.package_discovery:discover_packages(recursive) using defaults
[2.596s] Level 1:colcon.colcon_core.package_discovery:discover_packages(ignore) discover
[2.596s] Level 1:colcon.colcon_core.package_discovery:discover_packages(ignore) using defaults
[2.596s] Level 1:colcon.colcon_core.package_discovery:discover_packages(path) discover
[2.597s] Level 1:colcon.colcon_core.package_discovery:discover_packages(path) using defaults
[2.757s] Level 1:colcon.colcon_core.package_discovery:discover_packages(prefix_path) check parameters
[2.758s] Level 1:colcon.colcon_core.package_discovery:discover_packages(prefix_path) discover
[2.776s] DEBUG:colcon.colcon_installed_package_information.package_discovery:Found 2 installed packages in /home/lidar/lidar/install
[2.789s] DEBUG:colcon.colcon_installed_package_information.package_discovery:Found 281 installed packages in /opt/ros/iron
[2.845s] Level 1:colcon.colcon_core.package_discovery:discover_packages(prefix_path) using defaults
[3.100s] Level 5:colcon.colcon_core.verb:set package 'r2d2' build argument 'cmake_args' from command line to 'None'
[3.101s] Level 5:colcon.colcon_core.verb:set package 'r2d2' build argument 'cmake_target' from command line to 'None'
[3.101s] Level 5:colcon.colcon_core.verb:set package 'r2d2' build argument 'cmake_target_skip_unavailable' from command line to 'False'
[3.101s] Level 5:colcon.colcon_core.verb:set package 'r2d2' build argument 'cmake_clean_cache' from command line to 'False'
[3.101s] Level 5:colcon.colcon_core.verb:set package 'r2d2' build argument 'cmake_clean_first' from command line to 'False'
[3.101s] Level 5:colcon.colcon_core.verb:set package 'r2d2' build argument 'cmake_force_configure' from command line to 'False'
[3.101s] Level 5:colcon.colcon_core.verb:set package 'r2d2' build argument 'ament_cmake_args' from command line to 'None'
[3.101s] Level 5:colcon.colcon_core.verb:set package 'r2d2' build argument 'catkin_cmake_args' from command line to 'None'
[3.102s] Level 5:colcon.colcon_core.verb:set package 'r2d2' build argument 'catkin_skip_building_tests' from command line to 'False'
[3.102s] DEBUG:colcon.colcon_core.verb:Building package 'r2d2' with the following arguments: {'ament_cmake_args': None, 'build_base': '/home/lidar/lidar/build/r2d2', 'catkin_cmake_args': None, 'catkin_skip_building_tests': False, 'cmake_args': None, 'cmake_clean_cache': False, 'cmake_clean_first': False, 'cmake_force_configure': False, 'cmake_target': None, 'cmake_target_skip_unavailable': False, 'install_base': '/home/lidar/lidar/install/r2d2', 'merge_install': False, 'path': '/home/lidar/lidar/src/r2d2', 'symlink_install': False, 'test_result_base': None}
[3.103s] Level 5:colcon.colcon_core.verb:set package 'rplidar_ros' build argument 'cmake_args' from command line to 'None'
[3.104s] Level 5:colcon.colcon_core.verb:set package 'rplidar_ros' build argument 'cmake_target' from command line to 'None'
[3.104s] Level 5:colcon.colcon_core.verb:set package 'rplidar_ros' build argument 'cmake_target_skip_unavailable' from command line to 'False'
[3.104s] Level 5:colcon.colcon_core.verb:set package 'rplidar_ros' build argument 'cmake_clean_cache' from command line to 'False'
[3.104s] Level 5:colcon.colcon_core.verb:set package 'rplidar_ros' build argument 'cmake_clean_first' from command line to 'False'
[3.104s] Level 5:colcon.colcon_core.verb:set package 'rplidar_ros' build argument 'cmake_force_configure' from command line to 'False'
[3.104s] Level 5:colcon.colcon_core.verb:set package 'rplidar_ros' build argument 'ament_cmake_args' from command line to 'None'
[3.104s] Level 5:colcon.colcon_core.verb:set package 'rplidar_ros' build argument 'catkin_cmake_args' from command line to 'None'
[3.105s] Level 5:colcon.colcon_core.verb:set package 'rplidar_ros' build argument 'catkin_skip_building_tests' from command line to 'False'
[3.105s] DEBUG:colcon.colcon_core.verb:Building package 'rplidar_ros' with the following arguments: {'ament_cmake_args': None, 'build_base': '/home/lidar/lidar/build/rplidar_ros', 'catkin_cmake_args': None, 'catkin_skip_building_tests': False, 'cmake_args': None, 'cmake_clean_cache': False, 'cmake_clean_first': False, 'cmake_force_configure': False, 'cmake_target': None, 'cmake_target_skip_unavailable': False, 'install_base': '/home/lidar/lidar/install/rplidar_ros', 'merge_install': False, 'path': '/home/lidar/lidar/src/rplidar_ros', 'symlink_install': False, 'test_result_base': None}
[3.105s] INFO:colcon.colcon_core.executor:Executing jobs using 'parallel' executor
[3.109s] DEBUG:colcon.colcon_parallel_executor.executor.parallel:run_until_complete
[3.111s] INFO:colcon.colcon_ros.task.ament_cmake.build:Building ROS package in '/home/lidar/lidar/src/r2d2' with build type 'ament_cmake'
[3.112s] INFO:colcon.colcon_cmake.task.cmake.build:Building CMake package in '/home/lidar/lidar/src/r2d2'
[3.138s] INFO:colcon.colcon_core.plugin_system:Skipping extension 'colcon_core.shell.bat': Not used on non-Windows systems
[3.139s] INFO:colcon.colcon_core.shell:Skip shell extension 'powershell' for command environment: Not usable outside of PowerShell
[3.139s] DEBUG:colcon.colcon_core.shell:Skip shell extension 'dsv' for command environment
[3.168s] INFO:colcon.colcon_ros.task.ament_cmake.build:Building ROS package in '/home/lidar/lidar/src/rplidar_ros' with build type 'ament_cmake'
[3.169s] INFO:colcon.colcon_cmake.task.cmake.build:Building CMake package in '/home/lidar/lidar/src/rplidar_ros'
[3.170s] INFO:colcon.colcon_core.shell:Skip shell extension 'powershell' for command environment: Not usable outside of PowerShell
[3.172s] DEBUG:colcon.colcon_core.shell:Skip shell extension 'dsv' for command environment
[3.223s] DEBUG:colcon.colcon_core.event_handler.log_command:Invoking command in '/home/lidar/lidar/build/r2d2': CMAKE_PREFIX_PATH=${CMAKE_PREFIX_PATH}:/opt/ros/iron /usr/bin/cmake --build /home/lidar/lidar/build/r2d2 -- -j4 -l4
[3.271s] DEBUG:colcon.colcon_core.event_handler.log_command:Invoking command in '/home/lidar/lidar/build/rplidar_ros': CMAKE_PREFIX_PATH=${CMAKE_PREFIX_PATH}:/opt/ros/iron /usr/bin/cmake --build /home/lidar/lidar/build/rplidar_ros -- -j4 -l4
[4.191s] DEBUG:colcon.colcon_core.event_handler.log_command:Invoked command in '/home/lidar/lidar/build/rplidar_ros' returned '0': CMAKE_PREFIX_PATH=${CMAKE_PREFIX_PATH}:/opt/ros/iron /usr/bin/cmake --build /home/lidar/lidar/build/rplidar_ros -- -j4 -l4
[4.734s] DEBUG:colcon.colcon_core.event_handler.log_command:Invoking command in '/home/lidar/lidar/build/rplidar_ros': CMAKE_PREFIX_PATH=${CMAKE_PREFIX_PATH}:/opt/ros/iron /usr/bin/cmake --install /home/lidar/lidar/build/rplidar_ros
[4.831s] Level 1:colcon.colcon_core.environment:create_environment_scripts_only(rplidar_ros)
[4.833s] DEBUG:colcon.colcon_core.event_handler.log_command:Invoked command in '/home/lidar/lidar/build/rplidar_ros' returned '0': CMAKE_PREFIX_PATH=${CMAKE_PREFIX_PATH}:/opt/ros/iron /usr/bin/cmake --install /home/lidar/lidar/build/rplidar_ros
[4.869s] Level 1:colcon.colcon_core.environment:checking '/home/lidar/lidar/install/rplidar_ros' for CMake module files
[4.873s] Level 1:colcon.colcon_core.environment:checking '/home/lidar/lidar/install/rplidar_ros' for CMake config files
[4.875s] Level 1:colcon.colcon_core.shell:create_environment_hook('rplidar_ros', 'cmake_prefix_path')
[4.877s] INFO:colcon.colcon_core.shell:Creating environment hook '/home/lidar/lidar/install/rplidar_ros/share/rplidar_ros/hook/cmake_prefix_path.ps1'
[4.883s] INFO:colcon.colcon_core.shell:Creating environment descriptor '/home/lidar/lidar/install/rplidar_ros/share/rplidar_ros/hook/cmake_prefix_path.dsv'
[4.887s] INFO:colcon.colcon_core.shell:Creating environment hook '/home/lidar/lidar/install/rplidar_ros/share/rplidar_ros/hook/cmake_prefix_path.sh'
[4.892s] Level 1:colcon.colcon_core.environment:checking '/home/lidar/lidar/install/rplidar_ros/lib'
[4.893s] Level 1:colcon.colcon_core.environment:checking '/home/lidar/lidar/install/rplidar_ros/bin'
[4.894s] Level 1:colcon.colcon_core.environment:checking '/home/lidar/lidar/install/rplidar_ros/lib/pkgconfig/rplidar_ros.pc'
[4.895s] Level 1:colcon.colcon_core.environment:checking '/home/lidar/lidar/install/rplidar_ros/lib/python3.10/site-packages'
[4.897s] Level 1:colcon.colcon_core.environment:checking '/home/lidar/lidar/install/rplidar_ros/bin'
[4.899s] INFO:colcon.colcon_core.shell:Creating package script '/home/lidar/lidar/install/rplidar_ros/share/rplidar_ros/package.ps1'
[4.904s] INFO:colcon.colcon_core.shell:Creating package descriptor '/home/lidar/lidar/install/rplidar_ros/share/rplidar_ros/package.dsv'
[4.908s] INFO:colcon.colcon_core.shell:Creating package script '/home/lidar/lidar/install/rplidar_ros/share/rplidar_ros/package.sh'
[4.915s] INFO:colcon.colcon_core.shell:Creating package script '/home/lidar/lidar/install/rplidar_ros/share/rplidar_ros/package.bash'
[4.921s] INFO:colcon.colcon_core.shell:Creating package script '/home/lidar/lidar/install/rplidar_ros/share/rplidar_ros/package.zsh'
[4.927s] Level 1:colcon.colcon_core.environment:create_file_with_runtime_dependencies(/home/lidar/lidar/install/rplidar_ros/share/colcon-core/packages/rplidar_ros)
[5.412s] Level 1:colcon.colcon_core.environment:create_environment_scripts_only(rplidar_ros)
[5.413s] Level 1:colcon.colcon_core.environment:checking '/home/lidar/lidar/install/rplidar_ros' for CMake module files
[5.417s] Level 1:colcon.colcon_core.environment:checking '/home/lidar/lidar/install/rplidar_ros' for CMake config files
[5.420s] Level 1:colcon.colcon_core.shell:create_environment_hook('rplidar_ros', 'cmake_prefix_path')
[5.421s] INFO:colcon.colcon_core.shell:Creating environment hook '/home/lidar/lidar/install/rplidar_ros/share/rplidar_ros/hook/cmake_prefix_path.ps1'
[5.423s] INFO:colcon.colcon_core.shell:Creating environment descriptor '/home/lidar/lidar/install/rplidar_ros/share/rplidar_ros/hook/cmake_prefix_path.dsv'
[5.425s] INFO:colcon.colcon_core.shell:Creating environment hook '/home/lidar/lidar/install/rplidar_ros/share/rplidar_ros/hook/cmake_prefix_path.sh'
[5.430s] Level 1:colcon.colcon_core.environment:checking '/home/lidar/lidar/install/rplidar_ros/lib'
[5.431s] Level 1:colcon.colcon_core.environment:checking '/home/lidar/lidar/install/rplidar_ros/bin'
[5.432s] Level 1:colcon.colcon_core.environment:checking '/home/lidar/lidar/install/rplidar_ros/lib/pkgconfig/rplidar_ros.pc'
[5.433s] Level 1:colcon.colcon_core.environment:checking '/home/lidar/lidar/install/rplidar_ros/lib/python3.10/site-packages'
[5.435s] Level 1:colcon.colcon_core.environment:checking '/home/lidar/lidar/install/rplidar_ros/bin'
[5.437s] INFO:colcon.colcon_core.shell:Creating package script '/home/lidar/lidar/install/rplidar_ros/share/rplidar_ros/package.ps1'
[5.439s] INFO:colcon.colcon_core.shell:Creating package descriptor '/home/lidar/lidar/install/rplidar_ros/share/rplidar_ros/package.dsv'
[5.443s] INFO:colcon.colcon_core.shell:Creating package script '/home/lidar/lidar/install/rplidar_ros/share/rplidar_ros/package.sh'
[5.446s] INFO:colcon.colcon_core.shell:Creating package script '/home/lidar/lidar/install/rplidar_ros/share/rplidar_ros/package.bash'
[5.449s] INFO:colcon.colcon_core.shell:Creating package script '/home/lidar/lidar/install/rplidar_ros/share/rplidar_ros/package.zsh'
[5.451s] Level 1:colcon.colcon_core.environment:create_file_with_runtime_dependencies(/home/lidar/lidar/install/rplidar_ros/share/colcon-core/packages/rplidar_ros)
[5.904s] DEBUG:colcon.colcon_core.event_handler.log_command:Invoked command in '/home/lidar/lidar/build/r2d2' returned '0': CMAKE_PREFIX_PATH=${CMAKE_PREFIX_PATH}:/opt/ros/iron /usr/bin/cmake --build /home/lidar/lidar/build/r2d2 -- -j4 -l4
[6.060s] DEBUG:colcon.colcon_core.event_handler.log_command:Invoking command in '/home/lidar/lidar/build/r2d2': CMAKE_PREFIX_PATH=${CMAKE_PREFIX_PATH}:/opt/ros/iron /usr/bin/cmake --install /home/lidar/lidar/build/r2d2
[6.448s] Level 1:colcon.colcon_core.environment:create_environment_scripts_only(r2d2)
[6.449s] Level 1:colcon.colcon_core.environment:checking '/home/lidar/lidar/install/r2d2' for CMake module files
[6.451s] DEBUG:colcon.colcon_core.event_handler.log_command:Invoked command in '/home/lidar/lidar/build/r2d2' returned '0': CMAKE_PREFIX_PATH=${CMAKE_PREFIX_PATH}:/opt/ros/iron /usr/bin/cmake --install /home/lidar/lidar/build/r2d2
[6.455s] Level 1:colcon.colcon_core.environment:checking '/home/lidar/lidar/install/r2d2' for CMake config files
[6.464s] Level 1:colcon.colcon_core.shell:create_environment_hook('r2d2', 'cmake_prefix_path')
[6.466s] INFO:colcon.colcon_core.shell:Creating environment hook '/home/lidar/lidar/install/r2d2/share/r2d2/hook/cmake_prefix_path.ps1'
[6.468s] INFO:colcon.colcon_core.shell:Creating environment descriptor '/home/lidar/lidar/install/r2d2/share/r2d2/hook/cmake_prefix_path.dsv'
[6.471s] INFO:colcon.colcon_core.shell:Creating environment hook '/home/lidar/lidar/install/r2d2/share/r2d2/hook/cmake_prefix_path.sh'
[6.474s] Level 1:colcon.colcon_core.environment:checking '/home/lidar/lidar/install/r2d2/lib'
[6.475s] Level 1:colcon.colcon_core.environment:checking '/home/lidar/lidar/install/r2d2/bin'
[6.475s] Level 1:colcon.colcon_core.environment:checking '/home/lidar/lidar/install/r2d2/lib/pkgconfig/r2d2.pc'
[6.476s] Level 1:colcon.colcon_core.environment:checking '/home/lidar/lidar/install/r2d2/lib/python3.10/site-packages'
[6.477s] Level 1:colcon.colcon_core.shell:create_environment_hook('r2d2', 'pythonpath')
[6.478s] INFO:colcon.colcon_core.shell:Creating environment hook '/home/lidar/lidar/install/r2d2/share/r2d2/hook/pythonpath.ps1'
[6.481s] INFO:colcon.colcon_core.shell:Creating environment descriptor '/home/lidar/lidar/install/r2d2/share/r2d2/hook/pythonpath.dsv'
[6.483s] INFO:colcon.colcon_core.shell:Creating environment hook '/home/lidar/lidar/install/r2d2/share/r2d2/hook/pythonpath.sh'
[6.486s] Level 1:colcon.colcon_core.environment:checking '/home/lidar/lidar/install/r2d2/bin'
[6.488s] INFO:colcon.colcon_core.shell:Creating package script '/home/lidar/lidar/install/r2d2/share/r2d2/package.ps1'
[6.491s] INFO:colcon.colcon_core.shell:Creating package descriptor '/home/lidar/lidar/install/r2d2/share/r2d2/package.dsv'
[6.493s] INFO:colcon.colcon_core.shell:Creating package script '/home/lidar/lidar/install/r2d2/share/r2d2/package.sh'
[6.496s] INFO:colcon.colcon_core.shell:Creating package script '/home/lidar/lidar/install/r2d2/share/r2d2/package.bash'
[6.499s] INFO:colcon.colcon_core.shell:Creating package script '/home/lidar/lidar/install/r2d2/share/r2d2/package.zsh'
[6.501s] Level 1:colcon.colcon_core.environment:create_file_with_runtime_dependencies(/home/lidar/lidar/install/r2d2/share/colcon-core/packages/r2d2)
[6.639s] Level 1:colcon.colcon_core.environment:create_environment_scripts_only(r2d2)
[6.640s] Level 1:colcon.colcon_core.environment:checking '/home/lidar/lidar/install/r2d2' for CMake module files
[6.644s] Level 1:colcon.colcon_core.environment:checking '/home/lidar/lidar/install/r2d2' for CMake config files
[6.653s] Level 1:colcon.colcon_core.shell:create_environment_hook('r2d2', 'cmake_prefix_path')
[6.654s] INFO:colcon.colcon_core.shell:Creating environment hook '/home/lidar/lidar/install/r2d2/share/r2d2/hook/cmake_prefix_path.ps1'
[6.657s] INFO:colcon.colcon_core.shell:Creating environment descriptor '/home/lidar/lidar/install/r2d2/share/r2d2/hook/cmake_prefix_path.dsv'
[6.659s] INFO:colcon.colcon_core.shell:Creating environment hook '/home/lidar/lidar/install/r2d2/share/r2d2/hook/cmake_prefix_path.sh'
[6.662s] Level 1:colcon.colcon_core.environment:checking '/home/lidar/lidar/install/r2d2/lib'
[6.663s] Level 1:colcon.colcon_core.environment:checking '/home/lidar/lidar/install/r2d2/bin'
[6.663s] Level 1:colcon.colcon_core.environment:checking '/home/lidar/lidar/install/r2d2/lib/pkgconfig/r2d2.pc'
[6.664s] Level 1:colcon.colcon_core.environment:checking '/home/lidar/lidar/install/r2d2/lib/python3.10/site-packages'
[6.665s] Level 1:colcon.colcon_core.shell:create_environment_hook('r2d2', 'pythonpath')
[6.666s] INFO:colcon.colcon_core.shell:Creating environment hook '/home/lidar/lidar/install/r2d2/share/r2d2/hook/pythonpath.ps1'
[6.669s] INFO:colcon.colcon_core.shell:Creating environment descriptor '/home/lidar/lidar/install/r2d2/share/r2d2/hook/pythonpath.dsv'
[6.671s] INFO:colcon.colcon_core.shell:Creating environment hook '/home/lidar/lidar/install/r2d2/share/r2d2/hook/pythonpath.sh'
[6.675s] Level 1:colcon.colcon_core.environment:checking '/home/lidar/lidar/install/r2d2/bin'
[6.676s] INFO:colcon.colcon_core.shell:Creating package script '/home/lidar/lidar/install/r2d2/share/r2d2/package.ps1'
[6.679s] INFO:colcon.colcon_core.shell:Creating package descriptor '/home/lidar/lidar/install/r2d2/share/r2d2/package.dsv'
[6.683s] INFO:colcon.colcon_core.shell:Creating package script '/home/lidar/lidar/install/r2d2/share/r2d2/package.sh'
[6.686s] INFO:colcon.colcon_core.shell:Creating package script '/home/lidar/lidar/install/r2d2/share/r2d2/package.bash'
[6.688s] INFO:colcon.colcon_core.shell:Creating package script '/home/lidar/lidar/install/r2d2/share/r2d2/package.zsh'
[6.690s] Level 1:colcon.colcon_core.environment:create_file_with_runtime_dependencies(/home/lidar/lidar/install/r2d2/share/colcon-core/packages/r2d2)
[6.692s] DEBUG:colcon.colcon_parallel_executor.executor.parallel:closing loop
[6.694s] DEBUG:colcon.colcon_parallel_executor.executor.parallel:loop closed
[6.694s] DEBUG:colcon.colcon_parallel_executor.executor.parallel:run_until_complete finished with '0'
[6.696s] DEBUG:colcon.colcon_core.event_reactor:joining thread
[6.732s] INFO:colcon.colcon_core.plugin_system:Skipping extension 'colcon_notification.desktop_notification.terminal_notifier': Not used on non-Darwin systems
[6.733s] INFO:colcon.colcon_core.plugin_system:Skipping extension 'colcon_notification.desktop_notification.win32': Not used on non-Windows systems
[6.733s] INFO:colcon.colcon_notification.desktop_notification:Sending desktop notification using 'notify2'
[6.813s] DEBUG:colcon.colcon_core.event_reactor:joined thread
[6.815s] INFO:colcon.colcon_core.shell:Creating prefix script '/home/lidar/lidar/install/local_setup.ps1'
[6.821s] INFO:colcon.colcon_core.shell:Creating prefix util module '/home/lidar/lidar/install/_local_setup_util_ps1.py'
[6.830s] INFO:colcon.colcon_core.shell:Creating prefix chain script '/home/lidar/lidar/install/setup.ps1'
[6.838s] INFO:colcon.colcon_core.shell:Creating prefix script '/home/lidar/lidar/install/local_setup.sh'
[6.842s] INFO:colcon.colcon_core.shell:Creating prefix util module '/home/lidar/lidar/install/_local_setup_util_sh.py'
[6.845s] INFO:colcon.colcon_core.shell:Creating prefix chain script '/home/lidar/lidar/install/setup.sh'
[6.852s] INFO:colcon.colcon_core.shell:Creating prefix script '/home/lidar/lidar/install/local_setup.bash'
[6.858s] INFO:colcon.colcon_core.shell:Creating prefix chain script '/home/lidar/lidar/install/setup.bash'
[6.865s] INFO:colcon.colcon_core.shell:Creating prefix script '/home/lidar/lidar/install/local_setup.zsh'
[6.870s] INFO:colcon.colcon_core.shell:Creating prefix chain script '/home/lidar/lidar/install/setup.zsh'
