[0.101s] Invoking command in '/home/lidar/lidar/build/rplidar_ros': CMAKE_PREFIX_PATH=${CMAKE_PREFIX_PATH}:/opt/ros/iron /usr/bin/cmake --build /home/lidar/lidar/build/rplidar_ros -- -j4 -l4
[0.907s] [  5%] Built target rplidar_client
[0.940s] [ 52%] Built target rplidar_composition
[0.960s] [100%] Built target rplidar_node
[1.022s] Invoked command in '/home/lidar/lidar/build/rplidar_ros' returned '0': CMAKE_PREFIX_PATH=${CMAKE_PREFIX_PATH}:/opt/ros/iron /usr/bin/cmake --build /home/lidar/lidar/build/rplidar_ros -- -j4 -l4
[1.565s] Invoking command in '/home/lidar/lidar/build/rplidar_ros': CMAKE_PREFIX_PATH=${CMAKE_PREFIX_PATH}:/opt/ros/iron /usr/bin/cmake --install /home/lidar/lidar/build/rplidar_ros
[1.600s] -- Install configuration: ""
[1.602s] -- Up-to-date: /home/lidar/lidar/install/rplidar_ros/share/rplidar_ros/launch
[1.605s] -- Up-to-date: /home/lidar/lidar/install/rplidar_ros/share/rplidar_ros/launch/rplidar_s2_launch.py
[1.607s] -- Up-to-date: /home/lidar/lidar/install/rplidar_ros/share/rplidar_ros/launch/view_rplidar_c1_launch.py
[1.610s] -- Up-to-date: /home/lidar/lidar/install/rplidar_ros/share/rplidar_ros/launch/rplidar_c1_launch.py
[1.612s] -- Up-to-date: /home/lidar/lidar/install/rplidar_ros/share/rplidar_ros/launch/rplidar_s1_launch.py
[1.615s] -- Up-to-date: /home/lidar/lidar/install/rplidar_ros/share/rplidar_ros/launch/rplidar_a3_launch.py
[1.615s] -- Up-to-date: /home/lidar/lidar/install/rplidar_ros/share/rplidar_ros/launch/rplidar_s1_tcp_launch.py
[1.616s] -- Up-to-date: /home/lidar/lidar/install/rplidar_ros/share/rplidar_ros/launch/rplidar_t1_launch.py
[1.617s] -- Up-to-date: /home/lidar/lidar/install/rplidar_ros/share/rplidar_ros/launch/rplidar_a2m7_launch.py
[1.617s] -- Up-to-date: /home/lidar/lidar/install/rplidar_ros/share/rplidar_ros/launch/view_rplidar_t1_launch.py
[1.618s] -- Up-to-date: /home/lidar/lidar/install/rplidar_ros/share/rplidar_ros/launch/view_rplidar_a2m12_launch.py
[1.618s] -- Up-to-date: /home/lidar/lidar/install/rplidar_ros/share/rplidar_ros/launch/view_rplidar_a2m7_launch.py
[1.619s] -- Up-to-date: /home/lidar/lidar/install/rplidar_ros/share/rplidar_ros/launch/rplidar_s3_launch.py
[1.620s] -- Up-to-date: /home/lidar/lidar/install/rplidar_ros/share/rplidar_ros/launch/view_rplidar_a2m8_launch.py
[1.620s] -- Up-to-date: /home/lidar/lidar/install/rplidar_ros/share/rplidar_ros/launch/view_rplidar_a1_launchled.py
[1.621s] -- Up-to-date: /home/lidar/lidar/install/rplidar_ros/share/rplidar_ros/launch/rplidar_a1_launchleft.py
[1.621s] -- Up-to-date: /home/lidar/lidar/install/rplidar_ros/share/rplidar_ros/launch/view_rplidar_s2e_launch.py
[1.622s] -- Up-to-date: /home/lidar/lidar/install/rplidar_ros/share/rplidar_ros/launch/view_rplidar_s1_tcp_launch.py
[1.622s] -- Up-to-date: /home/lidar/lidar/install/rplidar_ros/share/rplidar_ros/launch/rplidar_a1_launchright.py
[1.623s] -- Up-to-date: /home/lidar/lidar/install/rplidar_ros/share/rplidar_ros/launch/view_rplidar_a1_launch.py
[1.624s] -- Up-to-date: /home/lidar/lidar/install/rplidar_ros/share/rplidar_ros/launch/view_rplidar_s3_launch.py
[1.625s] -- Up-to-date: /home/lidar/lidar/install/rplidar_ros/share/rplidar_ros/launch/view_rplidar_a3_launch.py
[1.626s] -- Up-to-date: /home/lidar/lidar/install/rplidar_ros/share/rplidar_ros/launch/rplidar_a2m8_launch.py
[1.626s] -- Up-to-date: /home/lidar/lidar/install/rplidar_ros/share/rplidar_ros/launch/view_rplidar_s2_launch.py
[1.627s] -- Up-to-date: /home/lidar/lidar/install/rplidar_ros/share/rplidar_ros/launch/view_rplidar_s1_launch.py
[1.628s] -- Up-to-date: /home/lidar/lidar/install/rplidar_ros/share/rplidar_ros/launch/rplidar_a2m12_launch.py
[1.628s] -- Up-to-date: /home/lidar/lidar/install/rplidar_ros/share/rplidar_ros/launch/rplidar_s2e_launch.py
[1.630s] -- Up-to-date: /home/lidar/lidar/install/rplidar_ros/share/rplidar_ros/rviz
[1.631s] -- Up-to-date: /home/lidar/lidar/install/rplidar_ros/share/rplidar_ros/rviz/rplidar_ros.rviz
[1.631s] -- Up-to-date: /home/lidar/lidar/install/rplidar_ros/lib/rplidar_ros/rplidar_node
[1.632s] -- Up-to-date: /home/lidar/lidar/install/rplidar_ros/lib/rplidar_ros/rplidar_composition
[1.633s] -- Up-to-date: /home/lidar/lidar/install/rplidar_ros/lib/rplidar_ros/rplidar_client
[1.634s] -- Up-to-date: /home/lidar/lidar/install/rplidar_ros/share/ament_index/resource_index/package_run_dependencies/rplidar_ros
[1.635s] -- Up-to-date: /home/lidar/lidar/install/rplidar_ros/share/ament_index/resource_index/parent_prefix_path/rplidar_ros
[1.636s] -- Up-to-date: /home/lidar/lidar/install/rplidar_ros/share/rplidar_ros/environment/ament_prefix_path.sh
[1.636s] -- Up-to-date: /home/lidar/lidar/install/rplidar_ros/share/rplidar_ros/environment/ament_prefix_path.dsv
[1.637s] -- Up-to-date: /home/lidar/lidar/install/rplidar_ros/share/rplidar_ros/environment/path.sh
[1.638s] -- Up-to-date: /home/lidar/lidar/install/rplidar_ros/share/rplidar_ros/environment/path.dsv
[1.639s] -- Up-to-date: /home/lidar/lidar/install/rplidar_ros/share/rplidar_ros/local_setup.bash
[1.640s] -- Up-to-date: /home/lidar/lidar/install/rplidar_ros/share/rplidar_ros/local_setup.sh
[1.641s] -- Up-to-date: /home/lidar/lidar/install/rplidar_ros/share/rplidar_ros/local_setup.zsh
[1.641s] -- Up-to-date: /home/lidar/lidar/install/rplidar_ros/share/rplidar_ros/local_setup.dsv
[1.642s] -- Installing: /home/lidar/lidar/install/rplidar_ros/share/rplidar_ros/package.dsv
[1.647s] -- Up-to-date: /home/lidar/lidar/install/rplidar_ros/share/ament_index/resource_index/packages/rplidar_ros
[1.648s] -- Up-to-date: /home/lidar/lidar/install/rplidar_ros/share/rplidar_ros/cmake/ament_cmake_export_dependencies-extras.cmake
[1.649s] -- Up-to-date: /home/lidar/lidar/install/rplidar_ros/share/rplidar_ros/cmake/ament_cmake_export_include_directories-extras.cmake
[1.649s] -- Up-to-date: /home/lidar/lidar/install/rplidar_ros/share/rplidar_ros/cmake/rplidar_rosConfig.cmake
[1.650s] -- Up-to-date: /home/lidar/lidar/install/rplidar_ros/share/rplidar_ros/cmake/rplidar_rosConfig-version.cmake
[1.651s] -- Up-to-date: /home/lidar/lidar/install/rplidar_ros/share/rplidar_ros/package.xml
[1.664s] Invoked command in '/home/lidar/lidar/build/rplidar_ros' returned '0': CMAKE_PREFIX_PATH=${CMAKE_PREFIX_PATH}:/opt/ros/iron /usr/bin/cmake --install /home/lidar/lidar/build/rplidar_ros
